[ 2017-04-30T13:28:51+08:00 ] 127.0.0.1 /harmoniouscity/index.php/Home/info/index.html
INFO: [ app_init ] --START--
INFO: Run Behavior\BuildLiteBehavior [ RunTime:0.000025s ]
INFO: [ app_init ] --END-- [ RunTime:0.007919s ]
INFO: [ app_begin ] --START--
INFO: Run Behavior\ReadHtmlCacheBehavior [ RunTime:0.004452s ]
INFO: [ app_begin ] --END-- [ RunTime:0.004553s ]
SQL: SHOW COLUMNS FROM `hl_firstindex` [ RunTime:0.0091s ]
SQL: SELECT * FROM `hl_firstindex`  [ RunTime:0.0074s ]
INFO: [ view_parse ] --START--
NOTIC: [2] file_get_contents(./Application/Home/View/footer.html): failed to open stream: No such file or directory /Users/hejiaxing/work/harmoniouscity/ThinkPHP/Library/Think/Template.class.php 第 696 行.
INFO: [ template_filter ] --START--
INFO: Run Behavior\ContentReplaceBehavior [ RunTime:0.002137s ]
INFO: [ template_filter ] --END-- [ RunTime:0.002728s ]
INFO: Run Behavior\ParseTemplateBehavior [ RunTime:0.076037s ]
INFO: [ view_parse ] --END-- [ RunTime:0.076134s ]
INFO: [ view_filter ] --START--
INFO: Run Behavior\WriteHtmlCacheBehavior [ RunTime:0.002427s ]
INFO: [ view_filter ] --END-- [ RunTime:0.002473s ]
INFO: [ app_end ] --START--
INFO: Run Behavior\ShowPageTraceBehavior [ RunTime:0.004565s ]
INFO: [ app_end ] --END-- [ RunTime:0.004643s ]

[ 2017-04-30T19:48:07+08:00 ] 127.0.0.1 /harmoniouscity/index.php/Home/info/index.html
INFO: [ app_init ] --START--
INFO: Run Behavior\BuildLiteBehavior [ RunTime:0.000036s ]
INFO: [ app_init ] --END-- [ RunTime:0.004286s ]
INFO: [ app_begin ] --START--
INFO: Run Behavior\ReadHtmlCacheBehavior [ RunTime:0.008253s ]
INFO: [ app_begin ] --END-- [ RunTime:0.008350s ]
SQL: SHOW COLUMNS FROM `hl_firstindex` [ RunTime:0.0141s ]
SQL: SELECT * FROM `hl_firstindex`  [ RunTime:0.0003s ]
SQL: SHOW COLUMNS FROM `hl_city` [ RunTime:0.0034s ]
SQL: SELECT * FROM `hl_city`  [ RunTime:0.0002s ]
INFO: [ view_parse ] --START--
NOTIC: [2] file_get_contents(./Application/Home/View/footer.html): failed to open stream: No such file or directory /Users/hejiaxing/work/harmoniouscity/ThinkPHP/Library/Think/Template.class.php 第 696 行.
INFO: [ template_filter ] --START--
INFO: Run Behavior\ContentReplaceBehavior [ RunTime:0.000055s ]
INFO: [ template_filter ] --END-- [ RunTime:0.002616s ]
INFO: Run Behavior\ParseTemplateBehavior [ RunTime:0.081924s ]
INFO: [ view_parse ] --END-- [ RunTime:0.082013s ]
INFO: [ view_filter ] --START--
INFO: Run Behavior\WriteHtmlCacheBehavior [ RunTime:0.003053s ]
INFO: [ view_filter ] --END-- [ RunTime:0.003136s ]
INFO: [ app_end ] --START--
INFO: Run Behavior\ShowPageTraceBehavior [ RunTime:0.007666s ]
INFO: [ app_end ] --END-- [ RunTime:0.011554s ]

[ 2017-04-30T19:49:54+08:00 ] 127.0.0.1 /harmoniouscity/index.php/Home/info/index.html
INFO: [ app_init ] --START--
INFO: Run Behavior\BuildLiteBehavior [ RunTime:0.000032s ]
INFO: [ app_init ] --END-- [ RunTime:0.000924s ]
INFO: [ app_begin ] --START--
INFO: Run Behavior\ReadHtmlCacheBehavior [ RunTime:0.001245s ]
INFO: [ app_begin ] --END-- [ RunTime:0.001383s ]
SQL: SHOW COLUMNS FROM `hl_firstindex` [ RunTime:0.0072s ]
SQL: SELECT * FROM `hl_firstindex`  [ RunTime:0.0007s ]
SQL: SHOW COLUMNS FROM `hl_city` [ RunTime:0.0020s ]
SQL: SELECT * FROM `hl_city`  [ RunTime:0.0004s ]
INFO: [ view_parse ] --START--
NOTIC: [2] file_get_contents(./Application/Home/View/footer.html): failed to open stream: No such file or directory /Users/hejiaxing/work/harmoniouscity/ThinkPHP/Library/Think/Template.class.php 第 696 行.
INFO: [ template_filter ] --START--
INFO: Run Behavior\ContentReplaceBehavior [ RunTime:0.000109s ]
INFO: [ template_filter ] --END-- [ RunTime:0.000207s ]
INFO: Run Behavior\ParseTemplateBehavior [ RunTime:0.027908s ]
INFO: [ view_parse ] --END-- [ RunTime:0.028092s ]
INFO: [ view_filter ] --START--
INFO: Run Behavior\WriteHtmlCacheBehavior [ RunTime:0.000410s ]
INFO: [ view_filter ] --END-- [ RunTime:0.000471s ]
INFO: [ app_end ] --START--
INFO: Run Behavior\ShowPageTraceBehavior [ RunTime:0.000945s ]
INFO: [ app_end ] --END-- [ RunTime:0.001054s ]

[ 2017-04-30T19:57:35+08:00 ] 127.0.0.1 /harmoniouscity/index.php/Home/info/index.html
INFO: [ app_init ] --START--
INFO: Run Behavior\BuildLiteBehavior [ RunTime:0.000015s ]
INFO: [ app_init ] --END-- [ RunTime:0.000346s ]
INFO: [ app_begin ] --START--
INFO: Run Behavior\ReadHtmlCacheBehavior [ RunTime:0.000425s ]
INFO: [ app_begin ] --END-- [ RunTime:0.000605s ]
SQL: SHOW COLUMNS FROM `hl_firstindex` [ RunTime:0.0049s ]
SQL: SELECT * FROM `hl_firstindex`  [ RunTime:0.0045s ]
SQL: SHOW COLUMNS FROM `hl_city` [ RunTime:0.0040s ]
SQL: SELECT * FROM `hl_city`  [ RunTime:0.0004s ]
INFO: [ view_parse ] --START--
NOTIC: [2] file_get_contents(./Application/Home/View/footer.html): failed to open stream: No such file or directory /Users/hejiaxing/work/harmoniouscity/ThinkPHP/Library/Think/Template.class.php 第 696 行.
INFO: [ template_filter ] --START--
INFO: Run Behavior\ContentReplaceBehavior [ RunTime:0.000048s ]
INFO: [ template_filter ] --END-- [ RunTime:0.000099s ]
INFO: Run Behavior\ParseTemplateBehavior [ RunTime:0.031755s ]
INFO: [ view_parse ] --END-- [ RunTime:0.031870s ]
INFO: [ view_filter ] --START--
INFO: Run Behavior\WriteHtmlCacheBehavior [ RunTime:0.000301s ]
INFO: [ view_filter ] --END-- [ RunTime:0.003517s ]
INFO: [ app_end ] --START--
INFO: Run Behavior\ShowPageTraceBehavior [ RunTime:0.007881s ]
INFO: [ app_end ] --END-- [ RunTime:0.008009s ]

[ 2017-04-30T19:57:40+08:00 ] 127.0.0.1 /harmoniouscity/index.php/Home/info/index.html
INFO: [ app_init ] --START--
INFO: Run Behavior\BuildLiteBehavior [ RunTime:0.000012s ]
INFO: [ app_init ] --END-- [ RunTime:0.000417s ]
INFO: [ app_begin ] --START--
INFO: Run Behavior\ReadHtmlCacheBehavior [ RunTime:0.000680s ]
INFO: [ app_begin ] --END-- [ RunTime:0.000748s ]
SQL: SHOW COLUMNS FROM `hl_firstindex` [ RunTime:0.0112s ]
SQL: SELECT * FROM `hl_firstindex`  [ RunTime:0.0006s ]
SQL: SHOW COLUMNS FROM `hl_city` [ RunTime:0.0051s ]
SQL: SELECT * FROM `hl_city`  [ RunTime:0.0002s ]
INFO: [ view_parse ] --START--
NOTIC: [2] file_get_contents(./Application/Home/View/footer.html): failed to open stream: No such file or directory /Users/hejiaxing/work/harmoniouscity/ThinkPHP/Library/Think/Template.class.php 第 696 行.
INFO: [ template_filter ] --START--
INFO: Run Behavior\ContentReplaceBehavior [ RunTime:0.000067s ]
INFO: [ template_filter ] --END-- [ RunTime:0.000156s ]
INFO: Run Behavior\ParseTemplateBehavior [ RunTime:0.007946s ]
INFO: [ view_parse ] --END-- [ RunTime:0.008111s ]
INFO: [ view_filter ] --START--
INFO: Run Behavior\WriteHtmlCacheBehavior [ RunTime:0.000350s ]
INFO: [ view_filter ] --END-- [ RunTime:0.000447s ]
INFO: [ app_end ] --START--
INFO: Run Behavior\ShowPageTraceBehavior [ RunTime:0.000515s ]
INFO: [ app_end ] --END-- [ RunTime:0.000601s ]

[ 2017-04-30T19:59:59+08:00 ] 127.0.0.1 /harmoniouscity/index.php/Home/info/index.html
INFO: [ app_init ] --START--
INFO: Run Behavior\BuildLiteBehavior [ RunTime:0.000029s ]
INFO: [ app_init ] --END-- [ RunTime:0.001068s ]
INFO: [ app_begin ] --START--
INFO: Run Behavior\ReadHtmlCacheBehavior [ RunTime:0.001067s ]
INFO: [ app_begin ] --END-- [ RunTime:0.001165s ]
SQL: SHOW COLUMNS FROM `hl_firstindex` [ RunTime:0.0047s ]
SQL: SELECT * FROM `hl_firstindex`  [ RunTime:0.0003s ]
SQL: SHOW COLUMNS FROM `hl_city` [ RunTime:0.0048s ]
SQL: SELECT * FROM `hl_city`  [ RunTime:0.0005s ]
INFO: [ view_parse ] --START--
NOTIC: [2] file_get_contents(./Application/Home/View/footer.html): failed to open stream: No such file or directory /Users/hejiaxing/work/harmoniouscity/ThinkPHP/Library/Think/Template.class.php 第 696 行.
INFO: [ template_filter ] --START--
INFO: Run Behavior\ContentReplaceBehavior [ RunTime:0.000065s ]
INFO: [ template_filter ] --END-- [ RunTime:0.000145s ]
INFO: Run Behavior\ParseTemplateBehavior [ RunTime:0.021098s ]
INFO: [ view_parse ] --END-- [ RunTime:0.021162s ]
INFO: [ view_filter ] --START--
INFO: Run Behavior\WriteHtmlCacheBehavior [ RunTime:0.000249s ]
INFO: [ view_filter ] --END-- [ RunTime:0.000314s ]
INFO: [ app_end ] --START--
INFO: Run Behavior\ShowPageTraceBehavior [ RunTime:0.000718s ]
INFO: [ app_end ] --END-- [ RunTime:0.000769s ]

[ 2017-04-30T20:00:43+08:00 ] 127.0.0.1 /harmoniouscity/index.php/Home/info/index.html
INFO: [ app_init ] --START--
INFO: Run Behavior\BuildLiteBehavior [ RunTime:0.000015s ]
INFO: [ app_init ] --END-- [ RunTime:0.000371s ]
INFO: [ app_begin ] --START--
INFO: Run Behavior\ReadHtmlCacheBehavior [ RunTime:0.000844s ]
INFO: [ app_begin ] --END-- [ RunTime:0.001020s ]
SQL: SHOW COLUMNS FROM `hl_firstindex` [ RunTime:0.0035s ]
SQL: SELECT * FROM `hl_firstindex`  [ RunTime:0.0003s ]
SQL: SHOW COLUMNS FROM `hl_city` [ RunTime:0.0048s ]
SQL: SELECT * FROM `hl_city`  [ RunTime:0.0002s ]
INFO: [ view_parse ] --START--
NOTIC: [2] file_get_contents(./Application/Home/View/footer.html): failed to open stream: No such file or directory /Users/hejiaxing/work/harmoniouscity/ThinkPHP/Library/Think/Template.class.php 第 696 行.
INFO: [ template_filter ] --START--
INFO: Run Behavior\ContentReplaceBehavior [ RunTime:0.000068s ]
INFO: [ template_filter ] --END-- [ RunTime:0.000128s ]
INFO: Run Behavior\ParseTemplateBehavior [ RunTime:0.015173s ]
INFO: [ view_parse ] --END-- [ RunTime:0.015228s ]
INFO: [ view_filter ] --START--
INFO: Run Behavior\WriteHtmlCacheBehavior [ RunTime:0.000123s ]
INFO: [ view_filter ] --END-- [ RunTime:0.000150s ]
INFO: [ app_end ] --START--
INFO: Run Behavior\ShowPageTraceBehavior [ RunTime:0.000341s ]
INFO: [ app_end ] --END-- [ RunTime:0.000371s ]

[ 2017-04-30T20:01:55+08:00 ] 127.0.0.1 /harmoniouscity/index.php/Home/info/index.html
INFO: [ app_init ] --START--
INFO: Run Behavior\BuildLiteBehavior [ RunTime:0.000024s ]
INFO: [ app_init ] --END-- [ RunTime:0.001137s ]
INFO: [ app_begin ] --START--
INFO: Run Behavior\ReadHtmlCacheBehavior [ RunTime:0.000760s ]
INFO: [ app_begin ] --END-- [ RunTime:0.000869s ]
SQL: SHOW COLUMNS FROM `hl_firstindex` [ RunTime:0.0031s ]
SQL: SELECT * FROM `hl_firstindex`  [ RunTime:0.0002s ]
SQL: SHOW COLUMNS FROM `hl_city` [ RunTime:0.0032s ]
SQL: SELECT * FROM `hl_city`  [ RunTime:0.0002s ]
INFO: [ view_parse ] --START--
NOTIC: [2] file_get_contents(./Application/Home/View/footer.html): failed to open stream: No such file or directory /Users/hejiaxing/work/harmoniouscity/ThinkPHP/Library/Think/Template.class.php 第 696 行.
INFO: [ template_filter ] --START--
INFO: Run Behavior\ContentReplaceBehavior [ RunTime:0.000085s ]
INFO: [ template_filter ] --END-- [ RunTime:0.000174s ]
INFO: Run Behavior\ParseTemplateBehavior [ RunTime:0.027400s ]
INFO: [ view_parse ] --END-- [ RunTime:0.027484s ]
INFO: [ view_filter ] --START--
INFO: Run Behavior\WriteHtmlCacheBehavior [ RunTime:0.000153s ]
INFO: [ view_filter ] --END-- [ RunTime:0.000186s ]
INFO: [ app_end ] --START--
INFO: Run Behavior\ShowPageTraceBehavior [ RunTime:0.000455s ]
INFO: [ app_end ] --END-- [ RunTime:0.000492s ]

[ 2017-04-30T20:01:57+08:00 ] 127.0.0.1 /harmoniouscity/index.php/Home/info/index.html
INFO: [ app_init ] --START--
INFO: Run Behavior\BuildLiteBehavior [ RunTime:0.000019s ]
INFO: [ app_init ] --END-- [ RunTime:0.000561s ]
INFO: [ app_begin ] --START--
INFO: Run Behavior\ReadHtmlCacheBehavior [ RunTime:0.000582s ]
INFO: [ app_begin ] --END-- [ RunTime:0.000667s ]
SQL: SHOW COLUMNS FROM `hl_firstindex` [ RunTime:0.0050s ]
SQL: SELECT * FROM `hl_firstindex`  [ RunTime:0.0032s ]
SQL: SHOW COLUMNS FROM `hl_city` [ RunTime:0.0068s ]
SQL: SELECT * FROM `hl_city`  [ RunTime:0.0033s ]
INFO: [ view_parse ] --START--
NOTIC: [2] file_get_contents(./Application/Home/View/footer.html): failed to open stream: No such file or directory /Users/hejiaxing/work/harmoniouscity/ThinkPHP/Library/Think/Template.class.php 第 696 行.
INFO: [ template_filter ] --START--
INFO: Run Behavior\ContentReplaceBehavior [ RunTime:0.000056s ]
INFO: [ template_filter ] --END-- [ RunTime:0.000129s ]
INFO: Run Behavior\ParseTemplateBehavior [ RunTime:0.015328s ]
INFO: [ view_parse ] --END-- [ RunTime:0.015397s ]
INFO: [ view_filter ] --START--
INFO: Run Behavior\WriteHtmlCacheBehavior [ RunTime:0.000231s ]
INFO: [ view_filter ] --END-- [ RunTime:0.000284s ]
INFO: [ app_end ] --START--
INFO: Run Behavior\ShowPageTraceBehavior [ RunTime:0.000577s ]
INFO: [ app_end ] --END-- [ RunTime:0.000637s ]

[ 2017-04-30T20:02:11+08:00 ] 127.0.0.1 /harmoniouscity/index.php/Home/info/index.html
INFO: [ app_init ] --START--
INFO: Run Behavior\BuildLiteBehavior [ RunTime:0.000021s ]
INFO: [ app_init ] --END-- [ RunTime:0.000726s ]
INFO: [ app_begin ] --START--
INFO: Run Behavior\ReadHtmlCacheBehavior [ RunTime:0.000603s ]
INFO: [ app_begin ] --END-- [ RunTime:0.000681s ]
SQL: SHOW COLUMNS FROM `hl_firstindex` [ RunTime:0.0317s ]
SQL: SELECT * FROM `hl_firstindex`  [ RunTime:0.0004s ]
SQL: SHOW COLUMNS FROM `hl_city` [ RunTime:0.0069s ]
SQL: SELECT * FROM `hl_city`  [ RunTime:0.0003s ]
INFO: [ view_parse ] --START--
NOTIC: [2] file_get_contents(./Application/Home/View/footer.html): failed to open stream: No such file or directory /Users/hejiaxing/work/harmoniouscity/ThinkPHP/Library/Think/Template.class.php 第 696 行.
INFO: [ template_filter ] --START--
INFO: Run Behavior\ContentReplaceBehavior [ RunTime:0.000069s ]
INFO: [ template_filter ] --END-- [ RunTime:0.000176s ]
INFO: Run Behavior\ParseTemplateBehavior [ RunTime:0.045629s ]
INFO: [ view_parse ] --END-- [ RunTime:0.045739s ]
INFO: [ view_filter ] --START--
INFO: Run Behavior\WriteHtmlCacheBehavior [ RunTime:0.000303s ]
INFO: [ view_filter ] --END-- [ RunTime:0.000421s ]
INFO: [ app_end ] --START--
INFO: Run Behavior\ShowPageTraceBehavior [ RunTime:0.003357s ]
INFO: [ app_end ] --END-- [ RunTime:0.003448s ]

[ 2017-04-30T20:02:12+08:00 ] 127.0.0.1 /harmoniouscity/index.php/Home/info/index.html
INFO: [ app_init ] --START--
INFO: Run Behavior\BuildLiteBehavior [ RunTime:0.000033s ]
INFO: [ app_init ] --END-- [ RunTime:0.000524s ]
INFO: [ app_begin ] --START--
INFO: Run Behavior\ReadHtmlCacheBehavior [ RunTime:0.000636s ]
INFO: [ app_begin ] --END-- [ RunTime:0.000815s ]
SQL: SHOW COLUMNS FROM `hl_firstindex` [ RunTime:0.0036s ]
SQL: SELECT * FROM `hl_firstindex`  [ RunTime:0.0002s ]
SQL: SHOW COLUMNS FROM `hl_city` [ RunTime:0.0069s ]
SQL: SELECT * FROM `hl_city`  [ RunTime:0.0003s ]
INFO: [ view_parse ] --START--
NOTIC: [2] file_get_contents(./Application/Home/View/footer.html): failed to open stream: No such file or directory /Users/hejiaxing/work/harmoniouscity/ThinkPHP/Library/Think/Template.class.php 第 696 行.
INFO: [ template_filter ] --START--
INFO: Run Behavior\ContentReplaceBehavior [ RunTime:0.000056s ]
INFO: [ template_filter ] --END-- [ RunTime:0.000126s ]
INFO: Run Behavior\ParseTemplateBehavior [ RunTime:0.012332s ]
INFO: [ view_parse ] --END-- [ RunTime:0.012410s ]
INFO: [ view_filter ] --START--
INFO: Run Behavior\WriteHtmlCacheBehavior [ RunTime:0.000377s ]
INFO: [ view_filter ] --END-- [ RunTime:0.000440s ]
INFO: [ app_end ] --START--
INFO: Run Behavior\ShowPageTraceBehavior [ RunTime:0.001153s ]
INFO: [ app_end ] --END-- [ RunTime:0.001237s ]

[ 2017-04-30T20:03:15+08:00 ] 127.0.0.1 /harmoniouscity/index.php/Home/info/index.html
INFO: [ app_init ] --START--
INFO: Run Behavior\BuildLiteBehavior [ RunTime:0.000012s ]
INFO: [ app_init ] --END-- [ RunTime:0.000273s ]
INFO: [ app_begin ] --START--
INFO: Run Behavior\ReadHtmlCacheBehavior [ RunTime:0.000265s ]
INFO: [ app_begin ] --END-- [ RunTime:0.000294s ]
SQL: SHOW COLUMNS FROM `hl_firstindex` [ RunTime:0.0046s ]
SQL: SELECT * FROM `hl_firstindex`  [ RunTime:0.0002s ]
SQL: SHOW COLUMNS FROM `hl_city` [ RunTime:0.0074s ]
SQL: SELECT * FROM `hl_city`  [ RunTime:0.0003s ]
INFO: [ view_parse ] --START--
NOTIC: [2] file_get_contents(./Application/Home/View/footer.html): failed to open stream: No such file or directory /Users/hejiaxing/work/harmoniouscity/ThinkPHP/Library/Think/Template.class.php 第 696 行.
INFO: [ template_filter ] --START--
INFO: Run Behavior\ContentReplaceBehavior [ RunTime:0.000043s ]
INFO: [ template_filter ] --END-- [ RunTime:0.000098s ]
INFO: Run Behavior\ParseTemplateBehavior [ RunTime:0.012412s ]
INFO: [ view_parse ] --END-- [ RunTime:0.012461s ]
INFO: [ view_filter ] --START--
INFO: Run Behavior\WriteHtmlCacheBehavior [ RunTime:0.000119s ]
INFO: [ view_filter ] --END-- [ RunTime:0.000158s ]
INFO: [ app_end ] --START--
INFO: Run Behavior\ShowPageTraceBehavior [ RunTime:0.000294s ]
INFO: [ app_end ] --END-- [ RunTime:0.000319s ]

[ 2017-04-30T20:03:16+08:00 ] 127.0.0.1 /harmoniouscity/index.php/Home/info/index.html
INFO: [ app_init ] --START--
INFO: Run Behavior\BuildLiteBehavior [ RunTime:0.000077s ]
INFO: [ app_init ] --END-- [ RunTime:0.000874s ]
INFO: [ app_begin ] --START--
INFO: Run Behavior\ReadHtmlCacheBehavior [ RunTime:0.003655s ]
INFO: [ app_begin ] --END-- [ RunTime:0.003789s ]
SQL: SHOW COLUMNS FROM `hl_firstindex` [ RunTime:0.0050s ]
SQL: SELECT * FROM `hl_firstindex`  [ RunTime:0.0003s ]
SQL: SHOW COLUMNS FROM `hl_city` [ RunTime:0.0036s ]
SQL: SELECT * FROM `hl_city`  [ RunTime:0.0003s ]
INFO: [ view_parse ] --START--
NOTIC: [2] file_get_contents(./Application/Home/View/footer.html): failed to open stream: No such file or directory /Users/hejiaxing/work/harmoniouscity/ThinkPHP/Library/Think/Template.class.php 第 696 行.
INFO: [ template_filter ] --START--
INFO: Run Behavior\ContentReplaceBehavior [ RunTime:0.000104s ]
INFO: [ template_filter ] --END-- [ RunTime:0.000202s ]
INFO: Run Behavior\ParseTemplateBehavior [ RunTime:0.025801s ]
INFO: [ view_parse ] --END-- [ RunTime:0.025909s ]
INFO: [ view_filter ] --START--
INFO: Run Behavior\WriteHtmlCacheBehavior [ RunTime:0.000337s ]
INFO: [ view_filter ] --END-- [ RunTime:0.000399s ]
INFO: [ app_end ] --START--
INFO: Run Behavior\ShowPageTraceBehavior [ RunTime:0.000785s ]
INFO: [ app_end ] --END-- [ RunTime:0.000871s ]

[ 2017-04-30T20:05:06+08:00 ] 127.0.0.1 /harmoniouscity/index.php/Home/info/index.html
INFO: [ app_init ] --START--
INFO: Run Behavior\BuildLiteBehavior [ RunTime:0.000030s ]
INFO: [ app_init ] --END-- [ RunTime:0.003794s ]
INFO: [ app_begin ] --START--
INFO: Run Behavior\ReadHtmlCacheBehavior [ RunTime:0.003880s ]
INFO: [ app_begin ] --END-- [ RunTime:0.003987s ]
SQL: SHOW COLUMNS FROM `hl_firstindex` [ RunTime:0.0076s ]
SQL: SELECT * FROM `hl_firstindex`  [ RunTime:0.0003s ]
SQL: SHOW COLUMNS FROM `hl_city` [ RunTime:0.0067s ]
SQL: SELECT * FROM `hl_city`  [ RunTime:0.0003s ]
INFO: [ view_parse ] --START--
NOTIC: [2] file_get_contents(./Application/Home/View/footer.html): failed to open stream: No such file or directory /Users/hejiaxing/work/harmoniouscity/ThinkPHP/Library/Think/Template.class.php 第 696 行.
INFO: [ template_filter ] --START--
INFO: Run Behavior\ContentReplaceBehavior [ RunTime:0.000061s ]
INFO: [ template_filter ] --END-- [ RunTime:0.000120s ]
INFO: Run Behavior\ParseTemplateBehavior [ RunTime:0.032646s ]
INFO: [ view_parse ] --END-- [ RunTime:0.032736s ]
INFO: [ view_filter ] --START--
INFO: Run Behavior\WriteHtmlCacheBehavior [ RunTime:0.002573s ]
INFO: [ view_filter ] --END-- [ RunTime:0.002653s ]
INFO: [ app_end ] --START--
INFO: Run Behavior\ShowPageTraceBehavior [ RunTime:0.004694s ]
INFO: [ app_end ] --END-- [ RunTime:0.004851s ]

[ 2017-04-30T20:05:52+08:00 ] 127.0.0.1 /harmoniouscity/index.php/Home/info/index.html
INFO: [ app_init ] --START--
INFO: Run Behavior\BuildLiteBehavior [ RunTime:0.000013s ]
INFO: [ app_init ] --END-- [ RunTime:0.000316s ]
INFO: [ app_begin ] --START--
INFO: Run Behavior\ReadHtmlCacheBehavior [ RunTime:0.000336s ]
INFO: [ app_begin ] --END-- [ RunTime:0.000380s ]
SQL: SHOW COLUMNS FROM `hl_firstindex` [ RunTime:0.0076s ]
SQL: SELECT * FROM `hl_firstindex`  [ RunTime:0.0003s ]
SQL: SHOW COLUMNS FROM `hl_city` [ RunTime:0.0031s ]
SQL: SELECT * FROM `hl_city`  [ RunTime:0.0002s ]
INFO: [ view_parse ] --START--
NOTIC: [2] file_get_contents(./Application/Home/View/footer.html): failed to open stream: No such file or directory /Users/hejiaxing/work/harmoniouscity/ThinkPHP/Library/Think/Template.class.php 第 696 行.
INFO: [ template_filter ] --START--
INFO: Run Behavior\ContentReplaceBehavior [ RunTime:0.000184s ]
INFO: [ template_filter ] --END-- [ RunTime:0.000270s ]
INFO: Run Behavior\ParseTemplateBehavior [ RunTime:0.009914s ]
INFO: [ view_parse ] --END-- [ RunTime:0.009968s ]
INFO: [ view_filter ] --START--
INFO: Run Behavior\WriteHtmlCacheBehavior [ RunTime:0.000197s ]
INFO: [ view_filter ] --END-- [ RunTime:0.000249s ]
INFO: [ app_end ] --START--
INFO: Run Behavior\ShowPageTraceBehavior [ RunTime:0.000476s ]
INFO: [ app_end ] --END-- [ RunTime:0.000558s ]

[ 2017-04-30T23:47:12+08:00 ] 127.0.0.1 /harmoniouscity/index.php/Home/info/index.html
INFO: [ app_init ] --START--
INFO: Run Behavior\BuildLiteBehavior [ RunTime:0.000023s ]
INFO: [ app_init ] --END-- [ RunTime:0.003155s ]
INFO: [ app_begin ] --START--
INFO: Run Behavior\ReadHtmlCacheBehavior [ RunTime:0.003011s ]
INFO: [ app_begin ] --END-- [ RunTime:0.003219s ]

[ 2017-04-30T23:47:40+08:00 ] 127.0.0.1 /harmoniouscity/index.php/Home/info/index.html
INFO: [ app_init ] --START--
INFO: Run Behavior\BuildLiteBehavior [ RunTime:0.000016s ]
INFO: [ app_init ] --END-- [ RunTime:0.000370s ]
INFO: [ app_begin ] --START--
INFO: Run Behavior\ReadHtmlCacheBehavior [ RunTime:0.000468s ]
INFO: [ app_begin ] --END-- [ RunTime:0.000503s ]
SQL: SHOW COLUMNS FROM `hl_indexclass` [ RunTime:0.0104s ]
SQL: SELECT * FROM `hl_indexclass` WHERE ( ic_c_id=1 )  [ RunTime:0.0066s ]
SQL: SHOW COLUMNS FROM `hl_indexvalue` [ RunTime:0.0074s ]
SQL: SELECT * FROM `hl_indexvalue` WHERE ( iv_ic_id=1 )  [ RunTime:0.0037s ]
NOTIC: [8] Use of undefined constant ture - assumed 'ture' /Users/hejiaxing/work/harmoniouscity/Application/Home/Controller/InfoController.class.php 第 18 行.
SQL: SELECT DISTINCT  HL_thirdindex.ti_si_id FROM `hl_indexvalue` INNER JOIN HL_thirdindex ON HL_indexvalue.iv_ti_id=HL_thirdindex.ti_id  WHERE ( HL_indexvalue.iv_ic_id=1 )  [ RunTime:0.0071s ]
SQL: SHOW COLUMNS FROM `hl_firstindex` [ RunTime:0.0042s ]
SQL: SELECT * FROM `hl_firstindex`  [ RunTime:0.0003s ]
SQL: SHOW COLUMNS FROM `hl_city` [ RunTime:0.0035s ]
SQL: SELECT * FROM `hl_city`  [ RunTime:0.0002s ]
INFO: [ view_parse ] --START--
NOTIC: [2] file_get_contents(./Application/Home/View/footer.html): failed to open stream: No such file or directory /Users/hejiaxing/work/harmoniouscity/ThinkPHP/Library/Think/Template.class.php 第 696 行.
INFO: [ template_filter ] --START--
INFO: Run Behavior\ContentReplaceBehavior [ RunTime:0.000063s ]
INFO: [ template_filter ] --END-- [ RunTime:0.000214s ]
INFO: Run Behavior\ParseTemplateBehavior [ RunTime:0.030956s ]
INFO: [ view_parse ] --END-- [ RunTime:0.031024s ]
INFO: [ view_filter ] --START--
INFO: Run Behavior\WriteHtmlCacheBehavior [ RunTime:0.000736s ]
INFO: [ view_filter ] --END-- [ RunTime:0.000780s ]
INFO: [ app_end ] --START--
INFO: Run Behavior\ShowPageTraceBehavior [ RunTime:0.001205s ]
INFO: [ app_end ] --END-- [ RunTime:0.001272s ]

[ 2017-04-30T23:48:44+08:00 ] 127.0.0.1 /harmoniouscity/index.php/Home/info/index.html
INFO: [ app_init ] --START--
INFO: Run Behavior\BuildLiteBehavior [ RunTime:0.000022s ]
INFO: [ app_init ] --END-- [ RunTime:0.003862s ]
INFO: [ app_begin ] --START--
INFO: Run Behavior\ReadHtmlCacheBehavior [ RunTime:0.003608s ]
INFO: [ app_begin ] --END-- [ RunTime:0.003701s ]
SQL: SHOW COLUMNS FROM `hl_indexclass` [ RunTime:0.0073s ]
SQL: SELECT * FROM `hl_indexclass` WHERE ( ic_c_id=1 )  [ RunTime:0.0003s ]
SQL: SHOW COLUMNS FROM `hl_indexvalue` [ RunTime:0.0066s ]
SQL: SELECT * FROM `hl_indexvalue` WHERE ( iv_ic_id=1 )  [ RunTime:0.0003s ]
NOTIC: [8] Use of undefined constant ture - assumed 'ture' /Users/hejiaxing/work/harmoniouscity/Application/Home/Controller/InfoController.class.php 第 18 行.
SQL: SELECT DISTINCT  HL_thirdindex.ti_si_id FROM `hl_indexvalue` INNER JOIN HL_thirdindex ON HL_indexvalue.iv_ti_id=HL_thirdindex.ti_id  WHERE ( HL_indexvalue.iv_ic_id=1 )  [ RunTime:0.0003s ]
SQL: SHOW COLUMNS FROM `hl_firstindex` [ RunTime:0.0079s ]
SQL: SELECT * FROM `hl_firstindex`  [ RunTime:0.0004s ]
SQL: SHOW COLUMNS FROM `hl_city` [ RunTime:0.0062s ]
SQL: SELECT * FROM `hl_city`  [ RunTime:0.0003s ]
INFO: [ view_parse ] --START--
NOTIC: [2] file_get_contents(./Application/Home/View/footer.html): failed to open stream: No such file or directory /Users/hejiaxing/work/harmoniouscity/ThinkPHP/Library/Think/Template.class.php 第 696 行.
INFO: [ template_filter ] --START--
INFO: Run Behavior\ContentReplaceBehavior [ RunTime:0.000063s ]
INFO: [ template_filter ] --END-- [ RunTime:0.000130s ]
INFO: Run Behavior\ParseTemplateBehavior [ RunTime:0.022321s ]
INFO: [ view_parse ] --END-- [ RunTime:0.022414s ]
INFO: [ view_filter ] --START--
INFO: Run Behavior\WriteHtmlCacheBehavior [ RunTime:0.001361s ]
INFO: [ view_filter ] --END-- [ RunTime:0.001437s ]
INFO: [ app_end ] --START--
INFO: Run Behavior\ShowPageTraceBehavior [ RunTime:0.001796s ]
INFO: [ app_end ] --END-- [ RunTime:0.001900s ]

[ 2017-04-30T23:48:57+08:00 ] 127.0.0.1 /harmoniouscity/index.php/Home/info/index.html
INFO: [ app_init ] --START--
INFO: Run Behavior\BuildLiteBehavior [ RunTime:0.000027s ]
INFO: [ app_init ] --END-- [ RunTime:0.000771s ]
INFO: [ app_begin ] --START--
INFO: Run Behavior\ReadHtmlCacheBehavior [ RunTime:0.000574s ]
INFO: [ app_begin ] --END-- [ RunTime:0.000654s ]
SQL: SHOW COLUMNS FROM `hl_indexclass` [ RunTime:0.0074s ]
SQL: SELECT * FROM `hl_indexclass` WHERE ( ic_c_id=1 )  [ RunTime:0.0004s ]
SQL: SHOW COLUMNS FROM `hl_indexvalue` [ RunTime:0.0087s ]
SQL: SELECT * FROM `hl_indexvalue` WHERE ( iv_ic_id=1 )  [ RunTime:0.0004s ]
NOTIC: [8] Use of undefined constant ture - assumed 'ture' /Users/hejiaxing/work/harmoniouscity/Application/Home/Controller/InfoController.class.php 第 18 行.
SQL: SELECT DISTINCT  HL_thirdindex.ti_si_id FROM `hl_indexvalue` INNER JOIN HL_thirdindex ON HL_indexvalue.iv_ti_id=HL_thirdindex.ti_id  WHERE ( HL_indexvalue.iv_ic_id=1 )  [ RunTime:0.0004s ]
SQL: SHOW COLUMNS FROM `hl_firstindex` [ RunTime:0.0108s ]
SQL: SELECT * FROM `hl_firstindex`  [ RunTime:0.0007s ]
SQL: SHOW COLUMNS FROM `hl_city` [ RunTime:0.0072s ]
SQL: SELECT * FROM `hl_city`  [ RunTime:0.0005s ]
INFO: [ view_parse ] --START--
NOTIC: [2] file_get_contents(./Application/Home/View/footer.html): failed to open stream: No such file or directory /Users/hejiaxing/work/harmoniouscity/ThinkPHP/Library/Think/Template.class.php 第 696 行.
INFO: [ template_filter ] --START--
INFO: Run Behavior\ContentReplaceBehavior [ RunTime:0.000151s ]
INFO: [ template_filter ] --END-- [ RunTime:0.000255s ]
INFO: Run Behavior\ParseTemplateBehavior [ RunTime:0.031082s ]
INFO: [ view_parse ] --END-- [ RunTime:0.031326s ]
INFO: [ view_filter ] --START--
INFO: Run Behavior\WriteHtmlCacheBehavior [ RunTime:0.000273s ]
INFO: [ view_filter ] --END-- [ RunTime:0.000316s ]
INFO: [ app_end ] --START--
INFO: Run Behavior\ShowPageTraceBehavior [ RunTime:0.001091s ]
INFO: [ app_end ] --END-- [ RunTime:0.001246s ]

[ 2017-04-30T23:49:41+08:00 ] 127.0.0.1 /harmoniouscity/index.php/Home/info/index.html
INFO: [ app_init ] --START--
INFO: Run Behavior\BuildLiteBehavior [ RunTime:0.000069s ]
INFO: [ app_init ] --END-- [ RunTime:0.000503s ]
INFO: [ app_begin ] --START--
INFO: Run Behavior\ReadHtmlCacheBehavior [ RunTime:0.000658s ]
INFO: [ app_begin ] --END-- [ RunTime:0.000725s ]
SQL: SHOW COLUMNS FROM `hl_indexclass` [ RunTime:0.0085s ]
SQL: SELECT * FROM `hl_indexclass` WHERE ( ic_c_id=1 )  [ RunTime:0.0003s ]
SQL: SHOW COLUMNS FROM `hl_indexvalue` [ RunTime:0.0071s ]
SQL: SELECT * FROM `hl_indexvalue` WHERE ( iv_ic_id=1 )  [ RunTime:0.0003s ]
NOTIC: [8] Use of undefined constant ture - assumed 'ture' /Users/hejiaxing/work/harmoniouscity/Application/Home/Controller/InfoController.class.php 第 18 行.
SQL: SELECT DISTINCT  HL_thirdindex.ti_si_id FROM `hl_indexvalue` INNER JOIN HL_thirdindex ON HL_indexvalue.iv_ti_id=HL_thirdindex.ti_id  WHERE ( HL_indexvalue.iv_ic_id=1 )  [ RunTime:0.0005s ]
SQL: SHOW COLUMNS FROM `hl_firstindex` [ RunTime:0.0042s ]
SQL: SELECT * FROM `hl_firstindex`  [ RunTime:0.0002s ]
SQL: SHOW COLUMNS FROM `hl_city` [ RunTime:0.0069s ]
SQL: SELECT * FROM `hl_city`  [ RunTime:0.0002s ]
INFO: [ view_parse ] --START--
NOTIC: [2] file_get_contents(./Application/Home/View/footer.html): failed to open stream: No such file or directory /Users/hejiaxing/work/harmoniouscity/ThinkPHP/Library/Think/Template.class.php 第 696 行.
INFO: [ template_filter ] --START--
INFO: Run Behavior\ContentReplaceBehavior [ RunTime:0.000035s ]
INFO: [ template_filter ] --END-- [ RunTime:0.000093s ]
INFO: Run Behavior\ParseTemplateBehavior [ RunTime:0.009195s ]
INFO: [ view_parse ] --END-- [ RunTime:0.009267s ]
INFO: [ view_filter ] --START--
INFO: Run Behavior\WriteHtmlCacheBehavior [ RunTime:0.000179s ]
INFO: [ view_filter ] --END-- [ RunTime:0.000218s ]
INFO: [ app_end ] --START--
INFO: Run Behavior\ShowPageTraceBehavior [ RunTime:0.000486s ]
INFO: [ app_end ] --END-- [ RunTime:0.000540s ]

[ 2017-04-30T23:54:28+08:00 ] 127.0.0.1 /harmoniouscity/index.php/Home/info/index.html
INFO: [ app_init ] --START--
INFO: Run Behavior\BuildLiteBehavior [ RunTime:0.000088s ]
INFO: [ app_init ] --END-- [ RunTime:0.003939s ]
INFO: [ app_begin ] --START--
INFO: Run Behavior\ReadHtmlCacheBehavior [ RunTime:0.004784s ]
INFO: [ app_begin ] --END-- [ RunTime:0.005000s ]
SQL: SHOW COLUMNS FROM `hl_indexclass` [ RunTime:0.0077s ]
SQL: SELECT * FROM `hl_indexclass` WHERE ( ic_c_id=1 )  [ RunTime:0.0008s ]
SQL: SHOW COLUMNS FROM `hl_indexvalue` [ RunTime:0.0041s ]
SQL: SELECT * FROM `hl_indexvalue` WHERE ( iv_ic_id=1 )  [ RunTime:0.0004s ]
NOTIC: [8] Use of undefined constant ture - assumed 'ture' /Users/hejiaxing/work/harmoniouscity/Application/Home/Controller/InfoController.class.php 第 18 行.
SQL: SELECT DISTINCT  HL_thirdindex.ti_si_id FROM `hl_indexvalue` INNER JOIN HL_thirdindex ON HL_indexvalue.iv_ti_id=HL_thirdindex.ti_id  WHERE ( HL_indexvalue.iv_ic_id=1 )  [ RunTime:0.0006s ]
SQL: SHOW COLUMNS FROM `hl_firstindex` [ RunTime:0.0037s ]
SQL: SELECT * FROM `hl_firstindex`  [ RunTime:0.0003s ]
SQL: SHOW COLUMNS FROM `hl_city` [ RunTime:0.0072s ]
SQL: SELECT * FROM `hl_city`  [ RunTime:0.0003s ]
INFO: [ view_parse ] --START--
NOTIC: [2] file_get_contents(./Application/Home/View/footer.html): failed to open stream: No such file or directory /Users/hejiaxing/work/harmoniouscity/ThinkPHP/Library/Think/Template.class.php 第 696 行.
INFO: [ template_filter ] --START--
INFO: Run Behavior\ContentReplaceBehavior [ RunTime:0.000086s ]
INFO: [ template_filter ] --END-- [ RunTime:0.000152s ]
INFO: Run Behavior\ParseTemplateBehavior [ RunTime:0.027506s ]
INFO: [ view_parse ] --END-- [ RunTime:0.027681s ]
INFO: [ view_filter ] --START--
INFO: Run Behavior\WriteHtmlCacheBehavior [ RunTime:0.003193s ]
INFO: [ view_filter ] --END-- [ RunTime:0.003402s ]
INFO: [ app_end ] --START--
INFO: Run Behavior\ShowPageTraceBehavior [ RunTime:0.001195s ]
INFO: [ app_end ] --END-- [ RunTime:0.001266s ]

[ 2017-04-30T23:55:40+08:00 ] 127.0.0.1 /harmoniouscity/index.php/Home/info/index.html
INFO: [ app_init ] --START--
INFO: Run Behavior\BuildLiteBehavior [ RunTime:0.000011s ]
INFO: [ app_init ] --END-- [ RunTime:0.000341s ]
INFO: [ app_begin ] --START--
INFO: Run Behavior\ReadHtmlCacheBehavior [ RunTime:0.000478s ]
INFO: [ app_begin ] --END-- [ RunTime:0.000531s ]
SQL: SHOW COLUMNS FROM `hl_indexclass` [ RunTime:0.0067s ]
SQL: SELECT * FROM `hl_indexclass` WHERE ( ic_c_id=1 )  [ RunTime:0.0003s ]
SQL: SHOW COLUMNS FROM `hl_indexvalue` [ RunTime:0.0064s ]
SQL: SELECT * FROM `hl_indexvalue` WHERE ( iv_ic_id=1 )  [ RunTime:0.0003s ]
NOTIC: [8] Use of undefined constant ture - assumed 'ture' /Users/hejiaxing/work/harmoniouscity/Application/Home/Controller/InfoController.class.php 第 18 行.
SQL: SELECT DISTINCT  HL_thirdindex.ti_si_id FROM `hl_indexvalue` INNER JOIN HL_thirdindex ON HL_indexvalue.iv_ti_id=HL_thirdindex.ti_id  WHERE ( HL_indexvalue.iv_ic_id=1 )  [ RunTime:0.0003s ]
SQL: SELECT * FROM `hl_indexvalue` WHERE ( iv_ic_id=2 )  [ RunTime:0.0002s ]
NOTIC: [8] Use of undefined constant ture - assumed 'ture' /Users/hejiaxing/work/harmoniouscity/Application/Home/Controller/InfoController.class.php 第 18 行.
SQL: SELECT DISTINCT  HL_thirdindex.ti_si_id FROM `hl_indexvalue` INNER JOIN HL_thirdindex ON HL_indexvalue.iv_ti_id=HL_thirdindex.ti_id  WHERE ( HL_indexvalue.iv_ic_id=2 )  [ RunTime:0.0002s ]
SQL: SHOW COLUMNS FROM `hl_firstindex` [ RunTime:0.0031s ]
SQL: SELECT * FROM `hl_firstindex`  [ RunTime:0.0002s ]
SQL: SHOW COLUMNS FROM `hl_city` [ RunTime:0.0040s ]
SQL: SELECT * FROM `hl_city`  [ RunTime:0.0004s ]
INFO: [ view_parse ] --START--
NOTIC: [2] file_get_contents(./Application/Home/View/footer.html): failed to open stream: No such file or directory /Users/hejiaxing/work/harmoniouscity/ThinkPHP/Library/Think/Template.class.php 第 696 行.
INFO: [ template_filter ] --START--
INFO: Run Behavior\ContentReplaceBehavior [ RunTime:0.000036s ]
INFO: [ template_filter ] --END-- [ RunTime:0.000073s ]
INFO: Run Behavior\ParseTemplateBehavior [ RunTime:0.013200s ]
INFO: [ view_parse ] --END-- [ RunTime:0.013315s ]
INFO: [ view_filter ] --START--
INFO: Run Behavior\WriteHtmlCacheBehavior [ RunTime:0.000245s ]
INFO: [ view_filter ] --END-- [ RunTime:0.000293s ]
INFO: [ app_end ] --START--
INFO: Run Behavior\ShowPageTraceBehavior [ RunTime:0.001634s ]
INFO: [ app_end ] --END-- [ RunTime:0.001700s ]

[ 2017-04-30T23:57:51+08:00 ] 127.0.0.1 /harmoniouscity/index.php/Home/info/index.html
INFO: [ app_init ] --START--
INFO: Run Behavior\BuildLiteBehavior [ RunTime:0.000009s ]
INFO: [ app_init ] --END-- [ RunTime:0.000206s ]
INFO: [ app_begin ] --START--
INFO: Run Behavior\ReadHtmlCacheBehavior [ RunTime:0.000283s ]
INFO: [ app_begin ] --END-- [ RunTime:0.000312s ]
SQL: SHOW COLUMNS FROM `hl_indexclass` [ RunTime:0.0069s ]
SQL: SELECT * FROM `hl_indexclass` WHERE ( ic_c_id=1 )  [ RunTime:0.0003s ]
SQL: SHOW COLUMNS FROM `hl_indexvalue` [ RunTime:0.0063s ]
SQL: SELECT * FROM `hl_indexvalue` WHERE ( iv_ic_id=1 )  [ RunTime:0.0003s ]
NOTIC: [8] Use of undefined constant ture - assumed 'ture' /Users/hejiaxing/work/harmoniouscity/Application/Home/Controller/InfoController.class.php 第 18 行.
SQL: SELECT DISTINCT  HL_thirdindex.ti_si_id FROM `hl_indexvalue` INNER JOIN HL_thirdindex ON HL_indexvalue.iv_ti_id=HL_thirdindex.ti_id  WHERE ( HL_indexvalue.iv_ic_id=1 )  [ RunTime:0.0002s ]
SQL: SELECT * FROM `hl_indexvalue` WHERE ( iv_ic_id=2 )  [ RunTime:0.0002s ]
NOTIC: [8] Use of undefined constant ture - assumed 'ture' /Users/hejiaxing/work/harmoniouscity/Application/Home/Controller/InfoController.class.php 第 18 行.
SQL: SELECT DISTINCT  HL_thirdindex.ti_si_id FROM `hl_indexvalue` INNER JOIN HL_thirdindex ON HL_indexvalue.iv_ti_id=HL_thirdindex.ti_id  WHERE ( HL_indexvalue.iv_ic_id=2 )  [ RunTime:0.0002s ]
SQL: SHOW COLUMNS FROM `hl_firstindex` [ RunTime:0.0029s ]
SQL: SELECT * FROM `hl_firstindex`  [ RunTime:0.0002s ]
SQL: SHOW COLUMNS FROM `hl_city` [ RunTime:0.0070s ]
SQL: SELECT * FROM `hl_city`  [ RunTime:0.0002s ]
INFO: [ view_parse ] --START--
NOTIC: [2] file_get_contents(./Application/Home/View/footer.html): failed to open stream: No such file or directory /Users/hejiaxing/work/harmoniouscity/ThinkPHP/Library/Think/Template.class.php 第 696 行.
INFO: [ template_filter ] --START--
INFO: Run Behavior\ContentReplaceBehavior [ RunTime:0.000034s ]
INFO: [ template_filter ] --END-- [ RunTime:0.000069s ]
INFO: Run Behavior\ParseTemplateBehavior [ RunTime:0.009254s ]
INFO: [ view_parse ] --END-- [ RunTime:0.009304s ]
INFO: [ view_filter ] --START--
INFO: Run Behavior\WriteHtmlCacheBehavior [ RunTime:0.000181s ]
INFO: [ view_filter ] --END-- [ RunTime:0.000218s ]
INFO: [ app_end ] --START--
INFO: Run Behavior\ShowPageTraceBehavior [ RunTime:0.000603s ]
INFO: [ app_end ] --END-- [ RunTime:0.000663s ]

[ 2017-04-30T23:58:47+08:00 ] 127.0.0.1 /harmoniouscity/index.php/Home/info/index.html
INFO: [ app_init ] --START--
INFO: Run Behavior\BuildLiteBehavior [ RunTime:0.000021s ]
INFO: [ app_init ] --END-- [ RunTime:0.003775s ]
INFO: [ app_begin ] --START--
INFO: Run Behavior\ReadHtmlCacheBehavior [ RunTime:0.004228s ]
INFO: [ app_begin ] --END-- [ RunTime:0.004373s ]
SQL: SHOW COLUMNS FROM `hl_indexclass` [ RunTime:0.0068s ]
SQL: SELECT * FROM `hl_indexclass` WHERE ( ic_c_id=1 )  [ RunTime:0.0004s ]
SQL: SHOW COLUMNS FROM `hl_indexvalue` [ RunTime:0.0066s ]
SQL: SELECT * FROM `hl_indexvalue` WHERE ( iv_ic_id=1 )  [ RunTime:0.0004s ]
NOTIC: [8] Use of undefined constant ture - assumed 'ture' /Users/hejiaxing/work/harmoniouscity/Application/Home/Controller/InfoController.class.php 第 18 行.
SQL: SELECT DISTINCT  HL_thirdindex.ti_si_id FROM `hl_indexvalue` INNER JOIN HL_thirdindex ON HL_indexvalue.iv_ti_id=HL_thirdindex.ti_id  WHERE ( HL_indexvalue.iv_ic_id=1 )  [ RunTime:0.0007s ]
SQL: SELECT * FROM `hl_indexvalue` WHERE ( iv_ic_id=2 )  [ RunTime:0.0005s ]
NOTIC: [8] Use of undefined constant ture - assumed 'ture' /Users/hejiaxing/work/harmoniouscity/Application/Home/Controller/InfoController.class.php 第 18 行.
SQL: SELECT DISTINCT  HL_thirdindex.ti_si_id FROM `hl_indexvalue` INNER JOIN HL_thirdindex ON HL_indexvalue.iv_ti_id=HL_thirdindex.ti_id  WHERE ( HL_indexvalue.iv_ic_id=2 )  [ RunTime:0.0004s ]
SQL: SHOW COLUMNS FROM `hl_firstindex` [ RunTime:0.0035s ]
SQL: SELECT * FROM `hl_firstindex`  [ RunTime:0.0003s ]
SQL: SHOW COLUMNS FROM `hl_city` [ RunTime:0.0070s ]
SQL: SELECT * FROM `hl_city`  [ RunTime:0.0004s ]
INFO: [ view_parse ] --START--
NOTIC: [2] file_get_contents(./Application/Home/View/footer.html): failed to open stream: No such file or directory /Users/hejiaxing/work/harmoniouscity/ThinkPHP/Library/Think/Template.class.php 第 696 行.
INFO: [ template_filter ] --START--
INFO: Run Behavior\ContentReplaceBehavior [ RunTime:0.000078s ]
INFO: [ template_filter ] --END-- [ RunTime:0.000129s ]
INFO: Run Behavior\ParseTemplateBehavior [ RunTime:0.026401s ]
INFO: [ view_parse ] --END-- [ RunTime:0.026520s ]
INFO: [ view_filter ] --START--
INFO: Run Behavior\WriteHtmlCacheBehavior [ RunTime:0.003107s ]
INFO: [ view_filter ] --END-- [ RunTime:0.003202s ]
INFO: [ app_end ] --START--
INFO: Run Behavior\ShowPageTraceBehavior [ RunTime:0.004071s ]
INFO: [ app_end ] --END-- [ RunTime:0.004131s ]

[ 2017-04-30T23:59:30+08:00 ] 127.0.0.1 /harmoniouscity/index.php/Home/info/index.html
INFO: [ app_init ] --START--
INFO: Run Behavior\BuildLiteBehavior [ RunTime:0.000010s ]
INFO: [ app_init ] --END-- [ RunTime:0.000215s ]
INFO: [ app_begin ] --START--
INFO: Run Behavior\ReadHtmlCacheBehavior [ RunTime:0.000267s ]
INFO: [ app_begin ] --END-- [ RunTime:0.000296s ]
SQL: SHOW COLUMNS FROM `hl_indexclass` [ RunTime:0.0066s ]
SQL: SELECT * FROM `hl_indexclass` WHERE ( ic_c_id=1 )  [ RunTime:0.0005s ]
SQL: SHOW COLUMNS FROM `hl_indexvalue` [ RunTime:0.0067s ]
SQL: SELECT * FROM `hl_indexvalue` WHERE ( iv_ic_id=1 )  [ RunTime:0.0003s ]
NOTIC: [8] Use of undefined constant ture - assumed 'ture' /Users/hejiaxing/work/harmoniouscity/Application/Home/Controller/InfoController.class.php 第 18 行.
SQL: SELECT DISTINCT  HL_thirdindex.ti_si_id FROM `hl_indexvalue` INNER JOIN HL_thirdindex ON HL_indexvalue.iv_ti_id=HL_thirdindex.ti_id  WHERE ( HL_indexvalue.iv_ic_id=1 )  [ RunTime:0.0004s ]
SQL: SELECT * FROM `hl_indexvalue` WHERE ( iv_ic_id=2 )  [ RunTime:0.0003s ]
NOTIC: [8] Use of undefined constant ture - assumed 'ture' /Users/hejiaxing/work/harmoniouscity/Application/Home/Controller/InfoController.class.php 第 18 行.
SQL: SELECT DISTINCT  HL_thirdindex.ti_si_id FROM `hl_indexvalue` INNER JOIN HL_thirdindex ON HL_indexvalue.iv_ti_id=HL_thirdindex.ti_id  WHERE ( HL_indexvalue.iv_ic_id=2 )  [ RunTime:0.0003s ]
SQL: SHOW COLUMNS FROM `hl_firstindex` [ RunTime:0.0064s ]
SQL: SELECT * FROM `hl_firstindex`  [ RunTime:0.0003s ]
SQL: SHOW COLUMNS FROM `hl_city` [ RunTime:0.0034s ]
SQL: SELECT * FROM `hl_city`  [ RunTime:0.0003s ]
INFO: [ view_parse ] --START--
NOTIC: [2] file_get_contents(./Application/Home/View/footer.html): failed to open stream: No such file or directory /Users/hejiaxing/work/harmoniouscity/ThinkPHP/Library/Think/Template.class.php 第 696 行.
INFO: [ template_filter ] --START--
INFO: Run Behavior\ContentReplaceBehavior [ RunTime:0.000076s ]
INFO: [ template_filter ] --END-- [ RunTime:0.000143s ]
NOTIC: [8] Undefined index: iv_value /Users/hejiaxing/work/harmoniouscity/Application/Runtime/Cache/Home/3f36e03cb4a38b2ed27bc75332298af5.php 第 73 行.
NOTIC: [8] Undefined index: iv_value /Users/hejiaxing/work/harmoniouscity/Application/Runtime/Cache/Home/3f36e03cb4a38b2ed27bc75332298af5.php 第 73 行.
INFO: Run Behavior\ParseTemplateBehavior [ RunTime:0.009196s ]
INFO: [ view_parse ] --END-- [ RunTime:0.009266s ]
INFO: [ view_filter ] --START--
INFO: Run Behavior\WriteHtmlCacheBehavior [ RunTime:0.000220s ]
INFO: [ view_filter ] --END-- [ RunTime:0.000256s ]
INFO: [ app_end ] --START--
INFO: Run Behavior\ShowPageTraceBehavior [ RunTime:0.003655s ]
INFO: [ app_end ] --END-- [ RunTime:0.003732s ]

[ 2017-04-30T23:59:46+08:00 ] 127.0.0.1 /harmoniouscity/index.php/Home/info/index.html
INFO: [ app_init ] --START--
INFO: Run Behavior\BuildLiteBehavior [ RunTime:0.000015s ]
INFO: [ app_init ] --END-- [ RunTime:0.000388s ]
INFO: [ app_begin ] --START--
INFO: Run Behavior\ReadHtmlCacheBehavior [ RunTime:0.000285s ]
INFO: [ app_begin ] --END-- [ RunTime:0.000316s ]
SQL: SHOW COLUMNS FROM `hl_indexclass` [ RunTime:0.0053s ]
SQL: SELECT * FROM `hl_indexclass` WHERE ( ic_c_id=1 )  [ RunTime:0.0013s ]
SQL: SHOW COLUMNS FROM `hl_indexvalue` [ RunTime:0.0036s ]
SQL: SELECT * FROM `hl_indexvalue` WHERE ( iv_ic_id=1 )  [ RunTime:0.0003s ]
NOTIC: [8] Use of undefined constant ture - assumed 'ture' /Users/hejiaxing/work/harmoniouscity/Application/Home/Controller/InfoController.class.php 第 18 行.
SQL: SELECT DISTINCT  HL_thirdindex.ti_si_id FROM `hl_indexvalue` INNER JOIN HL_thirdindex ON HL_indexvalue.iv_ti_id=HL_thirdindex.ti_id  WHERE ( HL_indexvalue.iv_ic_id=1 )  [ RunTime:0.0004s ]
SQL: SELECT * FROM `hl_indexvalue` WHERE ( iv_ic_id=2 )  [ RunTime:0.0002s ]
NOTIC: [8] Use of undefined constant ture - assumed 'ture' /Users/hejiaxing/work/harmoniouscity/Application/Home/Controller/InfoController.class.php 第 18 行.
SQL: SELECT DISTINCT  HL_thirdindex.ti_si_id FROM `hl_indexvalue` INNER JOIN HL_thirdindex ON HL_indexvalue.iv_ti_id=HL_thirdindex.ti_id  WHERE ( HL_indexvalue.iv_ic_id=2 )  [ RunTime:0.0002s ]
SQL: SHOW COLUMNS FROM `hl_firstindex` [ RunTime:0.0032s ]
SQL: SELECT * FROM `hl_firstindex`  [ RunTime:0.0002s ]
SQL: SHOW COLUMNS FROM `hl_city` [ RunTime:0.0075s ]
SQL: SELECT * FROM `hl_city`  [ RunTime:0.0002s ]
INFO: [ view_parse ] --START--
NOTIC: [2] file_get_contents(./Application/Home/View/footer.html): failed to open stream: No such file or directory /Users/hejiaxing/work/harmoniouscity/ThinkPHP/Library/Think/Template.class.php 第 696 行.
INFO: [ template_filter ] --START--
INFO: Run Behavior\ContentReplaceBehavior [ RunTime:0.000045s ]
INFO: [ template_filter ] --END-- [ RunTime:0.000092s ]
NOTIC: [8] Undefined index: iv_value /Users/hejiaxing/work/harmoniouscity/Application/Runtime/Cache/Home/3f36e03cb4a38b2ed27bc75332298af5.php 第 73 行.
NOTIC: [8] Undefined index: iv_value /Users/hejiaxing/work/harmoniouscity/Application/Runtime/Cache/Home/3f36e03cb4a38b2ed27bc75332298af5.php 第 73 行.
INFO: Run Behavior\ParseTemplateBehavior [ RunTime:0.010135s ]
INFO: [ view_parse ] --END-- [ RunTime:0.010180s ]
INFO: [ view_filter ] --START--
INFO: Run Behavior\WriteHtmlCacheBehavior [ RunTime:0.000164s ]
INFO: [ view_filter ] --END-- [ RunTime:0.000188s ]
INFO: [ app_end ] --START--
INFO: Run Behavior\ShowPageTraceBehavior [ RunTime:0.000585s ]
INFO: [ app_end ] --END-- [ RunTime:0.000650s ]

