[ 2017-05-30T19:12:11+08:00 ] 127.0.0.1 /harmoniouscity/index.php/Home/index/index
INFO: [ app_init ] --START--
INFO: Run Behavior\BuildLiteBehavior [ RunTime:0.000022s ]
INFO: [ app_init ] --END-- [ RunTime:0.001397s ]
INFO: [ app_begin ] --START--
INFO: Run Behavior\ReadHtmlCacheBehavior [ RunTime:0.006644s ]
INFO: [ app_begin ] --END-- [ RunTime:0.006819s ]
SQL: SHOW COLUMNS FROM `hl_token` [ RunTime:0.0401s ]
SQL: SELECT * FROM `hl_token` WHERE `t_token` = null  [ RunTime:0.0111s ]
INFO: [ view_parse ] --START--
NOTIC: [2] file_get_contents(./Application/Home/View/footer.html): failed to open stream: No such file or directory /Users/hejiaxing/work/harmoniouscity/ThinkPHP/Library/Think/Template.class.php 第 696 行.
INFO: [ template_filter ] --START--
INFO: Run Behavior\ContentReplaceBehavior [ RunTime:0.002514s ]
INFO: [ template_filter ] --END-- [ RunTime:0.002770s ]
NOTIC: [2] Illegal string offset 'result' /Users/hejiaxing/work/harmoniouscity/Application/Runtime/Cache/Home/2a94b8bda04ff446dcedd42276fc99ee.php 第 41 行.
NOTIC: [2] Illegal string offset 'result' /Users/hejiaxing/work/harmoniouscity/Application/Runtime/Cache/Home/2a94b8bda04ff446dcedd42276fc99ee.php 第 44 行.
NOTIC: [2] Illegal string offset 'result' /Users/hejiaxing/work/harmoniouscity/Application/Runtime/Cache/Home/2a94b8bda04ff446dcedd42276fc99ee.php 第 99 行.
NOTIC: [2] Illegal string offset 'result' /Users/hejiaxing/work/harmoniouscity/Application/Runtime/Cache/Home/2a94b8bda04ff446dcedd42276fc99ee.php 第 100 行.
INFO: Run Behavior\ParseTemplateBehavior [ RunTime:0.065507s ]
INFO: [ view_parse ] --END-- [ RunTime:0.065570s ]
INFO: [ view_filter ] --START--
INFO: Run Behavior\WriteHtmlCacheBehavior [ RunTime:0.002715s ]
INFO: [ view_filter ] --END-- [ RunTime:0.002788s ]
INFO: [ app_end ] --START--
INFO: Run Behavior\ShowPageTraceBehavior [ RunTime:0.003683s ]
INFO: [ app_end ] --END-- [ RunTime:0.003779s ]

[ 2017-05-30T19:14:54+08:00 ] 127.0.0.1 /harmoniouscity/index.php/Home/index/index
INFO: [ app_init ] --START--
INFO: Run Behavior\BuildLiteBehavior [ RunTime:0.000037s ]
INFO: [ app_init ] --END-- [ RunTime:0.003850s ]
INFO: [ app_begin ] --START--
INFO: Run Behavior\ReadHtmlCacheBehavior [ RunTime:0.004253s ]
INFO: [ app_begin ] --END-- [ RunTime:0.004393s ]
SQL: SHOW COLUMNS FROM `hl_token` [ RunTime:0.0083s ]
SQL: SELECT * FROM `hl_token` WHERE `t_token` = null  [ RunTime:0.0041s ]
INFO: [ view_parse ] --START--
NOTIC: [2] file_get_contents(./Application/Home/View/footer.html): failed to open stream: No such file or directory /Users/hejiaxing/work/harmoniouscity/ThinkPHP/Library/Think/Template.class.php 第 696 行.
INFO: [ template_filter ] --START--
INFO: Run Behavior\ContentReplaceBehavior [ RunTime:0.000217s ]
INFO: [ template_filter ] --END-- [ RunTime:0.000320s ]
NOTIC: [2] Illegal string offset 'result' /Users/hejiaxing/work/harmoniouscity/Application/Runtime/Cache/Home/2a94b8bda04ff446dcedd42276fc99ee.php 第 41 行.
NOTIC: [2] Illegal string offset 'result' /Users/hejiaxing/work/harmoniouscity/Application/Runtime/Cache/Home/2a94b8bda04ff446dcedd42276fc99ee.php 第 44 行.
NOTIC: [2] Illegal string offset 'result' /Users/hejiaxing/work/harmoniouscity/Application/Runtime/Cache/Home/2a94b8bda04ff446dcedd42276fc99ee.php 第 99 行.
NOTIC: [2] Illegal string offset 'result' /Users/hejiaxing/work/harmoniouscity/Application/Runtime/Cache/Home/2a94b8bda04ff446dcedd42276fc99ee.php 第 100 行.
INFO: Run Behavior\ParseTemplateBehavior [ RunTime:0.031546s ]
INFO: [ view_parse ] --END-- [ RunTime:0.031636s ]
INFO: [ view_filter ] --START--
INFO: Run Behavior\WriteHtmlCacheBehavior [ RunTime:0.001120s ]
INFO: [ view_filter ] --END-- [ RunTime:0.001177s ]
INFO: [ app_end ] --START--
INFO: Run Behavior\ShowPageTraceBehavior [ RunTime:0.001540s ]
INFO: [ app_end ] --END-- [ RunTime:0.001631s ]

[ 2017-05-30T19:14:55+08:00 ] 127.0.0.1 /harmoniouscity/index.php/Home/index/index
INFO: [ app_init ] --START--
INFO: Run Behavior\BuildLiteBehavior [ RunTime:0.000019s ]
INFO: [ app_init ] --END-- [ RunTime:0.000502s ]
INFO: [ app_begin ] --START--
INFO: Run Behavior\ReadHtmlCacheBehavior [ RunTime:0.000549s ]
INFO: [ app_begin ] --END-- [ RunTime:0.000628s ]
SQL: SHOW COLUMNS FROM `hl_token` [ RunTime:0.0033s ]
SQL: SELECT * FROM `hl_token` WHERE `t_token` = null  [ RunTime:0.0003s ]
INFO: [ view_parse ] --START--
NOTIC: [2] file_get_contents(./Application/Home/View/footer.html): failed to open stream: No such file or directory /Users/hejiaxing/work/harmoniouscity/ThinkPHP/Library/Think/Template.class.php 第 696 行.
INFO: [ template_filter ] --START--
INFO: Run Behavior\ContentReplaceBehavior [ RunTime:0.000094s ]
INFO: [ template_filter ] --END-- [ RunTime:0.000149s ]
NOTIC: [2] Illegal string offset 'result' /Users/hejiaxing/work/harmoniouscity/Application/Runtime/Cache/Home/2a94b8bda04ff446dcedd42276fc99ee.php 第 41 行.
NOTIC: [2] Illegal string offset 'result' /Users/hejiaxing/work/harmoniouscity/Application/Runtime/Cache/Home/2a94b8bda04ff446dcedd42276fc99ee.php 第 44 行.
NOTIC: [2] Illegal string offset 'result' /Users/hejiaxing/work/harmoniouscity/Application/Runtime/Cache/Home/2a94b8bda04ff446dcedd42276fc99ee.php 第 99 行.
NOTIC: [2] Illegal string offset 'result' /Users/hejiaxing/work/harmoniouscity/Application/Runtime/Cache/Home/2a94b8bda04ff446dcedd42276fc99ee.php 第 100 行.
INFO: Run Behavior\ParseTemplateBehavior [ RunTime:0.011208s ]
INFO: [ view_parse ] --END-- [ RunTime:0.011259s ]
INFO: [ view_filter ] --START--
INFO: Run Behavior\WriteHtmlCacheBehavior [ RunTime:0.000117s ]
INFO: [ view_filter ] --END-- [ RunTime:0.000139s ]
INFO: [ app_end ] --START--
INFO: Run Behavior\ShowPageTraceBehavior [ RunTime:0.000648s ]
INFO: [ app_end ] --END-- [ RunTime:0.000693s ]

[ 2017-05-30T19:15:10+08:00 ] 127.0.0.1 /harmoniouscity/index.php/Home/index/index
INFO: [ app_init ] --START--
INFO: Run Behavior\BuildLiteBehavior [ RunTime:0.000017s ]
INFO: [ app_init ] --END-- [ RunTime:0.000390s ]
INFO: [ app_begin ] --START--
INFO: Run Behavior\ReadHtmlCacheBehavior [ RunTime:0.004191s ]
INFO: [ app_begin ] --END-- [ RunTime:0.004280s ]
SQL: SHOW COLUMNS FROM `hl_token` [ RunTime:0.0037s ]
SQL: SELECT * FROM `hl_token` WHERE `t_token` = null  [ RunTime:0.0003s ]
INFO: [ view_parse ] --START--
NOTIC: [2] file_get_contents(./Application/Home/View/footer.html): failed to open stream: No such file or directory /Users/hejiaxing/work/harmoniouscity/ThinkPHP/Library/Think/Template.class.php 第 696 行.
INFO: [ template_filter ] --START--
INFO: Run Behavior\ContentReplaceBehavior [ RunTime:0.000071s ]
INFO: [ template_filter ] --END-- [ RunTime:0.000119s ]
NOTIC: [2] Illegal string offset 'result' /Users/hejiaxing/work/harmoniouscity/Application/Runtime/Cache/Home/2a94b8bda04ff446dcedd42276fc99ee.php 第 41 行.
NOTIC: [2] Illegal string offset 'result' /Users/hejiaxing/work/harmoniouscity/Application/Runtime/Cache/Home/2a94b8bda04ff446dcedd42276fc99ee.php 第 44 行.
NOTIC: [2] Illegal string offset 'result' /Users/hejiaxing/work/harmoniouscity/Application/Runtime/Cache/Home/2a94b8bda04ff446dcedd42276fc99ee.php 第 99 行.
NOTIC: [2] Illegal string offset 'result' /Users/hejiaxing/work/harmoniouscity/Application/Runtime/Cache/Home/2a94b8bda04ff446dcedd42276fc99ee.php 第 100 行.
INFO: Run Behavior\ParseTemplateBehavior [ RunTime:0.021015s ]
INFO: [ view_parse ] --END-- [ RunTime:0.021063s ]
INFO: [ view_filter ] --START--
INFO: Run Behavior\WriteHtmlCacheBehavior [ RunTime:0.000130s ]
INFO: [ view_filter ] --END-- [ RunTime:0.000153s ]
INFO: [ app_end ] --START--
INFO: Run Behavior\ShowPageTraceBehavior [ RunTime:0.000545s ]
INFO: [ app_end ] --END-- [ RunTime:0.000597s ]

[ 2017-05-30T19:15:11+08:00 ] 127.0.0.1 /harmoniouscity/index.php/Home/index/index
INFO: [ app_init ] --START--
INFO: Run Behavior\BuildLiteBehavior [ RunTime:0.000009s ]
INFO: [ app_init ] --END-- [ RunTime:0.000209s ]
INFO: [ app_begin ] --START--
INFO: Run Behavior\ReadHtmlCacheBehavior [ RunTime:0.000265s ]
INFO: [ app_begin ] --END-- [ RunTime:0.000294s ]
SQL: SHOW COLUMNS FROM `hl_token` [ RunTime:0.0076s ]
SQL: SELECT * FROM `hl_token` WHERE `t_token` = null  [ RunTime:0.0003s ]
INFO: [ view_parse ] --START--
NOTIC: [2] file_get_contents(./Application/Home/View/footer.html): failed to open stream: No such file or directory /Users/hejiaxing/work/harmoniouscity/ThinkPHP/Library/Think/Template.class.php 第 696 行.
INFO: [ template_filter ] --START--
INFO: Run Behavior\ContentReplaceBehavior [ RunTime:0.000041s ]
INFO: [ template_filter ] --END-- [ RunTime:0.000080s ]
NOTIC: [2] Illegal string offset 'result' /Users/hejiaxing/work/harmoniouscity/Application/Runtime/Cache/Home/2a94b8bda04ff446dcedd42276fc99ee.php 第 41 行.
NOTIC: [2] Illegal string offset 'result' /Users/hejiaxing/work/harmoniouscity/Application/Runtime/Cache/Home/2a94b8bda04ff446dcedd42276fc99ee.php 第 44 行.
NOTIC: [2] Illegal string offset 'result' /Users/hejiaxing/work/harmoniouscity/Application/Runtime/Cache/Home/2a94b8bda04ff446dcedd42276fc99ee.php 第 99 行.
NOTIC: [2] Illegal string offset 'result' /Users/hejiaxing/work/harmoniouscity/Application/Runtime/Cache/Home/2a94b8bda04ff446dcedd42276fc99ee.php 第 100 行.
INFO: Run Behavior\ParseTemplateBehavior [ RunTime:0.007231s ]
INFO: [ view_parse ] --END-- [ RunTime:0.007263s ]
INFO: [ view_filter ] --START--
INFO: Run Behavior\WriteHtmlCacheBehavior [ RunTime:0.000182s ]
INFO: [ view_filter ] --END-- [ RunTime:0.000222s ]
INFO: [ app_end ] --START--
INFO: Run Behavior\ShowPageTraceBehavior [ RunTime:0.000495s ]
INFO: [ app_end ] --END-- [ RunTime:0.000541s ]

[ 2017-05-30T19:15:19+08:00 ] 127.0.0.1 /harmoniouscity/index.php/Home/index/index
INFO: [ app_init ] --START--
INFO: Run Behavior\BuildLiteBehavior [ RunTime:0.000036s ]
INFO: [ app_init ] --END-- [ RunTime:0.000680s ]
INFO: [ app_begin ] --START--
INFO: Run Behavior\ReadHtmlCacheBehavior [ RunTime:0.000849s ]
INFO: [ app_begin ] --END-- [ RunTime:0.001025s ]
SQL: SHOW COLUMNS FROM `hl_token` [ RunTime:0.0035s ]
SQL: SELECT * FROM `hl_token` WHERE `t_token` = null  [ RunTime:0.0004s ]
INFO: [ view_parse ] --START--
NOTIC: [2] file_get_contents(./Application/Home/View/footer.html): failed to open stream: No such file or directory /Users/hejiaxing/work/harmoniouscity/ThinkPHP/Library/Think/Template.class.php 第 696 行.
INFO: [ template_filter ] --START--
INFO: Run Behavior\ContentReplaceBehavior [ RunTime:0.000096s ]
INFO: [ template_filter ] --END-- [ RunTime:0.000165s ]
NOTIC: [2] Illegal string offset 'result' /Users/hejiaxing/work/harmoniouscity/Application/Runtime/Cache/Home/2a94b8bda04ff446dcedd42276fc99ee.php 第 41 行.
NOTIC: [2] Illegal string offset 'result' /Users/hejiaxing/work/harmoniouscity/Application/Runtime/Cache/Home/2a94b8bda04ff446dcedd42276fc99ee.php 第 44 行.
NOTIC: [2] Illegal string offset 'result' /Users/hejiaxing/work/harmoniouscity/Application/Runtime/Cache/Home/2a94b8bda04ff446dcedd42276fc99ee.php 第 99 行.
NOTIC: [2] Illegal string offset 'result' /Users/hejiaxing/work/harmoniouscity/Application/Runtime/Cache/Home/2a94b8bda04ff446dcedd42276fc99ee.php 第 100 行.
INFO: Run Behavior\ParseTemplateBehavior [ RunTime:0.015607s ]
INFO: [ view_parse ] --END-- [ RunTime:0.015671s ]
INFO: [ view_filter ] --START--
INFO: Run Behavior\WriteHtmlCacheBehavior [ RunTime:0.000472s ]
INFO: [ view_filter ] --END-- [ RunTime:0.000524s ]
INFO: [ app_end ] --START--
INFO: Run Behavior\ShowPageTraceBehavior [ RunTime:0.001518s ]
INFO: [ app_end ] --END-- [ RunTime:0.001585s ]

[ 2017-05-30T19:15:23+08:00 ] 127.0.0.1 /harmoniouscity/index.php/Home/index/index
INFO: [ app_init ] --START--
INFO: Run Behavior\BuildLiteBehavior [ RunTime:0.000035s ]
INFO: [ app_init ] --END-- [ RunTime:0.000512s ]
INFO: [ app_begin ] --START--
INFO: Run Behavior\ReadHtmlCacheBehavior [ RunTime:0.000546s ]
INFO: [ app_begin ] --END-- [ RunTime:0.000615s ]
SQL: SHOW COLUMNS FROM `hl_token` [ RunTime:0.0067s ]
SQL: SELECT * FROM `hl_token` WHERE `t_token` = null  [ RunTime:0.0003s ]
INFO: [ view_parse ] --START--
NOTIC: [2] file_get_contents(./Application/Home/View/footer.html): failed to open stream: No such file or directory /Users/hejiaxing/work/harmoniouscity/ThinkPHP/Library/Think/Template.class.php 第 696 行.
INFO: [ template_filter ] --START--
INFO: Run Behavior\ContentReplaceBehavior [ RunTime:0.000071s ]
INFO: [ template_filter ] --END-- [ RunTime:0.000116s ]
NOTIC: [2] Illegal string offset 'result' /Users/hejiaxing/work/harmoniouscity/Application/Runtime/Cache/Home/2a94b8bda04ff446dcedd42276fc99ee.php 第 41 行.
NOTIC: [2] Illegal string offset 'result' /Users/hejiaxing/work/harmoniouscity/Application/Runtime/Cache/Home/2a94b8bda04ff446dcedd42276fc99ee.php 第 44 行.
NOTIC: [2] Illegal string offset 'result' /Users/hejiaxing/work/harmoniouscity/Application/Runtime/Cache/Home/2a94b8bda04ff446dcedd42276fc99ee.php 第 99 行.
NOTIC: [2] Illegal string offset 'result' /Users/hejiaxing/work/harmoniouscity/Application/Runtime/Cache/Home/2a94b8bda04ff446dcedd42276fc99ee.php 第 100 行.
INFO: Run Behavior\ParseTemplateBehavior [ RunTime:0.011996s ]
INFO: [ view_parse ] --END-- [ RunTime:0.012061s ]
INFO: [ view_filter ] --START--
INFO: Run Behavior\WriteHtmlCacheBehavior [ RunTime:0.000226s ]
INFO: [ view_filter ] --END-- [ RunTime:0.000266s ]
INFO: [ app_end ] --START--
INFO: Run Behavior\ShowPageTraceBehavior [ RunTime:0.000702s ]
INFO: [ app_end ] --END-- [ RunTime:0.000773s ]

[ 2017-05-30T19:15:28+08:00 ] 127.0.0.1 /harmoniouscity/index.php/Home/index/index
INFO: [ app_init ] --START--
INFO: Run Behavior\BuildLiteBehavior [ RunTime:0.000014s ]
INFO: [ app_init ] --END-- [ RunTime:0.000407s ]
INFO: [ app_begin ] --START--
INFO: Run Behavior\ReadHtmlCacheBehavior [ RunTime:0.000325s ]
INFO: [ app_begin ] --END-- [ RunTime:0.000366s ]
SQL: SHOW COLUMNS FROM `hl_token` [ RunTime:0.0042s ]
SQL: SELECT * FROM `hl_token` WHERE `t_token` = null  [ RunTime:0.0002s ]
INFO: [ view_parse ] --START--
NOTIC: [2] file_get_contents(./Application/Home/View/footer.html): failed to open stream: No such file or directory /Users/hejiaxing/work/harmoniouscity/ThinkPHP/Library/Think/Template.class.php 第 696 行.
INFO: [ template_filter ] --START--
INFO: Run Behavior\ContentReplaceBehavior [ RunTime:0.000041s ]
INFO: [ template_filter ] --END-- [ RunTime:0.000083s ]
NOTIC: [2] Illegal string offset 'result' /Users/hejiaxing/work/harmoniouscity/Application/Runtime/Cache/Home/2a94b8bda04ff446dcedd42276fc99ee.php 第 41 行.
NOTIC: [2] Illegal string offset 'result' /Users/hejiaxing/work/harmoniouscity/Application/Runtime/Cache/Home/2a94b8bda04ff446dcedd42276fc99ee.php 第 44 行.
NOTIC: [2] Illegal string offset 'result' /Users/hejiaxing/work/harmoniouscity/Application/Runtime/Cache/Home/2a94b8bda04ff446dcedd42276fc99ee.php 第 99 行.
NOTIC: [2] Illegal string offset 'result' /Users/hejiaxing/work/harmoniouscity/Application/Runtime/Cache/Home/2a94b8bda04ff446dcedd42276fc99ee.php 第 100 行.
INFO: Run Behavior\ParseTemplateBehavior [ RunTime:0.007785s ]
INFO: [ view_parse ] --END-- [ RunTime:0.007831s ]
INFO: [ view_filter ] --START--
INFO: Run Behavior\WriteHtmlCacheBehavior [ RunTime:0.000168s ]
INFO: [ view_filter ] --END-- [ RunTime:0.000208s ]
INFO: [ app_end ] --START--
INFO: Run Behavior\ShowPageTraceBehavior [ RunTime:0.000550s ]
INFO: [ app_end ] --END-- [ RunTime:0.000606s ]

[ 2017-05-30T19:16:14+08:00 ] 127.0.0.1 /harmoniouscity/index.php/Home/index/index
INFO: [ app_init ] --START--
INFO: Run Behavior\BuildLiteBehavior [ RunTime:0.000013s ]
INFO: [ app_init ] --END-- [ RunTime:0.000285s ]
INFO: [ app_begin ] --START--
INFO: Run Behavior\ReadHtmlCacheBehavior [ RunTime:0.000609s ]
INFO: [ app_begin ] --END-- [ RunTime:0.000656s ]
SQL: SHOW COLUMNS FROM `hl_token` [ RunTime:0.0063s ]
SQL: SELECT * FROM `hl_token` WHERE `t_token` = null  [ RunTime:0.0002s ]
INFO: [ view_parse ] --START--
NOTIC: [2] file_get_contents(./Application/Home/View/footer.html): failed to open stream: No such file or directory /Users/hejiaxing/work/harmoniouscity/ThinkPHP/Library/Think/Template.class.php 第 696 行.
INFO: [ template_filter ] --START--
INFO: Run Behavior\ContentReplaceBehavior [ RunTime:0.000053s ]
INFO: [ template_filter ] --END-- [ RunTime:0.000104s ]
NOTIC: [2] Illegal string offset 'result' /Users/hejiaxing/work/harmoniouscity/Application/Runtime/Cache/Home/2a94b8bda04ff446dcedd42276fc99ee.php 第 41 行.
NOTIC: [2] Illegal string offset 'result' /Users/hejiaxing/work/harmoniouscity/Application/Runtime/Cache/Home/2a94b8bda04ff446dcedd42276fc99ee.php 第 44 行.
NOTIC: [2] Illegal string offset 'result' /Users/hejiaxing/work/harmoniouscity/Application/Runtime/Cache/Home/2a94b8bda04ff446dcedd42276fc99ee.php 第 99 行.
NOTIC: [2] Illegal string offset 'result' /Users/hejiaxing/work/harmoniouscity/Application/Runtime/Cache/Home/2a94b8bda04ff446dcedd42276fc99ee.php 第 100 行.
INFO: Run Behavior\ParseTemplateBehavior [ RunTime:0.008814s ]
INFO: [ view_parse ] --END-- [ RunTime:0.008847s ]
INFO: [ view_filter ] --START--
INFO: Run Behavior\WriteHtmlCacheBehavior [ RunTime:0.000111s ]
INFO: [ view_filter ] --END-- [ RunTime:0.000133s ]
INFO: [ app_end ] --START--
INFO: Run Behavior\ShowPageTraceBehavior [ RunTime:0.000539s ]
INFO: [ app_end ] --END-- [ RunTime:0.000581s ]

[ 2017-05-30T19:16:18+08:00 ] 127.0.0.1 /harmoniouscity/index.php/Home/index/index
INFO: [ app_init ] --START--
INFO: Run Behavior\BuildLiteBehavior [ RunTime:0.000018s ]
INFO: [ app_init ] --END-- [ RunTime:0.000472s ]
INFO: [ app_begin ] --START--
INFO: Run Behavior\ReadHtmlCacheBehavior [ RunTime:0.000503s ]
INFO: [ app_begin ] --END-- [ RunTime:0.000563s ]
SQL: SHOW COLUMNS FROM `hl_token` [ RunTime:0.0033s ]
SQL: SELECT * FROM `hl_token` WHERE `t_token` = null  [ RunTime:0.0004s ]
INFO: [ view_parse ] --START--
NOTIC: [2] file_get_contents(./Application/Home/View/footer.html): failed to open stream: No such file or directory /Users/hejiaxing/work/harmoniouscity/ThinkPHP/Library/Think/Template.class.php 第 696 行.
INFO: [ template_filter ] --START--
INFO: Run Behavior\ContentReplaceBehavior [ RunTime:0.000094s ]
INFO: [ template_filter ] --END-- [ RunTime:0.000169s ]
NOTIC: [2] Illegal string offset 'result' /Users/hejiaxing/work/harmoniouscity/Application/Runtime/Cache/Home/2a94b8bda04ff446dcedd42276fc99ee.php 第 41 行.
NOTIC: [2] Illegal string offset 'result' /Users/hejiaxing/work/harmoniouscity/Application/Runtime/Cache/Home/2a94b8bda04ff446dcedd42276fc99ee.php 第 44 行.
NOTIC: [2] Illegal string offset 'result' /Users/hejiaxing/work/harmoniouscity/Application/Runtime/Cache/Home/2a94b8bda04ff446dcedd42276fc99ee.php 第 99 行.
NOTIC: [2] Illegal string offset 'result' /Users/hejiaxing/work/harmoniouscity/Application/Runtime/Cache/Home/2a94b8bda04ff446dcedd42276fc99ee.php 第 100 行.
INFO: Run Behavior\ParseTemplateBehavior [ RunTime:0.013324s ]
INFO: [ view_parse ] --END-- [ RunTime:0.013383s ]
INFO: [ view_filter ] --START--
INFO: Run Behavior\WriteHtmlCacheBehavior [ RunTime:0.000157s ]
INFO: [ view_filter ] --END-- [ RunTime:0.000185s ]
INFO: [ app_end ] --START--
INFO: Run Behavior\ShowPageTraceBehavior [ RunTime:0.000743s ]
INFO: [ app_end ] --END-- [ RunTime:0.000816s ]

[ 2017-05-30T19:16:26+08:00 ] 127.0.0.1 /harmoniouscity/index.php/Home/index/index
INFO: [ app_init ] --START--
INFO: Run Behavior\BuildLiteBehavior [ RunTime:0.000010s ]
INFO: [ app_init ] --END-- [ RunTime:0.000246s ]
INFO: [ app_begin ] --START--
INFO: Run Behavior\ReadHtmlCacheBehavior [ RunTime:0.000308s ]
INFO: [ app_begin ] --END-- [ RunTime:0.000341s ]
SQL: SHOW COLUMNS FROM `hl_token` [ RunTime:0.0064s ]
SQL: SELECT * FROM `hl_token` WHERE `t_token` = null  [ RunTime:0.0003s ]
INFO: [ view_parse ] --START--
NOTIC: [2] file_get_contents(./Application/Home/View/footer.html): failed to open stream: No such file or directory /Users/hejiaxing/work/harmoniouscity/ThinkPHP/Library/Think/Template.class.php 第 696 行.
INFO: [ template_filter ] --START--
INFO: Run Behavior\ContentReplaceBehavior [ RunTime:0.000042s ]
INFO: [ template_filter ] --END-- [ RunTime:0.000086s ]
NOTIC: [2] Illegal string offset 'result' /Users/hejiaxing/work/harmoniouscity/Application/Runtime/Cache/Home/2a94b8bda04ff446dcedd42276fc99ee.php 第 41 行.
NOTIC: [2] Illegal string offset 'result' /Users/hejiaxing/work/harmoniouscity/Application/Runtime/Cache/Home/2a94b8bda04ff446dcedd42276fc99ee.php 第 44 行.
NOTIC: [2] Illegal string offset 'result' /Users/hejiaxing/work/harmoniouscity/Application/Runtime/Cache/Home/2a94b8bda04ff446dcedd42276fc99ee.php 第 99 行.
NOTIC: [2] Illegal string offset 'result' /Users/hejiaxing/work/harmoniouscity/Application/Runtime/Cache/Home/2a94b8bda04ff446dcedd42276fc99ee.php 第 100 行.
INFO: Run Behavior\ParseTemplateBehavior [ RunTime:0.011804s ]
INFO: [ view_parse ] --END-- [ RunTime:0.011844s ]
INFO: [ view_filter ] --START--
INFO: Run Behavior\WriteHtmlCacheBehavior [ RunTime:0.000129s ]
INFO: [ view_filter ] --END-- [ RunTime:0.000152s ]
INFO: [ app_end ] --START--
INFO: Run Behavior\ShowPageTraceBehavior [ RunTime:0.000527s ]
INFO: [ app_end ] --END-- [ RunTime:0.000577s ]

[ 2017-05-30T19:16:32+08:00 ] 127.0.0.1 /harmoniouscity/index.php/Home/index/index
INFO: [ app_init ] --START--
INFO: Run Behavior\BuildLiteBehavior [ RunTime:0.000012s ]
INFO: [ app_init ] --END-- [ RunTime:0.000279s ]
INFO: [ app_begin ] --START--
INFO: Run Behavior\ReadHtmlCacheBehavior [ RunTime:0.000364s ]
INFO: [ app_begin ] --END-- [ RunTime:0.000404s ]
SQL: SHOW COLUMNS FROM `hl_token` [ RunTime:0.0034s ]
SQL: SELECT * FROM `hl_token` WHERE `t_token` = null  [ RunTime:0.0002s ]
INFO: [ view_parse ] --START--
NOTIC: [2] file_get_contents(./Application/Home/View/footer.html): failed to open stream: No such file or directory /Users/hejiaxing/work/harmoniouscity/ThinkPHP/Library/Think/Template.class.php 第 696 行.
INFO: [ template_filter ] --START--
INFO: Run Behavior\ContentReplaceBehavior [ RunTime:0.000052s ]
INFO: [ template_filter ] --END-- [ RunTime:0.000097s ]
NOTIC: [2] Illegal string offset 'result' /Users/hejiaxing/work/harmoniouscity/Application/Runtime/Cache/Home/2a94b8bda04ff446dcedd42276fc99ee.php 第 41 行.
NOTIC: [2] Illegal string offset 'result' /Users/hejiaxing/work/harmoniouscity/Application/Runtime/Cache/Home/2a94b8bda04ff446dcedd42276fc99ee.php 第 44 行.
NOTIC: [2] Illegal string offset 'result' /Users/hejiaxing/work/harmoniouscity/Application/Runtime/Cache/Home/2a94b8bda04ff446dcedd42276fc99ee.php 第 99 行.
NOTIC: [2] Illegal string offset 'result' /Users/hejiaxing/work/harmoniouscity/Application/Runtime/Cache/Home/2a94b8bda04ff446dcedd42276fc99ee.php 第 100 行.
INFO: Run Behavior\ParseTemplateBehavior [ RunTime:0.007499s ]
INFO: [ view_parse ] --END-- [ RunTime:0.007544s ]
INFO: [ view_filter ] --START--
INFO: Run Behavior\WriteHtmlCacheBehavior [ RunTime:0.000276s ]
INFO: [ view_filter ] --END-- [ RunTime:0.000315s ]
INFO: [ app_end ] --START--
INFO: Run Behavior\ShowPageTraceBehavior [ RunTime:0.000669s ]
INFO: [ app_end ] --END-- [ RunTime:0.000720s ]

[ 2017-05-30T19:16:55+08:00 ] 127.0.0.1 /harmoniouscity/index.php/Home/index/index
INFO: [ app_init ] --START--
INFO: Run Behavior\BuildLiteBehavior [ RunTime:0.000015s ]
INFO: [ app_init ] --END-- [ RunTime:0.000396s ]
INFO: [ app_begin ] --START--
INFO: Run Behavior\ReadHtmlCacheBehavior [ RunTime:0.000448s ]
INFO: [ app_begin ] --END-- [ RunTime:0.000502s ]
SQL: SHOW COLUMNS FROM `hl_token` [ RunTime:0.0067s ]
SQL: SELECT * FROM `hl_token` WHERE `t_token` = null  [ RunTime:0.0003s ]
INFO: [ view_parse ] --START--
NOTIC: [2] file_get_contents(./Application/Home/View/footer.html): failed to open stream: No such file or directory /Users/hejiaxing/work/harmoniouscity/ThinkPHP/Library/Think/Template.class.php 第 696 行.
INFO: [ template_filter ] --START--
INFO: Run Behavior\ContentReplaceBehavior [ RunTime:0.000066s ]
INFO: [ template_filter ] --END-- [ RunTime:0.000103s ]
NOTIC: [2] Illegal string offset 'result' /Users/hejiaxing/work/harmoniouscity/Application/Runtime/Cache/Home/2a94b8bda04ff446dcedd42276fc99ee.php 第 41 行.
NOTIC: [2] Illegal string offset 'result' /Users/hejiaxing/work/harmoniouscity/Application/Runtime/Cache/Home/2a94b8bda04ff446dcedd42276fc99ee.php 第 44 行.
NOTIC: [2] Illegal string offset 'result' /Users/hejiaxing/work/harmoniouscity/Application/Runtime/Cache/Home/2a94b8bda04ff446dcedd42276fc99ee.php 第 99 行.
NOTIC: [2] Illegal string offset 'result' /Users/hejiaxing/work/harmoniouscity/Application/Runtime/Cache/Home/2a94b8bda04ff446dcedd42276fc99ee.php 第 100 行.
INFO: Run Behavior\ParseTemplateBehavior [ RunTime:0.011277s ]
INFO: [ view_parse ] --END-- [ RunTime:0.011333s ]
INFO: [ view_filter ] --START--
INFO: Run Behavior\WriteHtmlCacheBehavior [ RunTime:0.000130s ]
INFO: [ view_filter ] --END-- [ RunTime:0.000153s ]
INFO: [ app_end ] --START--
INFO: Run Behavior\ShowPageTraceBehavior [ RunTime:0.000606s ]
INFO: [ app_end ] --END-- [ RunTime:0.000669s ]

[ 2017-05-30T19:17:34+08:00 ] 127.0.0.1 /harmoniouscity/index.php/Home/index/index
INFO: [ app_init ] --START--
INFO: Run Behavior\BuildLiteBehavior [ RunTime:0.000012s ]
INFO: [ app_init ] --END-- [ RunTime:0.000286s ]
INFO: [ app_begin ] --START--
INFO: Run Behavior\ReadHtmlCacheBehavior [ RunTime:0.000355s ]
INFO: [ app_begin ] --END-- [ RunTime:0.000396s ]
SQL: SHOW COLUMNS FROM `hl_token` [ RunTime:0.0034s ]
SQL: SELECT * FROM `hl_token` WHERE `t_token` = null  [ RunTime:0.0005s ]
INFO: [ view_parse ] --START--
NOTIC: [2] file_get_contents(./Application/Home/View/footer.html): failed to open stream: No such file or directory /Users/hejiaxing/work/harmoniouscity/ThinkPHP/Library/Think/Template.class.php 第 696 行.
INFO: [ template_filter ] --START--
INFO: Run Behavior\ContentReplaceBehavior [ RunTime:0.000074s ]
INFO: [ template_filter ] --END-- [ RunTime:0.000138s ]
NOTIC: [2] Illegal string offset 'result' /Users/hejiaxing/work/harmoniouscity/Application/Runtime/Cache/Home/2a94b8bda04ff446dcedd42276fc99ee.php 第 41 行.
NOTIC: [2] Illegal string offset 'result' /Users/hejiaxing/work/harmoniouscity/Application/Runtime/Cache/Home/2a94b8bda04ff446dcedd42276fc99ee.php 第 44 行.
NOTIC: [2] Illegal string offset 'result' /Users/hejiaxing/work/harmoniouscity/Application/Runtime/Cache/Home/2a94b8bda04ff446dcedd42276fc99ee.php 第 99 行.
NOTIC: [2] Illegal string offset 'result' /Users/hejiaxing/work/harmoniouscity/Application/Runtime/Cache/Home/2a94b8bda04ff446dcedd42276fc99ee.php 第 100 行.
INFO: Run Behavior\ParseTemplateBehavior [ RunTime:0.008324s ]
INFO: [ view_parse ] --END-- [ RunTime:0.008364s ]
INFO: [ view_filter ] --START--
INFO: Run Behavior\WriteHtmlCacheBehavior [ RunTime:0.000128s ]
INFO: [ view_filter ] --END-- [ RunTime:0.000151s ]
INFO: [ app_end ] --START--
INFO: Run Behavior\ShowPageTraceBehavior [ RunTime:0.000479s ]
INFO: [ app_end ] --END-- [ RunTime:0.000530s ]

[ 2017-05-30T19:26:46+08:00 ] 127.0.0.1 /harmoniouscity/index.php/Home/index/index
INFO: [ app_init ] --START--
INFO: Run Behavior\BuildLiteBehavior [ RunTime:0.000018s ]
INFO: [ app_init ] --END-- [ RunTime:0.000442s ]
INFO: [ app_begin ] --START--
INFO: Run Behavior\ReadHtmlCacheBehavior [ RunTime:0.004313s ]
INFO: [ app_begin ] --END-- [ RunTime:0.004402s ]
SQL: SHOW COLUMNS FROM `hl_token` [ RunTime:0.0049s ]
SQL: SELECT * FROM `hl_token` WHERE `t_token` = null  [ RunTime:0.0004s ]
INFO: [ view_parse ] --START--
NOTIC: [2] file_get_contents(./Application/Home/View/footer.html): failed to open stream: No such file or directory /Users/hejiaxing/work/harmoniouscity/ThinkPHP/Library/Think/Template.class.php 第 696 行.
INFO: [ template_filter ] --START--
INFO: Run Behavior\ContentReplaceBehavior [ RunTime:0.000083s ]
INFO: [ template_filter ] --END-- [ RunTime:0.000147s ]
NOTIC: [2] Illegal string offset 'result' /Users/hejiaxing/work/harmoniouscity/Application/Runtime/Cache/Home/2a94b8bda04ff446dcedd42276fc99ee.php 第 41 行.
NOTIC: [2] Illegal string offset 'result' /Users/hejiaxing/work/harmoniouscity/Application/Runtime/Cache/Home/2a94b8bda04ff446dcedd42276fc99ee.php 第 44 行.
NOTIC: [2] Illegal string offset 'result' /Users/hejiaxing/work/harmoniouscity/Application/Runtime/Cache/Home/2a94b8bda04ff446dcedd42276fc99ee.php 第 99 行.
NOTIC: [2] Illegal string offset 'result' /Users/hejiaxing/work/harmoniouscity/Application/Runtime/Cache/Home/2a94b8bda04ff446dcedd42276fc99ee.php 第 100 行.
INFO: Run Behavior\ParseTemplateBehavior [ RunTime:0.014103s ]
INFO: [ view_parse ] --END-- [ RunTime:0.014160s ]
INFO: [ view_filter ] --START--
INFO: Run Behavior\WriteHtmlCacheBehavior [ RunTime:0.000760s ]
INFO: [ view_filter ] --END-- [ RunTime:0.000814s ]
INFO: [ app_end ] --START--
INFO: Run Behavior\ShowPageTraceBehavior [ RunTime:0.002164s ]
INFO: [ app_end ] --END-- [ RunTime:0.002246s ]

[ 2017-05-30T19:26:48+08:00 ] 127.0.0.1 /harmoniouscity/index.php/Home/index/index
INFO: [ app_init ] --START--
INFO: Run Behavior\BuildLiteBehavior [ RunTime:0.000013s ]
INFO: [ app_init ] --END-- [ RunTime:0.000351s ]
INFO: [ app_begin ] --START--
INFO: Run Behavior\ReadHtmlCacheBehavior [ RunTime:0.000428s ]
INFO: [ app_begin ] --END-- [ RunTime:0.000482s ]
SQL: SHOW COLUMNS FROM `hl_token` [ RunTime:0.0067s ]
SQL: SELECT * FROM `hl_token` WHERE `t_token` = null  [ RunTime:0.0003s ]
INFO: [ view_parse ] --START--
NOTIC: [2] file_get_contents(./Application/Home/View/footer.html): failed to open stream: No such file or directory /Users/hejiaxing/work/harmoniouscity/ThinkPHP/Library/Think/Template.class.php 第 696 行.
INFO: [ template_filter ] --START--
INFO: Run Behavior\ContentReplaceBehavior [ RunTime:0.000063s ]
INFO: [ template_filter ] --END-- [ RunTime:0.000103s ]
NOTIC: [2] Illegal string offset 'result' /Users/hejiaxing/work/harmoniouscity/Application/Runtime/Cache/Home/2a94b8bda04ff446dcedd42276fc99ee.php 第 41 行.
NOTIC: [2] Illegal string offset 'result' /Users/hejiaxing/work/harmoniouscity/Application/Runtime/Cache/Home/2a94b8bda04ff446dcedd42276fc99ee.php 第 44 行.
NOTIC: [2] Illegal string offset 'result' /Users/hejiaxing/work/harmoniouscity/Application/Runtime/Cache/Home/2a94b8bda04ff446dcedd42276fc99ee.php 第 99 行.
NOTIC: [2] Illegal string offset 'result' /Users/hejiaxing/work/harmoniouscity/Application/Runtime/Cache/Home/2a94b8bda04ff446dcedd42276fc99ee.php 第 100 行.
INFO: Run Behavior\ParseTemplateBehavior [ RunTime:0.011021s ]
INFO: [ view_parse ] --END-- [ RunTime:0.011084s ]
INFO: [ view_filter ] --START--
INFO: Run Behavior\WriteHtmlCacheBehavior [ RunTime:0.000149s ]
INFO: [ view_filter ] --END-- [ RunTime:0.000179s ]
INFO: [ app_end ] --START--
INFO: Run Behavior\ShowPageTraceBehavior [ RunTime:0.000605s ]
INFO: [ app_end ] --END-- [ RunTime:0.000651s ]

[ 2017-05-30T19:26:49+08:00 ] 127.0.0.1 /harmoniouscity/index.php/Home/index/index
INFO: [ app_init ] --START--
INFO: Run Behavior\BuildLiteBehavior [ RunTime:0.000031s ]
INFO: [ app_init ] --END-- [ RunTime:0.000344s ]
INFO: [ app_begin ] --START--
INFO: Run Behavior\ReadHtmlCacheBehavior [ RunTime:0.000316s ]
INFO: [ app_begin ] --END-- [ RunTime:0.000350s ]
SQL: SHOW COLUMNS FROM `hl_token` [ RunTime:0.0038s ]
SQL: SELECT * FROM `hl_token` WHERE `t_token` = null  [ RunTime:0.0002s ]
INFO: [ view_parse ] --START--
NOTIC: [2] file_get_contents(./Application/Home/View/footer.html): failed to open stream: No such file or directory /Users/hejiaxing/work/harmoniouscity/ThinkPHP/Library/Think/Template.class.php 第 696 行.
INFO: [ template_filter ] --START--
INFO: Run Behavior\ContentReplaceBehavior [ RunTime:0.000046s ]
INFO: [ template_filter ] --END-- [ RunTime:0.000094s ]
NOTIC: [2] Illegal string offset 'result' /Users/hejiaxing/work/harmoniouscity/Application/Runtime/Cache/Home/2a94b8bda04ff446dcedd42276fc99ee.php 第 41 行.
NOTIC: [2] Illegal string offset 'result' /Users/hejiaxing/work/harmoniouscity/Application/Runtime/Cache/Home/2a94b8bda04ff446dcedd42276fc99ee.php 第 44 行.
NOTIC: [2] Illegal string offset 'result' /Users/hejiaxing/work/harmoniouscity/Application/Runtime/Cache/Home/2a94b8bda04ff446dcedd42276fc99ee.php 第 99 行.
NOTIC: [2] Illegal string offset 'result' /Users/hejiaxing/work/harmoniouscity/Application/Runtime/Cache/Home/2a94b8bda04ff446dcedd42276fc99ee.php 第 100 行.
INFO: Run Behavior\ParseTemplateBehavior [ RunTime:0.008221s ]
INFO: [ view_parse ] --END-- [ RunTime:0.008255s ]
INFO: [ view_filter ] --START--
INFO: Run Behavior\WriteHtmlCacheBehavior [ RunTime:0.000125s ]
INFO: [ view_filter ] --END-- [ RunTime:0.000149s ]
INFO: [ app_end ] --START--
INFO: Run Behavior\ShowPageTraceBehavior [ RunTime:0.001686s ]
INFO: [ app_end ] --END-- [ RunTime:0.001753s ]

[ 2017-05-30T19:26:51+08:00 ] 127.0.0.1 /harmoniouscity/index.php/Home/index/index
INFO: [ app_init ] --START--
INFO: Run Behavior\BuildLiteBehavior [ RunTime:0.000012s ]
INFO: [ app_init ] --END-- [ RunTime:0.000260s ]
INFO: [ app_begin ] --START--
INFO: Run Behavior\ReadHtmlCacheBehavior [ RunTime:0.000396s ]
INFO: [ app_begin ] --END-- [ RunTime:0.000435s ]
SQL: SHOW COLUMNS FROM `hl_token` [ RunTime:0.0032s ]
SQL: SELECT * FROM `hl_token` WHERE `t_token` = null  [ RunTime:0.0006s ]
INFO: [ view_parse ] --START--
NOTIC: [2] file_get_contents(./Application/Home/View/footer.html): failed to open stream: No such file or directory /Users/hejiaxing/work/harmoniouscity/ThinkPHP/Library/Think/Template.class.php 第 696 行.
INFO: [ template_filter ] --START--
INFO: Run Behavior\ContentReplaceBehavior [ RunTime:0.000046s ]
INFO: [ template_filter ] --END-- [ RunTime:0.000090s ]
NOTIC: [2] Illegal string offset 'result' /Users/hejiaxing/work/harmoniouscity/Application/Runtime/Cache/Home/2a94b8bda04ff446dcedd42276fc99ee.php 第 41 行.
NOTIC: [2] Illegal string offset 'result' /Users/hejiaxing/work/harmoniouscity/Application/Runtime/Cache/Home/2a94b8bda04ff446dcedd42276fc99ee.php 第 44 行.
NOTIC: [2] Illegal string offset 'result' /Users/hejiaxing/work/harmoniouscity/Application/Runtime/Cache/Home/2a94b8bda04ff446dcedd42276fc99ee.php 第 99 行.
NOTIC: [2] Illegal string offset 'result' /Users/hejiaxing/work/harmoniouscity/Application/Runtime/Cache/Home/2a94b8bda04ff446dcedd42276fc99ee.php 第 100 行.
INFO: Run Behavior\ParseTemplateBehavior [ RunTime:0.009167s ]
INFO: [ view_parse ] --END-- [ RunTime:0.009211s ]
INFO: [ view_filter ] --START--
INFO: Run Behavior\WriteHtmlCacheBehavior [ RunTime:0.000136s ]
INFO: [ view_filter ] --END-- [ RunTime:0.000159s ]
INFO: [ app_end ] --START--
INFO: Run Behavior\ShowPageTraceBehavior [ RunTime:0.000582s ]
INFO: [ app_end ] --END-- [ RunTime:0.000633s ]

[ 2017-05-30T19:26:52+08:00 ] 127.0.0.1 /harmoniouscity/index.php/Home/index/index
INFO: [ app_init ] --START--
INFO: Run Behavior\BuildLiteBehavior [ RunTime:0.000011s ]
INFO: [ app_init ] --END-- [ RunTime:0.000229s ]
INFO: [ app_begin ] --START--
INFO: Run Behavior\ReadHtmlCacheBehavior [ RunTime:0.000548s ]
INFO: [ app_begin ] --END-- [ RunTime:0.000597s ]
SQL: SHOW COLUMNS FROM `hl_token` [ RunTime:0.0064s ]
SQL: SELECT * FROM `hl_token` WHERE `t_token` = null  [ RunTime:0.0003s ]
INFO: [ view_parse ] --START--
NOTIC: [2] file_get_contents(./Application/Home/View/footer.html): failed to open stream: No such file or directory /Users/hejiaxing/work/harmoniouscity/ThinkPHP/Library/Think/Template.class.php 第 696 行.
INFO: [ template_filter ] --START--
INFO: Run Behavior\ContentReplaceBehavior [ RunTime:0.000044s ]
INFO: [ template_filter ] --END-- [ RunTime:0.000087s ]
NOTIC: [2] Illegal string offset 'result' /Users/hejiaxing/work/harmoniouscity/Application/Runtime/Cache/Home/2a94b8bda04ff446dcedd42276fc99ee.php 第 41 行.
NOTIC: [2] Illegal string offset 'result' /Users/hejiaxing/work/harmoniouscity/Application/Runtime/Cache/Home/2a94b8bda04ff446dcedd42276fc99ee.php 第 44 行.
NOTIC: [2] Illegal string offset 'result' /Users/hejiaxing/work/harmoniouscity/Application/Runtime/Cache/Home/2a94b8bda04ff446dcedd42276fc99ee.php 第 99 行.
NOTIC: [2] Illegal string offset 'result' /Users/hejiaxing/work/harmoniouscity/Application/Runtime/Cache/Home/2a94b8bda04ff446dcedd42276fc99ee.php 第 100 行.
INFO: Run Behavior\ParseTemplateBehavior [ RunTime:0.008963s ]
INFO: [ view_parse ] --END-- [ RunTime:0.009005s ]
INFO: [ view_filter ] --START--
INFO: Run Behavior\WriteHtmlCacheBehavior [ RunTime:0.000147s ]
INFO: [ view_filter ] --END-- [ RunTime:0.000172s ]
INFO: [ app_end ] --START--
INFO: Run Behavior\ShowPageTraceBehavior [ RunTime:0.000593s ]
INFO: [ app_end ] --END-- [ RunTime:0.000654s ]

[ 2017-05-30T19:32:27+08:00 ] 127.0.0.1 /harmoniouscity/index.php/Home/index/index
INFO: [ app_init ] --START--
INFO: Run Behavior\BuildLiteBehavior [ RunTime:0.000022s ]
INFO: [ app_init ] --END-- [ RunTime:0.000737s ]
INFO: [ app_begin ] --START--
INFO: Run Behavior\ReadHtmlCacheBehavior [ RunTime:0.003687s ]
INFO: [ app_begin ] --END-- [ RunTime:0.003768s ]
SQL: SHOW COLUMNS FROM `hl_token` [ RunTime:0.0072s ]
SQL: SELECT * FROM `hl_token` WHERE `t_token` = null  [ RunTime:0.0004s ]
INFO: [ view_parse ] --START--
NOTIC: [2] file_get_contents(./Application/Home/View/footer.html): failed to open stream: No such file or directory /Users/hejiaxing/work/harmoniouscity/ThinkPHP/Library/Think/Template.class.php 第 696 行.
INFO: [ template_filter ] --START--
INFO: Run Behavior\ContentReplaceBehavior [ RunTime:0.000049s ]
INFO: [ template_filter ] --END-- [ RunTime:0.000102s ]
NOTIC: [2] Illegal string offset 'result' /Users/hejiaxing/work/harmoniouscity/Application/Runtime/Cache/Home/2a94b8bda04ff446dcedd42276fc99ee.php 第 41 行.
NOTIC: [2] Illegal string offset 'result' /Users/hejiaxing/work/harmoniouscity/Application/Runtime/Cache/Home/2a94b8bda04ff446dcedd42276fc99ee.php 第 44 行.
NOTIC: [2] Illegal string offset 'result' /Users/hejiaxing/work/harmoniouscity/Application/Runtime/Cache/Home/2a94b8bda04ff446dcedd42276fc99ee.php 第 99 行.
NOTIC: [2] Illegal string offset 'result' /Users/hejiaxing/work/harmoniouscity/Application/Runtime/Cache/Home/2a94b8bda04ff446dcedd42276fc99ee.php 第 100 行.
INFO: Run Behavior\ParseTemplateBehavior [ RunTime:0.025049s ]
INFO: [ view_parse ] --END-- [ RunTime:0.025106s ]
INFO: [ view_filter ] --START--
INFO: Run Behavior\WriteHtmlCacheBehavior [ RunTime:0.002555s ]
INFO: [ view_filter ] --END-- [ RunTime:0.002616s ]
INFO: [ app_end ] --START--
INFO: Run Behavior\ShowPageTraceBehavior [ RunTime:0.009354s ]
INFO: [ app_end ] --END-- [ RunTime:0.009422s ]

[ 2017-05-30T19:34:08+08:00 ] 127.0.0.1 /harmoniouscity/index.php/Home/index/index
INFO: [ app_init ] --START--
INFO: Run Behavior\BuildLiteBehavior [ RunTime:0.000038s ]
INFO: [ app_init ] --END-- [ RunTime:0.000546s ]
INFO: [ app_begin ] --START--
INFO: Run Behavior\ReadHtmlCacheBehavior [ RunTime:0.000461s ]
INFO: [ app_begin ] --END-- [ RunTime:0.000529s ]
SQL: SHOW COLUMNS FROM `hl_token` [ RunTime:0.0051s ]
SQL: SELECT * FROM `hl_token` WHERE `t_token` = null  [ RunTime:0.0005s ]
INFO: [ view_parse ] --START--
NOTIC: [2] file_get_contents(./Application/Home/View/footer.html): failed to open stream: No such file or directory /Users/hejiaxing/work/harmoniouscity/ThinkPHP/Library/Think/Template.class.php 第 696 行.
INFO: [ template_filter ] --START--
INFO: Run Behavior\ContentReplaceBehavior [ RunTime:0.000153s ]
INFO: [ template_filter ] --END-- [ RunTime:0.000299s ]
NOTIC: [2] Illegal string offset 'result' /Users/hejiaxing/work/harmoniouscity/Application/Runtime/Cache/Home/2a94b8bda04ff446dcedd42276fc99ee.php 第 41 行.
NOTIC: [2] Illegal string offset 'result' /Users/hejiaxing/work/harmoniouscity/Application/Runtime/Cache/Home/2a94b8bda04ff446dcedd42276fc99ee.php 第 44 行.
NOTIC: [2] Illegal string offset 'result' /Users/hejiaxing/work/harmoniouscity/Application/Runtime/Cache/Home/2a94b8bda04ff446dcedd42276fc99ee.php 第 99 行.
NOTIC: [2] Illegal string offset 'result' /Users/hejiaxing/work/harmoniouscity/Application/Runtime/Cache/Home/2a94b8bda04ff446dcedd42276fc99ee.php 第 100 行.
INFO: Run Behavior\ParseTemplateBehavior [ RunTime:0.010372s ]
INFO: [ view_parse ] --END-- [ RunTime:0.010416s ]
INFO: [ view_filter ] --START--
INFO: Run Behavior\WriteHtmlCacheBehavior [ RunTime:0.000144s ]
INFO: [ view_filter ] --END-- [ RunTime:0.000169s ]
INFO: [ app_end ] --START--
INFO: Run Behavior\ShowPageTraceBehavior [ RunTime:0.000754s ]
INFO: [ app_end ] --END-- [ RunTime:0.000809s ]

[ 2017-05-30T19:34:15+08:00 ] 127.0.0.1 /harmoniouscity/index.php/Home/index/register.html
INFO: [ app_init ] --START--
INFO: Run Behavior\BuildLiteBehavior [ RunTime:0.000010s ]
INFO: [ app_init ] --END-- [ RunTime:0.000274s ]
INFO: [ app_begin ] --START--
INFO: Run Behavior\ReadHtmlCacheBehavior [ RunTime:0.000276s ]
INFO: [ app_begin ] --END-- [ RunTime:0.000307s ]
SQL: SHOW COLUMNS FROM `hl_token` [ RunTime:0.0065s ]
SQL: SELECT * FROM `hl_token` WHERE `t_token` = null  [ RunTime:0.0002s ]
INFO: [ view_parse ] --START--
NOTIC: [2] file_get_contents(./Application/Home/View/footer.html): failed to open stream: No such file or directory /Users/hejiaxing/work/harmoniouscity/ThinkPHP/Library/Think/Template.class.php 第 696 行.
INFO: [ template_filter ] --START--
INFO: Run Behavior\ContentReplaceBehavior [ RunTime:0.000041s ]
INFO: [ template_filter ] --END-- [ RunTime:0.000082s ]
NOTIC: [2] Illegal string offset 'result' /Users/hejiaxing/work/harmoniouscity/Application/Runtime/Cache/Home/e2f1e8739761dd1b07196da7c9136d50.php 第 41 行.
NOTIC: [2] Illegal string offset 'result' /Users/hejiaxing/work/harmoniouscity/Application/Runtime/Cache/Home/e2f1e8739761dd1b07196da7c9136d50.php 第 44 行.
INFO: Run Behavior\ParseTemplateBehavior [ RunTime:0.009030s ]
INFO: [ view_parse ] --END-- [ RunTime:0.009073s ]
INFO: [ view_filter ] --START--
INFO: Run Behavior\WriteHtmlCacheBehavior [ RunTime:0.000160s ]
INFO: [ view_filter ] --END-- [ RunTime:0.000190s ]
INFO: [ app_end ] --START--
INFO: Run Behavior\ShowPageTraceBehavior [ RunTime:0.000571s ]
INFO: [ app_end ] --END-- [ RunTime:0.000625s ]

[ 2017-05-30T19:34:18+08:00 ] 127.0.0.1 /harmoniouscity/index.php/Home/index/index.html
INFO: [ app_init ] --START--
INFO: Run Behavior\BuildLiteBehavior [ RunTime:0.000016s ]
INFO: [ app_init ] --END-- [ RunTime:0.000400s ]
INFO: [ app_begin ] --START--
INFO: Run Behavior\ReadHtmlCacheBehavior [ RunTime:0.000462s ]
INFO: [ app_begin ] --END-- [ RunTime:0.000579s ]
SQL: SHOW COLUMNS FROM `hl_token` [ RunTime:0.0035s ]
SQL: SELECT * FROM `hl_token` WHERE `t_token` = null  [ RunTime:0.0003s ]
INFO: [ view_parse ] --START--
NOTIC: [2] file_get_contents(./Application/Home/View/footer.html): failed to open stream: No such file or directory /Users/hejiaxing/work/harmoniouscity/ThinkPHP/Library/Think/Template.class.php 第 696 行.
INFO: [ template_filter ] --START--
INFO: Run Behavior\ContentReplaceBehavior [ RunTime:0.000046s ]
INFO: [ template_filter ] --END-- [ RunTime:0.000093s ]
NOTIC: [2] Illegal string offset 'result' /Users/hejiaxing/work/harmoniouscity/Application/Runtime/Cache/Home/2a94b8bda04ff446dcedd42276fc99ee.php 第 41 行.
NOTIC: [2] Illegal string offset 'result' /Users/hejiaxing/work/harmoniouscity/Application/Runtime/Cache/Home/2a94b8bda04ff446dcedd42276fc99ee.php 第 44 行.
NOTIC: [2] Illegal string offset 'result' /Users/hejiaxing/work/harmoniouscity/Application/Runtime/Cache/Home/2a94b8bda04ff446dcedd42276fc99ee.php 第 99 行.
NOTIC: [2] Illegal string offset 'result' /Users/hejiaxing/work/harmoniouscity/Application/Runtime/Cache/Home/2a94b8bda04ff446dcedd42276fc99ee.php 第 100 行.
INFO: Run Behavior\ParseTemplateBehavior [ RunTime:0.009701s ]
INFO: [ view_parse ] --END-- [ RunTime:0.009738s ]
INFO: [ view_filter ] --START--
INFO: Run Behavior\WriteHtmlCacheBehavior [ RunTime:0.000126s ]
INFO: [ view_filter ] --END-- [ RunTime:0.000150s ]
INFO: [ app_end ] --START--
INFO: Run Behavior\ShowPageTraceBehavior [ RunTime:0.000457s ]
INFO: [ app_end ] --END-- [ RunTime:0.000499s ]

[ 2017-05-30T19:34:18+08:00 ] 127.0.0.1 /harmoniouscity/index.php/Home/info/index.html
INFO: [ app_init ] --START--
INFO: Run Behavior\BuildLiteBehavior [ RunTime:0.000014s ]
INFO: [ app_init ] --END-- [ RunTime:0.000345s ]
INFO: [ app_begin ] --START--
INFO: Run Behavior\ReadHtmlCacheBehavior [ RunTime:0.000445s ]
INFO: [ app_begin ] --END-- [ RunTime:0.000493s ]
SQL: SHOW COLUMNS FROM `hl_token` [ RunTime:0.0067s ]
SQL: SELECT * FROM `hl_token` WHERE `t_token` = null  [ RunTime:0.0004s ]
SQL: SHOW COLUMNS FROM `hl_indexclass` [ RunTime:0.0144s ]
SQL: SELECT * FROM `hl_indexclass` INNER JOIN hl_indexscore on hl_indexscore.is_ic_id = hl_indexclass.ic_id and hl_indexscore.is_type='0'  WHERE ( ic_c_id=1 ) ORDER BY ic_year desc   [ RunTime:0.0137s ]
SQL: SHOW COLUMNS FROM `hl_indexscore` [ RunTime:0.0111s ]
SQL: SELECT * FROM `hl_indexscore` WHERE `is_ic_id` = 2 AND `is_type` = '1'  [ RunTime:0.0040s ]
SQL: SELECT * FROM `hl_indexscore` WHERE `is_ic_id` = 1 AND `is_type` = '1'  [ RunTime:0.0005s ]
SQL: SELECT * FROM `hl_indexscore` WHERE `is_ic_id` = 4 AND `is_type` = '1'  [ RunTime:0.0005s ]
SQL: SHOW COLUMNS FROM `hl_city` [ RunTime:0.0069s ]
SQL: SELECT * FROM `hl_city`  [ RunTime:0.0004s ]
SQL: SELECT * FROM `hl_indexclass` WHERE `ic_c_id` = 1 AND `ic_year` = 2017  [ RunTime:0.0004s ]
SQL: SELECT * FROM `hl_indexscore` WHERE `is_ic_id` = 2 AND `is_type` = '0'  [ RunTime:0.0003s ]
SQL: SELECT * FROM `hl_indexclass` WHERE `ic_c_id` = 2 AND `ic_year` = 2017  [ RunTime:0.0002s ]
SQL: SELECT * FROM `hl_indexscore` WHERE `is_ic_id` = 3 AND `is_type` = '0'  [ RunTime:0.0005s ]
NOTIC: [8] Undefined offset: 0 /Users/hejiaxing/work/harmoniouscity/Application/Home/Controller/InfoController.class.php 第 48 行.
SQL: SELECT * FROM `hl_indexclass` WHERE `ic_c_id` = 3 AND `ic_year` = 2017  [ RunTime:0.0003s ]
SQL: SELECT * FROM `hl_indexscore` WHERE `is_ic_id` = 5 AND `is_type` = '0'  [ RunTime:0.0003s ]
NOTIC: [8] Undefined offset: 0 /Users/hejiaxing/work/harmoniouscity/Application/Home/Controller/InfoController.class.php 第 48 行.
INFO: [ view_parse ] --START--
NOTIC: [2] file_get_contents(./Application/Home/View/footer.html): failed to open stream: No such file or directory /Users/hejiaxing/work/harmoniouscity/ThinkPHP/Library/Think/Template.class.php 第 696 行.
INFO: [ template_filter ] --START--
INFO: Run Behavior\ContentReplaceBehavior [ RunTime:0.000054s ]
INFO: [ template_filter ] --END-- [ RunTime:0.000099s ]
NOTIC: [2] Illegal string offset 'result' /Users/hejiaxing/work/harmoniouscity/Application/Runtime/Cache/Home/3f36e03cb4a38b2ed27bc75332298af5.php 第 41 行.
NOTIC: [2] Illegal string offset 'result' /Users/hejiaxing/work/harmoniouscity/Application/Runtime/Cache/Home/3f36e03cb4a38b2ed27bc75332298af5.php 第 44 行.
NOTIC: [2] Illegal string offset 'result' /Users/hejiaxing/work/harmoniouscity/Application/Runtime/Cache/Home/3f36e03cb4a38b2ed27bc75332298af5.php 第 80 行.
NOTIC: [2] Illegal string offset 'result' /Users/hejiaxing/work/harmoniouscity/Application/Runtime/Cache/Home/3f36e03cb4a38b2ed27bc75332298af5.php 第 81 行.
NOTIC: [2] Illegal string offset 'result' /Users/hejiaxing/work/harmoniouscity/Application/Runtime/Cache/Home/3f36e03cb4a38b2ed27bc75332298af5.php 第 86 行.
NOTIC: [2] Illegal string offset 'result' /Users/hejiaxing/work/harmoniouscity/Application/Runtime/Cache/Home/3f36e03cb4a38b2ed27bc75332298af5.php 第 87 行.
NOTIC: [2] Illegal string offset 'result' /Users/hejiaxing/work/harmoniouscity/Application/Runtime/Cache/Home/3f36e03cb4a38b2ed27bc75332298af5.php 第 93 行.
NOTIC: [2] Illegal string offset 'result' /Users/hejiaxing/work/harmoniouscity/Application/Runtime/Cache/Home/3f36e03cb4a38b2ed27bc75332298af5.php 第 94 行.
NOTIC: [2] Illegal string offset 'result' /Users/hejiaxing/work/harmoniouscity/Application/Runtime/Cache/Home/3f36e03cb4a38b2ed27bc75332298af5.php 第 99 行.
NOTIC: [2] Illegal string offset 'result' /Users/hejiaxing/work/harmoniouscity/Application/Runtime/Cache/Home/3f36e03cb4a38b2ed27bc75332298af5.php 第 100 行.
NOTIC: [2] Illegal string offset 'result' /Users/hejiaxing/work/harmoniouscity/Application/Runtime/Cache/Home/3f36e03cb4a38b2ed27bc75332298af5.php 第 105 行.
NOTIC: [2] Illegal string offset 'result' /Users/hejiaxing/work/harmoniouscity/Application/Runtime/Cache/Home/3f36e03cb4a38b2ed27bc75332298af5.php 第 106 行.
NOTIC: [2] Illegal string offset 'result' /Users/hejiaxing/work/harmoniouscity/Application/Runtime/Cache/Home/3f36e03cb4a38b2ed27bc75332298af5.php 第 80 行.
NOTIC: [2] Illegal string offset 'result' /Users/hejiaxing/work/harmoniouscity/Application/Runtime/Cache/Home/3f36e03cb4a38b2ed27bc75332298af5.php 第 81 行.
NOTIC: [2] Illegal string offset 'result' /Users/hejiaxing/work/harmoniouscity/Application/Runtime/Cache/Home/3f36e03cb4a38b2ed27bc75332298af5.php 第 86 行.
NOTIC: [2] Illegal string offset 'result' /Users/hejiaxing/work/harmoniouscity/Application/Runtime/Cache/Home/3f36e03cb4a38b2ed27bc75332298af5.php 第 87 行.
NOTIC: [2] Illegal string offset 'result' /Users/hejiaxing/work/harmoniouscity/Application/Runtime/Cache/Home/3f36e03cb4a38b2ed27bc75332298af5.php 第 93 行.
NOTIC: [2] Illegal string offset 'result' /Users/hejiaxing/work/harmoniouscity/Application/Runtime/Cache/Home/3f36e03cb4a38b2ed27bc75332298af5.php 第 94 行.
NOTIC: [2] Illegal string offset 'result' /Users/hejiaxing/work/harmoniouscity/Application/Runtime/Cache/Home/3f36e03cb4a38b2ed27bc75332298af5.php 第 99 行.
NOTIC: [2] Illegal string offset 'result' /Users/hejiaxing/work/harmoniouscity/Application/Runtime/Cache/Home/3f36e03cb4a38b2ed27bc75332298af5.php 第 100 行.
NOTIC: [2] Illegal string offset 'result' /Users/hejiaxing/work/harmoniouscity/Application/Runtime/Cache/Home/3f36e03cb4a38b2ed27bc75332298af5.php 第 105 行.
NOTIC: [2] Illegal string offset 'result' /Users/hejiaxing/work/harmoniouscity/Application/Runtime/Cache/Home/3f36e03cb4a38b2ed27bc75332298af5.php 第 106 行.
NOTIC: [2] Illegal string offset 'result' /Users/hejiaxing/work/harmoniouscity/Application/Runtime/Cache/Home/3f36e03cb4a38b2ed27bc75332298af5.php 第 80 行.
NOTIC: [2] Illegal string offset 'result' /Users/hejiaxing/work/harmoniouscity/Application/Runtime/Cache/Home/3f36e03cb4a38b2ed27bc75332298af5.php 第 81 行.
NOTIC: [2] Illegal string offset 'result' /Users/hejiaxing/work/harmoniouscity/Application/Runtime/Cache/Home/3f36e03cb4a38b2ed27bc75332298af5.php 第 86 行.
NOTIC: [2] Illegal string offset 'result' /Users/hejiaxing/work/harmoniouscity/Application/Runtime/Cache/Home/3f36e03cb4a38b2ed27bc75332298af5.php 第 87 行.
NOTIC: [2] Illegal string offset 'result' /Users/hejiaxing/work/harmoniouscity/Application/Runtime/Cache/Home/3f36e03cb4a38b2ed27bc75332298af5.php 第 93 行.
NOTIC: [2] Illegal string offset 'result' /Users/hejiaxing/work/harmoniouscity/Application/Runtime/Cache/Home/3f36e03cb4a38b2ed27bc75332298af5.php 第 94 行.
NOTIC: [2] Illegal string offset 'result' /Users/hejiaxing/work/harmoniouscity/Application/Runtime/Cache/Home/3f36e03cb4a38b2ed27bc75332298af5.php 第 99 行.
NOTIC: [2] Illegal string offset 'result' /Users/hejiaxing/work/harmoniouscity/Application/Runtime/Cache/Home/3f36e03cb4a38b2ed27bc75332298af5.php 第 100 行.
NOTIC: [2] Illegal string offset 'result' /Users/hejiaxing/work/harmoniouscity/Application/Runtime/Cache/Home/3f36e03cb4a38b2ed27bc75332298af5.php 第 105 行.
NOTIC: [2] Illegal string offset 'result' /Users/hejiaxing/work/harmoniouscity/Application/Runtime/Cache/Home/3f36e03cb4a38b2ed27bc75332298af5.php 第 106 行.
INFO: Run Behavior\ParseTemplateBehavior [ RunTime:0.038048s ]
INFO: [ view_parse ] --END-- [ RunTime:0.038097s ]
INFO: [ view_filter ] --START--
INFO: Run Behavior\WriteHtmlCacheBehavior [ RunTime:0.000171s ]
INFO: [ view_filter ] --END-- [ RunTime:0.000201s ]
INFO: [ app_end ] --START--
INFO: Run Behavior\ShowPageTraceBehavior [ RunTime:0.000528s ]
INFO: [ app_end ] --END-- [ RunTime:0.000590s ]

