[ 2017-04-25T14:29:37+08:00 ] 127.0.0.1 /harmoniouscity/index.php/Home/info/index.html
INFO: [ app_init ] --START--
INFO: Run Behavior\BuildLiteBehavior [ RunTime:0.000023s ]
INFO: [ app_init ] --END-- [ RunTime:0.004671s ]
INFO: [ app_begin ] --START--
INFO: Run Behavior\ReadHtmlCacheBehavior [ RunTime:0.003966s ]
INFO: [ app_begin ] --END-- [ RunTime:0.004050s ]
SQL: SHOW COLUMNS FROM `hl_firstindex` [ RunTime:0.0331s ]
SQL: SELECT * FROM `hl_firstindex`  [ RunTime:0.0054s ]
INFO: [ view_parse ] --START--
NOTIC: [2] file_get_contents(./Application/Home/View/footer.html): failed to open stream: No such file or directory /Users/hejiaxing/work/harmoniouscity/ThinkPHP/Library/Think/Template.class.php 第 696 行.
INFO: [ template_filter ] --START--
INFO: Run Behavior\ContentReplaceBehavior [ RunTime:0.002809s ]
INFO: [ template_filter ] --END-- [ RunTime:0.002902s ]
INFO: Run Behavior\ParseTemplateBehavior [ RunTime:0.058722s ]
INFO: [ view_parse ] --END-- [ RunTime:0.058806s ]
INFO: [ view_filter ] --START--
INFO: Run Behavior\WriteHtmlCacheBehavior [ RunTime:0.002510s ]
INFO: [ view_filter ] --END-- [ RunTime:0.002586s ]
INFO: [ app_end ] --START--
INFO: Run Behavior\ShowPageTraceBehavior [ RunTime:0.003827s ]
INFO: [ app_end ] --END-- [ RunTime:0.003898s ]

[ 2017-04-25T14:29:44+08:00 ] 127.0.0.1 /harmoniouscity/index.php/Home/info/index.html
INFO: [ app_init ] --START--
INFO: Run Behavior\BuildLiteBehavior [ RunTime:0.000016s ]
INFO: [ app_init ] --END-- [ RunTime:0.000396s ]
INFO: [ app_begin ] --START--
INFO: Run Behavior\ReadHtmlCacheBehavior [ RunTime:0.000582s ]
INFO: [ app_begin ] --END-- [ RunTime:0.000677s ]
SQL: SHOW COLUMNS FROM `hl_firstindex` [ RunTime:0.0073s ]
SQL: SELECT * FROM `hl_firstindex`  [ RunTime:0.0002s ]
INFO: [ view_parse ] --START--
NOTIC: [2] file_get_contents(./Application/Home/View/footer.html): failed to open stream: No such file or directory /Users/hejiaxing/work/harmoniouscity/ThinkPHP/Library/Think/Template.class.php 第 696 行.
INFO: [ template_filter ] --START--
INFO: Run Behavior\ContentReplaceBehavior [ RunTime:0.000078s ]
INFO: [ template_filter ] --END-- [ RunTime:0.002626s ]
INFO: Run Behavior\ParseTemplateBehavior [ RunTime:0.034953s ]
INFO: [ view_parse ] --END-- [ RunTime:0.035031s ]
INFO: [ view_filter ] --START--
INFO: Run Behavior\WriteHtmlCacheBehavior [ RunTime:0.000233s ]
INFO: [ view_filter ] --END-- [ RunTime:0.000275s ]
INFO: [ app_end ] --START--
INFO: Run Behavior\ShowPageTraceBehavior [ RunTime:0.004171s ]
INFO: [ app_end ] --END-- [ RunTime:0.004248s ]

[ 2017-04-25T14:29:46+08:00 ] 127.0.0.1 /harmoniouscity/index.php/Home/info/index.html
INFO: [ app_init ] --START--
INFO: Run Behavior\BuildLiteBehavior [ RunTime:0.000011s ]
INFO: [ app_init ] --END-- [ RunTime:0.000245s ]
INFO: [ app_begin ] --START--
INFO: Run Behavior\ReadHtmlCacheBehavior [ RunTime:0.000377s ]
INFO: [ app_begin ] --END-- [ RunTime:0.000415s ]
SQL: SHOW COLUMNS FROM `hl_firstindex` [ RunTime:0.0109s ]
SQL: SELECT * FROM `hl_firstindex`  [ RunTime:0.0034s ]
INFO: [ view_parse ] --START--
NOTIC: [2] file_get_contents(./Application/Home/View/footer.html): failed to open stream: No such file or directory /Users/hejiaxing/work/harmoniouscity/ThinkPHP/Library/Think/Template.class.php 第 696 行.
INFO: [ template_filter ] --START--
INFO: Run Behavior\ContentReplaceBehavior [ RunTime:0.000061s ]
INFO: [ template_filter ] --END-- [ RunTime:0.000142s ]
INFO: Run Behavior\ParseTemplateBehavior [ RunTime:0.013077s ]
INFO: [ view_parse ] --END-- [ RunTime:0.013163s ]
INFO: [ view_filter ] --START--
INFO: Run Behavior\WriteHtmlCacheBehavior [ RunTime:0.000318s ]
INFO: [ view_filter ] --END-- [ RunTime:0.000452s ]
INFO: [ app_end ] --START--
INFO: Run Behavior\ShowPageTraceBehavior [ RunTime:0.001174s ]
INFO: [ app_end ] --END-- [ RunTime:0.001259s ]

[ 2017-04-25T14:29:47+08:00 ] 127.0.0.1 /harmoniouscity/index.php/Home/share/index.html
INFO: [ app_init ] --START--
INFO: Run Behavior\BuildLiteBehavior [ RunTime:0.000016s ]
INFO: [ app_init ] --END-- [ RunTime:0.000416s ]
INFO: [ app_begin ] --START--
INFO: Run Behavior\ReadHtmlCacheBehavior [ RunTime:0.000596s ]
INFO: [ app_begin ] --END-- [ RunTime:0.000704s ]
INFO: [ view_parse ] --START--
NOTIC: [2] file_get_contents(./Application/Home/View/footer.html): failed to open stream: No such file or directory /Users/hejiaxing/work/harmoniouscity/ThinkPHP/Library/Think/Template.class.php 第 696 行.
INFO: [ template_filter ] --START--
INFO: Run Behavior\ContentReplaceBehavior [ RunTime:0.000036s ]
INFO: [ template_filter ] --END-- [ RunTime:0.000084s ]
NOTIC: [8] Undefined variable: avatar /Users/hejiaxing/work/harmoniouscity/Application/Runtime/Cache/Home/ebf14e25328f70423c0b1406e4559d36.php 第 65 行.
INFO: Run Behavior\ParseTemplateBehavior [ RunTime:0.008132s ]
INFO: [ view_parse ] --END-- [ RunTime:0.008171s ]
INFO: [ view_filter ] --START--
INFO: Run Behavior\WriteHtmlCacheBehavior [ RunTime:0.000109s ]
INFO: [ view_filter ] --END-- [ RunTime:0.000131s ]
INFO: [ app_end ] --START--
INFO: Run Behavior\ShowPageTraceBehavior [ RunTime:0.000285s ]
INFO: [ app_end ] --END-- [ RunTime:0.000310s ]

[ 2017-04-25T14:29:49+08:00 ] 127.0.0.1 /harmoniouscity/index.php/Home/info/index.html
INFO: [ app_init ] --START--
INFO: Run Behavior\BuildLiteBehavior [ RunTime:0.000017s ]
INFO: [ app_init ] --END-- [ RunTime:0.000342s ]
INFO: [ app_begin ] --START--
INFO: Run Behavior\ReadHtmlCacheBehavior [ RunTime:0.000318s ]
INFO: [ app_begin ] --END-- [ RunTime:0.000356s ]
SQL: SHOW COLUMNS FROM `hl_firstindex` [ RunTime:0.0067s ]
SQL: SELECT * FROM `hl_firstindex`  [ RunTime:0.0002s ]
INFO: [ view_parse ] --START--
NOTIC: [2] file_get_contents(./Application/Home/View/footer.html): failed to open stream: No such file or directory /Users/hejiaxing/work/harmoniouscity/ThinkPHP/Library/Think/Template.class.php 第 696 行.
INFO: [ template_filter ] --START--
INFO: Run Behavior\ContentReplaceBehavior [ RunTime:0.000032s ]
INFO: [ template_filter ] --END-- [ RunTime:0.000104s ]
INFO: Run Behavior\ParseTemplateBehavior [ RunTime:0.004648s ]
INFO: [ view_parse ] --END-- [ RunTime:0.004688s ]
INFO: [ view_filter ] --START--
INFO: Run Behavior\WriteHtmlCacheBehavior [ RunTime:0.000110s ]
INFO: [ view_filter ] --END-- [ RunTime:0.000132s ]
INFO: [ app_end ] --START--
INFO: Run Behavior\ShowPageTraceBehavior [ RunTime:0.000290s ]
INFO: [ app_end ] --END-- [ RunTime:0.000314s ]

[ 2017-04-25T14:29:50+08:00 ] 127.0.0.1 /harmoniouscity/index.php/Home/share/index.html
INFO: [ app_init ] --START--
INFO: Run Behavior\BuildLiteBehavior [ RunTime:0.000021s ]
INFO: [ app_init ] --END-- [ RunTime:0.000507s ]
INFO: [ app_begin ] --START--
INFO: Run Behavior\ReadHtmlCacheBehavior [ RunTime:0.000793s ]
INFO: [ app_begin ] --END-- [ RunTime:0.000889s ]
INFO: [ view_parse ] --START--
NOTIC: [2] file_get_contents(./Application/Home/View/footer.html): failed to open stream: No such file or directory /Users/hejiaxing/work/harmoniouscity/ThinkPHP/Library/Think/Template.class.php 第 696 行.
INFO: [ template_filter ] --START--
INFO: Run Behavior\ContentReplaceBehavior [ RunTime:0.000029s ]
INFO: [ template_filter ] --END-- [ RunTime:0.000067s ]
NOTIC: [8] Undefined variable: avatar /Users/hejiaxing/work/harmoniouscity/Application/Runtime/Cache/Home/ebf14e25328f70423c0b1406e4559d36.php 第 65 行.
INFO: Run Behavior\ParseTemplateBehavior [ RunTime:0.005076s ]
INFO: [ view_parse ] --END-- [ RunTime:0.005114s ]
INFO: [ view_filter ] --START--
INFO: Run Behavior\WriteHtmlCacheBehavior [ RunTime:0.000149s ]
INFO: [ view_filter ] --END-- [ RunTime:0.000172s ]
INFO: [ app_end ] --START--
INFO: Run Behavior\ShowPageTraceBehavior [ RunTime:0.000292s ]
INFO: [ app_end ] --END-- [ RunTime:0.000319s ]

[ 2017-04-25T14:35:27+08:00 ] 127.0.0.1 /harmoniouscity/index.php/Home/index/index.html
INFO: [ app_init ] --START--
INFO: Run Behavior\BuildLiteBehavior [ RunTime:0.000039s ]
INFO: [ app_init ] --END-- [ RunTime:0.003849s ]
INFO: [ app_begin ] --START--
INFO: Run Behavior\ReadHtmlCacheBehavior [ RunTime:0.003851s ]
INFO: [ app_begin ] --END-- [ RunTime:0.007211s ]
INFO: [ view_parse ] --START--
NOTIC: [2] file_get_contents(./Application/Home/View/footer.html): failed to open stream: No such file or directory /Users/hejiaxing/work/harmoniouscity/ThinkPHP/Library/Think/Template.class.php 第 696 行.
INFO: [ template_filter ] --START--
INFO: Run Behavior\ContentReplaceBehavior [ RunTime:0.000141s ]
INFO: [ template_filter ] --END-- [ RunTime:0.000247s ]
INFO: Run Behavior\ParseTemplateBehavior [ RunTime:0.041872s ]
INFO: [ view_parse ] --END-- [ RunTime:0.041989s ]
INFO: [ view_filter ] --START--
INFO: Run Behavior\WriteHtmlCacheBehavior [ RunTime:0.003532s ]
INFO: [ view_filter ] --END-- [ RunTime:0.003604s ]
INFO: [ app_end ] --START--
INFO: Run Behavior\ShowPageTraceBehavior [ RunTime:0.004131s ]
INFO: [ app_end ] --END-- [ RunTime:0.004232s ]

[ 2017-04-25T15:30:02+08:00 ] 127.0.0.1 /harmoniouscity/index.php/Home/share/index.html
INFO: [ app_init ] --START--
INFO: Run Behavior\BuildLiteBehavior [ RunTime:0.000037s ]
INFO: [ app_init ] --END-- [ RunTime:0.003880s ]
INFO: [ app_begin ] --START--
INFO: Run Behavior\ReadHtmlCacheBehavior [ RunTime:0.003413s ]
INFO: [ app_begin ] --END-- [ RunTime:0.003552s ]
INFO: [ view_parse ] --START--
NOTIC: [2] file_get_contents(./Application/Home/View/footer.html): failed to open stream: No such file or directory /Users/hejiaxing/work/harmoniouscity/ThinkPHP/Library/Think/Template.class.php 第 696 行.
INFO: [ template_filter ] --START--
INFO: Run Behavior\ContentReplaceBehavior [ RunTime:0.000137s ]
INFO: [ template_filter ] --END-- [ RunTime:0.000192s ]
NOTIC: [8] Undefined variable: avatar /Users/hejiaxing/work/harmoniouscity/Application/Runtime/Cache/Home/ebf14e25328f70423c0b1406e4559d36.php 第 65 行.
INFO: Run Behavior\ParseTemplateBehavior [ RunTime:0.053167s ]
INFO: [ view_parse ] --END-- [ RunTime:0.053285s ]
INFO: [ view_filter ] --START--
INFO: Run Behavior\WriteHtmlCacheBehavior [ RunTime:0.003640s ]
INFO: [ view_filter ] --END-- [ RunTime:0.003693s ]
INFO: [ app_end ] --START--
INFO: Run Behavior\ShowPageTraceBehavior [ RunTime:0.007173s ]
INFO: [ app_end ] --END-- [ RunTime:0.007284s ]

[ 2017-04-25T15:33:22+08:00 ] 127.0.0.1 /harmoniouscity/index.php/Home/share/index.html
INFO: [ app_init ] --START--
INFO: Run Behavior\BuildLiteBehavior [ RunTime:0.000039s ]
INFO: [ app_init ] --END-- [ RunTime:0.003811s ]
INFO: [ app_begin ] --START--
INFO: Run Behavior\ReadHtmlCacheBehavior [ RunTime:0.003792s ]
INFO: [ app_begin ] --END-- [ RunTime:0.003927s ]
INFO: [ view_parse ] --START--
NOTIC: [2] file_get_contents(./Application/Home/View/footer.html): failed to open stream: No such file or directory /Users/hejiaxing/work/harmoniouscity/ThinkPHP/Library/Think/Template.class.php 第 696 行.
INFO: [ template_filter ] --START--
INFO: Run Behavior\ContentReplaceBehavior [ RunTime:0.000149s ]
INFO: [ template_filter ] --END-- [ RunTime:0.000222s ]
NOTIC: [8] Undefined variable: avatar /Users/hejiaxing/work/harmoniouscity/Application/Runtime/Cache/Home/ebf14e25328f70423c0b1406e4559d36.php 第 65 行.
INFO: Run Behavior\ParseTemplateBehavior [ RunTime:0.029642s ]
INFO: [ view_parse ] --END-- [ RunTime:0.029762s ]
INFO: [ view_filter ] --START--
INFO: Run Behavior\WriteHtmlCacheBehavior [ RunTime:0.003513s ]
INFO: [ view_filter ] --END-- [ RunTime:0.003585s ]
INFO: [ app_end ] --START--
INFO: Run Behavior\ShowPageTraceBehavior [ RunTime:0.003969s ]
INFO: [ app_end ] --END-- [ RunTime:0.004070s ]

[ 2017-04-25T15:33:23+08:00 ] 127.0.0.1 /harmoniouscity/index.php/Home/info/index.html
INFO: [ app_init ] --START--
INFO: Run Behavior\BuildLiteBehavior [ RunTime:0.000068s ]
INFO: [ app_init ] --END-- [ RunTime:0.000532s ]
INFO: [ app_begin ] --START--
INFO: Run Behavior\ReadHtmlCacheBehavior [ RunTime:0.000643s ]
INFO: [ app_begin ] --END-- [ RunTime:0.000768s ]
SQL: SHOW COLUMNS FROM `hl_firstindex` [ RunTime:0.0155s ]
SQL: SELECT * FROM `hl_firstindex`  [ RunTime:0.0004s ]
INFO: [ view_parse ] --START--
NOTIC: [2] file_get_contents(./Application/Home/View/footer.html): failed to open stream: No such file or directory /Users/hejiaxing/work/harmoniouscity/ThinkPHP/Library/Think/Template.class.php 第 696 行.
INFO: [ template_filter ] --START--
INFO: Run Behavior\ContentReplaceBehavior [ RunTime:0.000081s ]
INFO: [ template_filter ] --END-- [ RunTime:0.000203s ]
INFO: Run Behavior\ParseTemplateBehavior [ RunTime:0.019955s ]
INFO: [ view_parse ] --END-- [ RunTime:0.020092s ]
INFO: [ view_filter ] --START--
INFO: Run Behavior\WriteHtmlCacheBehavior [ RunTime:0.000247s ]
INFO: [ view_filter ] --END-- [ RunTime:0.000315s ]
INFO: [ app_end ] --START--
INFO: Run Behavior\ShowPageTraceBehavior [ RunTime:0.000972s ]
INFO: [ app_end ] --END-- [ RunTime:0.003487s ]

