[ 2017-05-07T08:46:05+08:00 ] 127.0.0.1 /harmoniouscity/index.php/Home/index/index.html
INFO: [ app_init ] --START--
INFO: Run Behavior\BuildLiteBehavior [ RunTime:0.000057s ]
INFO: [ app_init ] --END-- [ RunTime:0.008100s ]
INFO: [ app_begin ] --START--
INFO: Run Behavior\ReadHtmlCacheBehavior [ RunTime:0.001590s ]
INFO: [ app_begin ] --END-- [ RunTime:0.004492s ]
INFO: [ view_parse ] --START--
NOTIC: [2] file_get_contents(./Application/Home/View/footer.html): failed to open stream: No such file or directory /Users/hejiaxing/work/harmoniouscity/ThinkPHP/Library/Think/Template.class.php 第 696 行.
INFO: [ template_filter ] --START--
INFO: Run Behavior\ContentReplaceBehavior [ RunTime:0.002252s ]
INFO: [ template_filter ] --END-- [ RunTime:0.002340s ]
INFO: Run Behavior\ParseTemplateBehavior [ RunTime:0.047158s ]
INFO: [ view_parse ] --END-- [ RunTime:0.047248s ]
INFO: [ view_filter ] --START--
INFO: Run Behavior\WriteHtmlCacheBehavior [ RunTime:0.002998s ]
INFO: [ view_filter ] --END-- [ RunTime:0.003057s ]
INFO: [ app_end ] --START--
INFO: Run Behavior\ShowPageTraceBehavior [ RunTime:0.002304s ]
INFO: [ app_end ] --END-- [ RunTime:0.002388s ]

