[ 2017-05-18T09:05:40+08:00 ] 127.0.0.1 /harmoniouscity/index.php/Home/index/index.html
INFO: [ app_init ] --START--
INFO: Run Behavior\BuildLiteBehavior [ RunTime:0.000022s ]
INFO: [ app_init ] --END-- [ RunTime:0.007478s ]
INFO: [ app_begin ] --START--
INFO: Run Behavior\ReadHtmlCacheBehavior [ RunTime:0.003944s ]
INFO: [ app_begin ] --END-- [ RunTime:0.004084s ]
SQL: SHOW COLUMNS FROM `hl_token` [ RunTime:0.0116s ]
SQL: SELECT * FROM `hl_token` WHERE `t_token` = null  [ RunTime:0.0005s ]
INFO: [ view_parse ] --START--
NOTIC: [2] file_get_contents(./Application/Home/View/footer.html): failed to open stream: No such file or directory /Users/hejiaxing/work/harmoniouscity/ThinkPHP/Library/Think/Template.class.php 第 696 行.
INFO: [ template_filter ] --START--
INFO: Run Behavior\ContentReplaceBehavior [ RunTime:0.000052s ]
INFO: [ template_filter ] --END-- [ RunTime:0.000099s ]
NOTIC: [2] Illegal string offset 'result' /Users/hejiaxing/work/harmoniouscity/Application/Runtime/Cache/Home/2a94b8bda04ff446dcedd42276fc99ee.php 第 41 行.
NOTIC: [2] Illegal string offset 'result' /Users/hejiaxing/work/harmoniouscity/Application/Runtime/Cache/Home/2a94b8bda04ff446dcedd42276fc99ee.php 第 44 行.
NOTIC: [2] Illegal string offset 'result' /Users/hejiaxing/work/harmoniouscity/Application/Runtime/Cache/Home/2a94b8bda04ff446dcedd42276fc99ee.php 第 86 行.
NOTIC: [2] Illegal string offset 'result' /Users/hejiaxing/work/harmoniouscity/Application/Runtime/Cache/Home/2a94b8bda04ff446dcedd42276fc99ee.php 第 87 行.
INFO: Run Behavior\ParseTemplateBehavior [ RunTime:0.046432s ]
INFO: [ view_parse ] --END-- [ RunTime:0.046549s ]
INFO: [ view_filter ] --START--
INFO: Run Behavior\WriteHtmlCacheBehavior [ RunTime:0.002803s ]
INFO: [ view_filter ] --END-- [ RunTime:0.002853s ]
INFO: [ app_end ] --START--
INFO: Run Behavior\ShowPageTraceBehavior [ RunTime:0.002151s ]
INFO: [ app_end ] --END-- [ RunTime:0.002233s ]

[ 2017-05-18T09:05:50+08:00 ] 127.0.0.1 /harmoniouscity/index.php/Home/Index/login.html
INFO: [ app_init ] --START--
INFO: Run Behavior\BuildLiteBehavior [ RunTime:0.000011s ]
INFO: [ app_init ] --END-- [ RunTime:0.000477s ]
INFO: [ app_begin ] --START--
INFO: Run Behavior\ReadHtmlCacheBehavior [ RunTime:0.000562s ]
INFO: [ app_begin ] --END-- [ RunTime:0.000634s ]
SQL: SHOW COLUMNS FROM `hl_registereduser` [ RunTime:0.0044s ]
SQL: SELECT * FROM `hl_registereduser` WHERE `ru_username` = 'root'  [ RunTime:0.0004s ]
INFO: [ app_end ] --START--
INFO: Run Behavior\ShowPageTraceBehavior [ RunTime:0.000534s ]
INFO: [ app_end ] --END-- [ RunTime:0.000577s ]

[ 2017-05-18T09:05:52+08:00 ] 127.0.0.1 /harmoniouscity/index.php/Home/Admin/index.html
INFO: [ app_init ] --START--
INFO: Run Behavior\BuildLiteBehavior [ RunTime:0.000009s ]
INFO: [ app_init ] --END-- [ RunTime:0.000202s ]
INFO: [ app_begin ] --START--
INFO: Run Behavior\ReadHtmlCacheBehavior [ RunTime:0.000259s ]
INFO: [ app_begin ] --END-- [ RunTime:0.000288s ]
INFO: [ view_parse ] --START--
INFO: [ template_filter ] --START--
INFO: Run Behavior\ContentReplaceBehavior [ RunTime:0.000030s ]
INFO: [ template_filter ] --END-- [ RunTime:0.000072s ]
INFO: Run Behavior\ParseTemplateBehavior [ RunTime:0.010049s ]
INFO: [ view_parse ] --END-- [ RunTime:0.010099s ]
INFO: [ view_filter ] --START--
INFO: Run Behavior\WriteHtmlCacheBehavior [ RunTime:0.000148s ]
INFO: [ view_filter ] --END-- [ RunTime:0.000179s ]
INFO: [ app_end ] --START--
INFO: Run Behavior\ShowPageTraceBehavior [ RunTime:0.000401s ]
INFO: [ app_end ] --END-- [ RunTime:0.000436s ]

[ 2017-05-18T09:05:53+08:00 ] 127.0.0.1 /harmoniouscity/index.php/Home/Admin/indexadmin.html
INFO: [ app_init ] --START--
INFO: Run Behavior\BuildLiteBehavior [ RunTime:0.000009s ]
INFO: [ app_init ] --END-- [ RunTime:0.000216s ]
INFO: [ app_begin ] --START--
INFO: Run Behavior\ReadHtmlCacheBehavior [ RunTime:0.000408s ]
INFO: [ app_begin ] --END-- [ RunTime:0.000454s ]
INFO: [ view_parse ] --START--
INFO: [ template_filter ] --START--
INFO: Run Behavior\ContentReplaceBehavior [ RunTime:0.000030s ]
INFO: [ template_filter ] --END-- [ RunTime:0.000073s ]
INFO: Run Behavior\ParseTemplateBehavior [ RunTime:0.008618s ]
INFO: [ view_parse ] --END-- [ RunTime:0.008673s ]
INFO: [ view_filter ] --START--
INFO: Run Behavior\WriteHtmlCacheBehavior [ RunTime:0.000141s ]
INFO: [ view_filter ] --END-- [ RunTime:0.000178s ]
INFO: [ app_end ] --START--
INFO: Run Behavior\ShowPageTraceBehavior [ RunTime:0.000728s ]
INFO: [ app_end ] --END-- [ RunTime:0.000802s ]

[ 2017-05-18T09:05:55+08:00 ] 127.0.0.1 /harmoniouscity/index.php/Home/Admin/indexadminsj.html
INFO: [ app_init ] --START--
INFO: Run Behavior\BuildLiteBehavior [ RunTime:0.000010s ]
INFO: [ app_init ] --END-- [ RunTime:0.000220s ]
INFO: [ app_begin ] --START--
INFO: Run Behavior\ReadHtmlCacheBehavior [ RunTime:0.000542s ]
INFO: [ app_begin ] --END-- [ RunTime:0.000606s ]
SQL: SHOW COLUMNS FROM `hl_city` [ RunTime:0.0036s ]
SQL: SELECT * FROM `hl_city`  [ RunTime:0.0003s ]
SQL: SHOW COLUMNS FROM `hl_indexclass` [ RunTime:0.0045s ]
SQL: SELECT * FROM `hl_indexclass` WHERE `ic_c_id` = 1  [ RunTime:0.0006s ]
SQL: SHOW COLUMNS FROM `hl_thirdindex` [ RunTime:0.0065s ]
SQL: SELECT * FROM `hl_thirdindex`  [ RunTime:0.0004s ]
INFO: [ view_parse ] --START--
INFO: [ template_filter ] --START--
INFO: Run Behavior\ContentReplaceBehavior [ RunTime:0.000050s ]
INFO: [ template_filter ] --END-- [ RunTime:0.000122s ]
INFO: Run Behavior\ParseTemplateBehavior [ RunTime:0.020321s ]
INFO: [ view_parse ] --END-- [ RunTime:0.020389s ]
INFO: [ view_filter ] --START--
INFO: Run Behavior\WriteHtmlCacheBehavior [ RunTime:0.000180s ]
INFO: [ view_filter ] --END-- [ RunTime:0.000217s ]
INFO: [ app_end ] --START--
INFO: Run Behavior\ShowPageTraceBehavior [ RunTime:0.000596s ]
INFO: [ app_end ] --END-- [ RunTime:0.000645s ]

[ 2017-05-18T09:05:59+08:00 ] 127.0.0.1 /harmoniouscity/index.php/Home/Admin/indexadmin.html
INFO: [ app_init ] --START--
INFO: Run Behavior\BuildLiteBehavior [ RunTime:0.000013s ]
INFO: [ app_init ] --END-- [ RunTime:0.000311s ]
INFO: [ app_begin ] --START--
INFO: Run Behavior\ReadHtmlCacheBehavior [ RunTime:0.000724s ]
INFO: [ app_begin ] --END-- [ RunTime:0.000782s ]
INFO: [ view_parse ] --START--
INFO: [ template_filter ] --START--
INFO: Run Behavior\ContentReplaceBehavior [ RunTime:0.000044s ]
INFO: [ template_filter ] --END-- [ RunTime:0.000122s ]
INFO: Run Behavior\ParseTemplateBehavior [ RunTime:0.005391s ]
INFO: [ view_parse ] --END-- [ RunTime:0.005437s ]
INFO: [ view_filter ] --START--
INFO: Run Behavior\WriteHtmlCacheBehavior [ RunTime:0.000141s ]
INFO: [ view_filter ] --END-- [ RunTime:0.000167s ]
INFO: [ app_end ] --START--
INFO: Run Behavior\ShowPageTraceBehavior [ RunTime:0.000326s ]
INFO: [ app_end ] --END-- [ RunTime:0.000356s ]

[ 2017-05-18T09:06:01+08:00 ] 127.0.0.1 /harmoniouscity/index.php/Home/Admin/indexadminsj.html
INFO: [ app_init ] --START--
INFO: Run Behavior\BuildLiteBehavior [ RunTime:0.000009s ]
INFO: [ app_init ] --END-- [ RunTime:0.000204s ]
INFO: [ app_begin ] --START--
INFO: Run Behavior\ReadHtmlCacheBehavior [ RunTime:0.000343s ]
INFO: [ app_begin ] --END-- [ RunTime:0.000378s ]
SQL: SHOW COLUMNS FROM `hl_city` [ RunTime:0.0068s ]
SQL: SELECT * FROM `hl_city`  [ RunTime:0.0002s ]
SQL: SHOW COLUMNS FROM `hl_indexclass` [ RunTime:0.0037s ]
SQL: SELECT * FROM `hl_indexclass` WHERE `ic_c_id` = 1  [ RunTime:0.0003s ]
SQL: SHOW COLUMNS FROM `hl_thirdindex` [ RunTime:0.0067s ]
SQL: SELECT * FROM `hl_thirdindex`  [ RunTime:0.0003s ]
INFO: [ view_parse ] --START--
INFO: [ template_filter ] --START--
INFO: Run Behavior\ContentReplaceBehavior [ RunTime:0.000073s ]
INFO: [ template_filter ] --END-- [ RunTime:0.000137s ]
INFO: Run Behavior\ParseTemplateBehavior [ RunTime:0.008100s ]
INFO: [ view_parse ] --END-- [ RunTime:0.008145s ]
INFO: [ view_filter ] --START--
INFO: Run Behavior\WriteHtmlCacheBehavior [ RunTime:0.000141s ]
INFO: [ view_filter ] --END-- [ RunTime:0.000168s ]
INFO: [ app_end ] --START--
INFO: Run Behavior\ShowPageTraceBehavior [ RunTime:0.000355s ]
INFO: [ app_end ] --END-- [ RunTime:0.000389s ]

[ 2017-05-18T09:11:03+08:00 ] 127.0.0.1 /harmoniouscity/index.php/Home/Admin/indexadminsj.html
INFO: [ app_init ] --START--
INFO: Run Behavior\BuildLiteBehavior [ RunTime:0.000022s ]
INFO: [ app_init ] --END-- [ RunTime:0.003893s ]
INFO: [ app_begin ] --START--
INFO: Run Behavior\ReadHtmlCacheBehavior [ RunTime:0.003785s ]
INFO: [ app_begin ] --END-- [ RunTime:0.003921s ]
SQL: SHOW COLUMNS FROM `hl_city` [ RunTime:0.0081s ]
SQL: SELECT * FROM `hl_city`  [ RunTime:0.0003s ]
SQL: SHOW COLUMNS FROM `hl_indexclass` [ RunTime:0.0071s ]
SQL: SELECT * FROM `hl_indexclass` WHERE `ic_c_id` = 1  [ RunTime:0.0004s ]
SQL: SHOW COLUMNS FROM `hl_thirdindex` [ RunTime:0.0068s ]
SQL: SELECT * FROM `hl_thirdindex`  [ RunTime:0.0006s ]
INFO: [ view_parse ] --START--
INFO: [ template_filter ] --START--
INFO: Run Behavior\ContentReplaceBehavior [ RunTime:0.000080s ]
INFO: [ template_filter ] --END-- [ RunTime:0.000181s ]
INFO: Run Behavior\ParseTemplateBehavior [ RunTime:0.024638s ]
INFO: [ view_parse ] --END-- [ RunTime:0.024739s ]
INFO: [ view_filter ] --START--
INFO: Run Behavior\WriteHtmlCacheBehavior [ RunTime:0.003434s ]
INFO: [ view_filter ] --END-- [ RunTime:0.003492s ]
INFO: [ app_end ] --START--
INFO: Run Behavior\ShowPageTraceBehavior [ RunTime:0.004105s ]
INFO: [ app_end ] --END-- [ RunTime:0.004199s ]

[ 2017-05-18T09:27:08+08:00 ] 127.0.0.1 /harmoniouscity/index.php/Home/Admin/indexadminsj.html
INFO: [ app_init ] --START--
INFO: Run Behavior\BuildLiteBehavior [ RunTime:0.000015s ]
INFO: [ app_init ] --END-- [ RunTime:0.002515s ]
INFO: [ app_begin ] --START--
INFO: Run Behavior\ReadHtmlCacheBehavior [ RunTime:0.000555s ]
INFO: [ app_begin ] --END-- [ RunTime:0.000625s ]
SQL: SHOW COLUMNS FROM `hl_city` [ RunTime:0.0037s ]
SQL: SELECT * FROM `hl_city`  [ RunTime:0.0002s ]
SQL: SHOW COLUMNS FROM `hl_indexclass` [ RunTime:0.0047s ]
SQL: SELECT * FROM `hl_indexclass` WHERE `ic_c_id` = 1  [ RunTime:0.0003s ]
SQL: SHOW COLUMNS FROM `hl_thirdindex` [ RunTime:0.0056s ]
SQL: SELECT * FROM `hl_thirdindex`  [ RunTime:0.0002s ]
INFO: [ view_parse ] --START--
INFO: [ template_filter ] --START--
INFO: Run Behavior\ContentReplaceBehavior [ RunTime:0.000066s ]
INFO: [ template_filter ] --END-- [ RunTime:0.000151s ]
INFO: Run Behavior\ParseTemplateBehavior [ RunTime:0.018874s ]
INFO: [ view_parse ] --END-- [ RunTime:0.018928s ]
INFO: [ view_filter ] --START--
INFO: Run Behavior\WriteHtmlCacheBehavior [ RunTime:0.000138s ]
INFO: [ view_filter ] --END-- [ RunTime:0.000162s ]
INFO: [ app_end ] --START--
INFO: Run Behavior\ShowPageTraceBehavior [ RunTime:0.000423s ]
INFO: [ app_end ] --END-- [ RunTime:0.000451s ]

[ 2017-05-18T09:28:56+08:00 ] 127.0.0.1 /harmoniouscity/index.php/Home/Admin/indexadminsj.html
INFO: [ app_init ] --START--
INFO: Run Behavior\BuildLiteBehavior [ RunTime:0.000028s ]
INFO: [ app_init ] --END-- [ RunTime:0.000619s ]
INFO: [ app_begin ] --START--
INFO: Run Behavior\ReadHtmlCacheBehavior [ RunTime:0.000884s ]
INFO: [ app_begin ] --END-- [ RunTime:0.000982s ]
SQL: SHOW COLUMNS FROM `hl_city` [ RunTime:0.0034s ]
SQL: SELECT * FROM `hl_city`  [ RunTime:0.0002s ]
SQL: SHOW COLUMNS FROM `hl_indexclass` [ RunTime:0.0069s ]
SQL: SELECT * FROM `hl_indexclass` WHERE `ic_c_id` = 1  [ RunTime:0.0003s ]
SQL: SHOW COLUMNS FROM `hl_thirdindex` [ RunTime:0.0066s ]
SQL: SELECT * FROM `hl_thirdindex`  [ RunTime:0.0003s ]
INFO: [ view_parse ] --START--
INFO: [ template_filter ] --START--
INFO: Run Behavior\ContentReplaceBehavior [ RunTime:0.000055s ]
INFO: [ template_filter ] --END-- [ RunTime:0.000146s ]
INFO: Run Behavior\ParseTemplateBehavior [ RunTime:0.011240s ]
INFO: [ view_parse ] --END-- [ RunTime:0.011302s ]
INFO: [ view_filter ] --START--
INFO: Run Behavior\WriteHtmlCacheBehavior [ RunTime:0.000128s ]
INFO: [ view_filter ] --END-- [ RunTime:0.000150s ]
INFO: [ app_end ] --START--
INFO: Run Behavior\ShowPageTraceBehavior [ RunTime:0.000366s ]
INFO: [ app_end ] --END-- [ RunTime:0.000397s ]

[ 2017-05-18T09:44:59+08:00 ] 127.0.0.1 /harmoniouscity/index.php/Home/Admin/indexadminsj.html
INFO: [ app_init ] --START--
INFO: Run Behavior\BuildLiteBehavior [ RunTime:0.000015s ]
INFO: [ app_init ] --END-- [ RunTime:0.005458s ]
INFO: [ app_begin ] --START--
INFO: Run Behavior\ReadHtmlCacheBehavior [ RunTime:0.000358s ]
INFO: [ app_begin ] --END-- [ RunTime:0.000392s ]
SQL: SHOW COLUMNS FROM `hl_city` [ RunTime:0.0100s ]
SQL: SELECT * FROM `hl_city`  [ RunTime:0.0003s ]
SQL: SHOW COLUMNS FROM `hl_indexclass` [ RunTime:0.0054s ]
SQL: SELECT * FROM `hl_indexclass` WHERE `ic_c_id` = 1  [ RunTime:0.0004s ]
SQL: SHOW COLUMNS FROM `hl_thirdindex` [ RunTime:0.0044s ]
SQL: SELECT * FROM `hl_thirdindex`  [ RunTime:0.0003s ]
INFO: [ view_parse ] --START--
INFO: [ template_filter ] --START--
INFO: Run Behavior\ContentReplaceBehavior [ RunTime:0.000046s ]
INFO: [ template_filter ] --END-- [ RunTime:0.000087s ]
INFO: Run Behavior\ParseTemplateBehavior [ RunTime:0.021064s ]
INFO: [ view_parse ] --END-- [ RunTime:0.021135s ]
INFO: [ view_filter ] --START--
INFO: Run Behavior\WriteHtmlCacheBehavior [ RunTime:0.000237s ]
INFO: [ view_filter ] --END-- [ RunTime:0.000287s ]
INFO: [ app_end ] --START--
INFO: Run Behavior\ShowPageTraceBehavior [ RunTime:0.000591s ]
INFO: [ app_end ] --END-- [ RunTime:0.000640s ]

[ 2017-05-18T10:02:56+08:00 ] 127.0.0.1 /harmoniouscity/index.php/Home/Admin/indexadminsj.html
INFO: [ app_init ] --START--
INFO: Run Behavior\BuildLiteBehavior [ RunTime:0.000023s ]
INFO: [ app_init ] --END-- [ RunTime:0.003984s ]
INFO: [ app_begin ] --START--
INFO: Run Behavior\ReadHtmlCacheBehavior [ RunTime:0.003893s ]
INFO: [ app_begin ] --END-- [ RunTime:0.004026s ]
SQL: SHOW COLUMNS FROM `hl_city` [ RunTime:0.0110s ]
SQL: SELECT * FROM `hl_city`  [ RunTime:0.0003s ]
SQL: SHOW COLUMNS FROM `hl_indexclass` [ RunTime:0.0069s ]
SQL: SELECT * FROM `hl_indexclass` WHERE `ic_c_id` = 1  [ RunTime:0.0004s ]
SQL: SHOW COLUMNS FROM `hl_thirdindex` [ RunTime:0.0071s ]
SQL: SELECT * FROM `hl_thirdindex`  [ RunTime:0.0004s ]
INFO: [ view_parse ] --START--
INFO: [ template_filter ] --START--
INFO: Run Behavior\ContentReplaceBehavior [ RunTime:0.000091s ]
INFO: [ template_filter ] --END-- [ RunTime:0.000194s ]
INFO: Run Behavior\ParseTemplateBehavior [ RunTime:0.031585s ]
INFO: [ view_parse ] --END-- [ RunTime:0.031713s ]
INFO: [ view_filter ] --START--
INFO: Run Behavior\WriteHtmlCacheBehavior [ RunTime:0.002922s ]
INFO: [ view_filter ] --END-- [ RunTime:0.003040s ]
INFO: [ app_end ] --START--
INFO: Run Behavior\ShowPageTraceBehavior [ RunTime:0.004739s ]
INFO: [ app_end ] --END-- [ RunTime:0.004934s ]

[ 2017-05-18T10:03:07+08:00 ] 127.0.0.1 /harmoniouscity/index.php/Home/Admin/indexadminsj.html
INFO: [ app_init ] --START--
INFO: Run Behavior\BuildLiteBehavior [ RunTime:0.000021s ]
INFO: [ app_init ] --END-- [ RunTime:0.000544s ]
INFO: [ app_begin ] --START--
INFO: Run Behavior\ReadHtmlCacheBehavior [ RunTime:0.000811s ]
INFO: [ app_begin ] --END-- [ RunTime:0.000967s ]
SQL: SHOW COLUMNS FROM `hl_city` [ RunTime:0.0063s ]
SQL: SELECT * FROM `hl_city`  [ RunTime:0.0002s ]
SQL: SHOW COLUMNS FROM `hl_indexclass` [ RunTime:0.0066s ]
SQL: SELECT * FROM `hl_indexclass` WHERE `ic_c_id` = 1  [ RunTime:0.0003s ]
SQL: SHOW COLUMNS FROM `hl_thirdindex` [ RunTime:0.0035s ]
SQL: SELECT * FROM `hl_thirdindex`  [ RunTime:0.0002s ]
INFO: [ view_parse ] --START--
INFO: [ template_filter ] --START--
INFO: Run Behavior\ContentReplaceBehavior [ RunTime:0.000043s ]
INFO: [ template_filter ] --END-- [ RunTime:0.000087s ]
INFO: Run Behavior\ParseTemplateBehavior [ RunTime:0.009302s ]
INFO: [ view_parse ] --END-- [ RunTime:0.009356s ]
INFO: [ view_filter ] --START--
INFO: Run Behavior\WriteHtmlCacheBehavior [ RunTime:0.000160s ]
INFO: [ view_filter ] --END-- [ RunTime:0.000191s ]
INFO: [ app_end ] --START--
INFO: Run Behavior\ShowPageTraceBehavior [ RunTime:0.000492s ]
INFO: [ app_end ] --END-- [ RunTime:0.000533s ]

[ 2017-05-18T10:13:51+08:00 ] 127.0.0.1 /harmoniouscity/index.php/Home/Admin/indexadminsj.html
INFO: [ app_init ] --START--
INFO: Run Behavior\BuildLiteBehavior [ RunTime:0.000023s ]
INFO: [ app_init ] --END-- [ RunTime:0.003716s ]
INFO: [ app_begin ] --START--
INFO: Run Behavior\ReadHtmlCacheBehavior [ RunTime:0.003727s ]
INFO: [ app_begin ] --END-- [ RunTime:0.003816s ]
SQL: SHOW COLUMNS FROM `hl_city` [ RunTime:0.0111s ]
SQL: SELECT * FROM `hl_city`  [ RunTime:0.0004s ]
SQL: SHOW COLUMNS FROM `hl_indexclass` [ RunTime:0.0067s ]
SQL: SELECT * FROM `hl_indexclass` WHERE `ic_c_id` = 1  [ RunTime:0.0004s ]
SQL: SHOW COLUMNS FROM `hl_thirdindex` [ RunTime:0.0067s ]
SQL: SELECT * FROM `hl_thirdindex`  [ RunTime:0.0004s ]
INFO: [ view_parse ] --START--
INFO: [ template_filter ] --START--
INFO: Run Behavior\ContentReplaceBehavior [ RunTime:0.000107s ]
INFO: [ template_filter ] --END-- [ RunTime:0.000193s ]
INFO: Run Behavior\ParseTemplateBehavior [ RunTime:0.028392s ]
INFO: [ view_parse ] --END-- [ RunTime:0.028484s ]
INFO: [ view_filter ] --START--
INFO: Run Behavior\WriteHtmlCacheBehavior [ RunTime:0.003078s ]
INFO: [ view_filter ] --END-- [ RunTime:0.003152s ]
INFO: [ app_end ] --START--
INFO: Run Behavior\ShowPageTraceBehavior [ RunTime:0.004361s ]
INFO: [ app_end ] --END-- [ RunTime:0.004461s ]

[ 2017-05-18T10:14:05+08:00 ] 127.0.0.1 /harmoniouscity/index.php/Home/Admin/saveindexvalue.html
INFO: [ app_init ] --START--
INFO: Run Behavior\BuildLiteBehavior [ RunTime:0.000009s ]
INFO: [ app_init ] --END-- [ RunTime:0.000321s ]
INFO: [ app_begin ] --START--
INFO: Run Behavior\ReadHtmlCacheBehavior [ RunTime:0.000597s ]
INFO: [ app_begin ] --END-- [ RunTime:0.000690s ]
INFO: [ app_end ] --START--
INFO: Run Behavior\ShowPageTraceBehavior [ RunTime:0.000566s ]
INFO: [ app_end ] --END-- [ RunTime:0.000664s ]

[ 2017-05-18T10:14:19+08:00 ] 127.0.0.1 /harmoniouscity/index.php/Home/Admin/indexadminsj.html
INFO: [ app_init ] --START--
INFO: Run Behavior\BuildLiteBehavior [ RunTime:0.000013s ]
INFO: [ app_init ] --END-- [ RunTime:0.000371s ]
INFO: [ app_begin ] --START--
INFO: Run Behavior\ReadHtmlCacheBehavior [ RunTime:0.000587s ]
INFO: [ app_begin ] --END-- [ RunTime:0.000666s ]
SQL: SHOW COLUMNS FROM `hl_city` [ RunTime:0.0034s ]
SQL: SELECT * FROM `hl_city`  [ RunTime:0.0002s ]
SQL: SHOW COLUMNS FROM `hl_indexclass` [ RunTime:0.0069s ]
SQL: SELECT * FROM `hl_indexclass` WHERE `ic_c_id` = 1  [ RunTime:0.0004s ]
SQL: SHOW COLUMNS FROM `hl_thirdindex` [ RunTime:0.0064s ]
SQL: SELECT * FROM `hl_thirdindex`  [ RunTime:0.0003s ]
INFO: [ view_parse ] --START--
INFO: [ template_filter ] --START--
INFO: Run Behavior\ContentReplaceBehavior [ RunTime:0.000063s ]
INFO: [ template_filter ] --END-- [ RunTime:0.000137s ]
INFO: Run Behavior\ParseTemplateBehavior [ RunTime:0.009858s ]
INFO: [ view_parse ] --END-- [ RunTime:0.009901s ]
INFO: [ view_filter ] --START--
INFO: Run Behavior\WriteHtmlCacheBehavior [ RunTime:0.000125s ]
INFO: [ view_filter ] --END-- [ RunTime:0.000148s ]
INFO: [ app_end ] --START--
INFO: Run Behavior\ShowPageTraceBehavior [ RunTime:0.000298s ]
INFO: [ app_end ] --END-- [ RunTime:0.000331s ]

[ 2017-05-18T10:14:27+08:00 ] 127.0.0.1 /harmoniouscity/index.php/Home/Admin/saveindexvalue.html
INFO: [ app_init ] --START--
INFO: Run Behavior\BuildLiteBehavior [ RunTime:0.000010s ]
INFO: [ app_init ] --END-- [ RunTime:0.000211s ]
INFO: [ app_begin ] --START--
INFO: Run Behavior\ReadHtmlCacheBehavior [ RunTime:0.000441s ]
INFO: [ app_begin ] --END-- [ RunTime:0.000499s ]
INFO: [ app_end ] --START--
INFO: Run Behavior\ShowPageTraceBehavior [ RunTime:0.000822s ]
INFO: [ app_end ] --END-- [ RunTime:0.000920s ]

[ 2017-05-18T10:14:51+08:00 ] 127.0.0.1 /harmoniouscity/index.php/Home/Admin/indexadminsj.html
INFO: [ app_init ] --START--
INFO: Run Behavior\BuildLiteBehavior [ RunTime:0.000009s ]
INFO: [ app_init ] --END-- [ RunTime:0.000210s ]
INFO: [ app_begin ] --START--
INFO: Run Behavior\ReadHtmlCacheBehavior [ RunTime:0.000264s ]
INFO: [ app_begin ] --END-- [ RunTime:0.000292s ]
SQL: SHOW COLUMNS FROM `hl_city` [ RunTime:0.0065s ]
SQL: SELECT * FROM `hl_city`  [ RunTime:0.0002s ]
SQL: SHOW COLUMNS FROM `hl_indexclass` [ RunTime:0.0067s ]
SQL: SELECT * FROM `hl_indexclass` WHERE `ic_c_id` = 1  [ RunTime:0.0003s ]
SQL: SHOW COLUMNS FROM `hl_thirdindex` [ RunTime:0.0033s ]
SQL: SELECT * FROM `hl_thirdindex`  [ RunTime:0.0003s ]
INFO: [ view_parse ] --START--
INFO: [ template_filter ] --START--
INFO: Run Behavior\ContentReplaceBehavior [ RunTime:0.000052s ]
INFO: [ template_filter ] --END-- [ RunTime:0.000164s ]
INFO: Run Behavior\ParseTemplateBehavior [ RunTime:0.007455s ]
INFO: [ view_parse ] --END-- [ RunTime:0.007525s ]
INFO: [ view_filter ] --START--
INFO: Run Behavior\WriteHtmlCacheBehavior [ RunTime:0.000181s ]
INFO: [ view_filter ] --END-- [ RunTime:0.000219s ]
INFO: [ app_end ] --START--
INFO: Run Behavior\ShowPageTraceBehavior [ RunTime:0.000469s ]
INFO: [ app_end ] --END-- [ RunTime:0.000520s ]

[ 2017-05-18T10:15:01+08:00 ] 127.0.0.1 /harmoniouscity/index.php/Home/Admin/saveindexvalue.html
INFO: [ app_init ] --START--
INFO: Run Behavior\BuildLiteBehavior [ RunTime:0.000009s ]
INFO: [ app_init ] --END-- [ RunTime:0.000214s ]
INFO: [ app_begin ] --START--
INFO: Run Behavior\ReadHtmlCacheBehavior [ RunTime:0.000303s ]
INFO: [ app_begin ] --END-- [ RunTime:0.000332s ]
INFO: [ app_end ] --START--
INFO: Run Behavior\ShowPageTraceBehavior [ RunTime:0.000272s ]
INFO: [ app_end ] --END-- [ RunTime:0.000306s ]

[ 2017-05-18T10:52:20+08:00 ] 127.0.0.1 /harmoniouscity/index.php/Home/Admin/indexadminsj.html
INFO: [ app_init ] --START--
INFO: Run Behavior\BuildLiteBehavior [ RunTime:0.000009s ]
INFO: [ app_init ] --END-- [ RunTime:0.000204s ]
INFO: [ app_begin ] --START--
INFO: Run Behavior\ReadHtmlCacheBehavior [ RunTime:0.000264s ]
INFO: [ app_begin ] --END-- [ RunTime:0.000293s ]
SQL: SHOW COLUMNS FROM `hl_city` [ RunTime:0.0108s ]
SQL: SELECT * FROM `hl_city`  [ RunTime:0.0003s ]
SQL: SHOW COLUMNS FROM `hl_indexclass` [ RunTime:0.0064s ]
SQL: SELECT * FROM `hl_indexclass` WHERE `ic_c_id` = 1  [ RunTime:0.0003s ]
SQL: SHOW COLUMNS FROM `hl_thirdindex` [ RunTime:0.0032s ]
SQL: SELECT * FROM `hl_thirdindex`  [ RunTime:0.0002s ]
INFO: [ view_parse ] --START--
INFO: [ template_filter ] --START--
INFO: Run Behavior\ContentReplaceBehavior [ RunTime:0.000050s ]
INFO: [ template_filter ] --END-- [ RunTime:0.000113s ]
INFO: Run Behavior\ParseTemplateBehavior [ RunTime:0.012342s ]
INFO: [ view_parse ] --END-- [ RunTime:0.012419s ]
INFO: [ view_filter ] --START--
INFO: Run Behavior\WriteHtmlCacheBehavior [ RunTime:0.000204s ]
INFO: [ view_filter ] --END-- [ RunTime:0.000243s ]
INFO: [ app_end ] --START--
INFO: Run Behavior\ShowPageTraceBehavior [ RunTime:0.000471s ]
INFO: [ app_end ] --END-- [ RunTime:0.000531s ]

[ 2017-05-18T10:52:31+08:00 ] 127.0.0.1 /harmoniouscity/index.php/Home/Admin/saveindexvalue.html
INFO: [ app_init ] --START--
INFO: Run Behavior\BuildLiteBehavior [ RunTime:0.000020s ]
INFO: [ app_init ] --END-- [ RunTime:0.000698s ]
INFO: [ app_begin ] --START--
INFO: Run Behavior\ReadHtmlCacheBehavior [ RunTime:0.000509s ]
INFO: [ app_begin ] --END-- [ RunTime:0.000582s ]
SQL: SHOW COLUMNS FROM `hl_indexvalue` [ RunTime:0.0064s ]
SQL: SELECT * FROM `hl_indexvalue`  [ RunTime:0.0003s ]
INFO: [ app_end ] --START--
INFO: Run Behavior\ShowPageTraceBehavior [ RunTime:0.000673s ]
INFO: [ app_end ] --END-- [ RunTime:0.000769s ]

[ 2017-05-18T10:52:57+08:00 ] 127.0.0.1 /harmoniouscity/index.php/Home/Admin/indexadminsj.html
INFO: [ app_init ] --START--
INFO: Run Behavior\BuildLiteBehavior [ RunTime:0.000015s ]
INFO: [ app_init ] --END-- [ RunTime:0.000464s ]
INFO: [ app_begin ] --START--
INFO: Run Behavior\ReadHtmlCacheBehavior [ RunTime:0.000715s ]
INFO: [ app_begin ] --END-- [ RunTime:0.000820s ]
SQL: SHOW COLUMNS FROM `hl_city` [ RunTime:0.0064s ]
SQL: SELECT * FROM `hl_city`  [ RunTime:0.0003s ]
SQL: SHOW COLUMNS FROM `hl_indexclass` [ RunTime:0.0064s ]
SQL: SELECT * FROM `hl_indexclass` WHERE `ic_c_id` = 1  [ RunTime:0.0003s ]
SQL: SHOW COLUMNS FROM `hl_thirdindex` [ RunTime:0.0103s ]
SQL: SELECT * FROM `hl_thirdindex`  [ RunTime:0.0004s ]
INFO: [ view_parse ] --START--
INFO: [ template_filter ] --START--
INFO: Run Behavior\ContentReplaceBehavior [ RunTime:0.000061s ]
INFO: [ template_filter ] --END-- [ RunTime:0.000107s ]
INFO: Run Behavior\ParseTemplateBehavior [ RunTime:0.009343s ]
INFO: [ view_parse ] --END-- [ RunTime:0.011223s ]
INFO: [ view_filter ] --START--
INFO: Run Behavior\WriteHtmlCacheBehavior [ RunTime:0.000239s ]
INFO: [ view_filter ] --END-- [ RunTime:0.000281s ]
INFO: [ app_end ] --START--
INFO: Run Behavior\ShowPageTraceBehavior [ RunTime:0.000712s ]
INFO: [ app_end ] --END-- [ RunTime:0.000800s ]

[ 2017-05-18T10:53:26+08:00 ] 127.0.0.1 /harmoniouscity/index.php/Home/Admin/saveindexvalue.html
INFO: [ app_init ] --START--
INFO: Run Behavior\BuildLiteBehavior [ RunTime:0.000026s ]
INFO: [ app_init ] --END-- [ RunTime:0.000802s ]
INFO: [ app_begin ] --START--
INFO: Run Behavior\ReadHtmlCacheBehavior [ RunTime:0.000955s ]
INFO: [ app_begin ] --END-- [ RunTime:0.001104s ]
SQL: SHOW COLUMNS FROM `hl_indexvalue` [ RunTime:0.0035s ]
SQL: SELECT * FROM `hl_indexvalue`  [ RunTime:0.0002s ]
INFO: [ app_end ] --START--
INFO: Run Behavior\ShowPageTraceBehavior [ RunTime:0.000669s ]
INFO: [ app_end ] --END-- [ RunTime:0.000724s ]

[ 2017-05-18T10:54:03+08:00 ] 127.0.0.1 /harmoniouscity/index.php/Home/Admin/indexadminsj.html
INFO: [ app_init ] --START--
INFO: Run Behavior\BuildLiteBehavior [ RunTime:0.000011s ]
INFO: [ app_init ] --END-- [ RunTime:0.000274s ]
INFO: [ app_begin ] --START--
INFO: Run Behavior\ReadHtmlCacheBehavior [ RunTime:0.000660s ]
INFO: [ app_begin ] --END-- [ RunTime:0.000716s ]
SQL: SHOW COLUMNS FROM `hl_city` [ RunTime:0.0066s ]
SQL: SELECT * FROM `hl_city`  [ RunTime:0.0005s ]
SQL: SHOW COLUMNS FROM `hl_indexclass` [ RunTime:0.0064s ]
SQL: SELECT * FROM `hl_indexclass` WHERE `ic_c_id` = 1  [ RunTime:0.0002s ]
SQL: SHOW COLUMNS FROM `hl_thirdindex` [ RunTime:0.0037s ]
SQL: SELECT * FROM `hl_thirdindex`  [ RunTime:0.0003s ]
INFO: [ view_parse ] --START--
INFO: [ template_filter ] --START--
INFO: Run Behavior\ContentReplaceBehavior [ RunTime:0.000040s ]
INFO: [ template_filter ] --END-- [ RunTime:0.000076s ]
INFO: Run Behavior\ParseTemplateBehavior [ RunTime:0.007454s ]
INFO: [ view_parse ] --END-- [ RunTime:0.007489s ]
INFO: [ view_filter ] --START--
INFO: Run Behavior\WriteHtmlCacheBehavior [ RunTime:0.000114s ]
INFO: [ view_filter ] --END-- [ RunTime:0.000136s ]
INFO: [ app_end ] --START--
INFO: Run Behavior\ShowPageTraceBehavior [ RunTime:0.000291s ]
INFO: [ app_end ] --END-- [ RunTime:0.000316s ]

[ 2017-05-18T10:54:11+08:00 ] 127.0.0.1 /harmoniouscity/index.php/Home/Admin/saveindexvalue.html
INFO: [ app_init ] --START--
INFO: Run Behavior\BuildLiteBehavior [ RunTime:0.000011s ]
INFO: [ app_init ] --END-- [ RunTime:0.000262s ]
INFO: [ app_begin ] --START--
INFO: Run Behavior\ReadHtmlCacheBehavior [ RunTime:0.000270s ]
INFO: [ app_begin ] --END-- [ RunTime:0.000299s ]
SQL: SHOW COLUMNS FROM `hl_indexvalue` [ RunTime:0.0039s ]
SQL: SELECT * FROM `hl_indexvalue`  [ RunTime:0.0002s ]
INFO: [ app_end ] --START--
INFO: Run Behavior\ShowPageTraceBehavior [ RunTime:0.000441s ]
INFO: [ app_end ] --END-- [ RunTime:0.000480s ]

