[ 2017-05-15T08:53:59+08:00 ] 127.0.0.1 /harmoniouscity/index.php/Home/Admin/indexadminzb.html
INFO: [ app_init ] --START--
INFO: Run Behavior\BuildLiteBehavior [ RunTime:0.000029s ]
INFO: [ app_init ] --END-- [ RunTime:0.007835s ]
INFO: [ app_begin ] --START--
INFO: Run Behavior\ReadHtmlCacheBehavior [ RunTime:0.000961s ]
INFO: [ app_begin ] --END-- [ RunTime:0.001042s ]
SQL: SHOW COLUMNS FROM `hl_secondindex` [ RunTime:0.0266s ]
SQL: SELECT * FROM `hl_secondindex` INNER JOIN HL_firstindex on HL_firstindex.fi_id = HL_secondindex.si_fi_id INNER JOIN HL_thirdindex on HL_thirdindex.ti_si_id = HL_secondindex.si_id  ORDER BY HL_firstindex.fi_id asc,HL_secondindex.si_id asc,HL_thirdindex.ti_id  [ RunTime:0.0130s ]
SQL: SHOW COLUMNS FROM `hl_firstindex` [ RunTime:0.0071s ]
SQL: SELECT * FROM `hl_firstindex`  [ RunTime:0.0003s ]
SQL: SELECT * FROM `hl_secondindex`  [ RunTime:0.0002s ]
INFO: [ view_parse ] --START--
INFO: [ template_filter ] --START--
INFO: Run Behavior\ContentReplaceBehavior [ RunTime:0.002865s ]
INFO: [ template_filter ] --END-- [ RunTime:0.002972s ]
INFO: Run Behavior\ParseTemplateBehavior [ RunTime:0.052552s ]
INFO: [ view_parse ] --END-- [ RunTime:0.052661s ]
INFO: [ view_filter ] --START--
INFO: Run Behavior\WriteHtmlCacheBehavior [ RunTime:0.003396s ]
INFO: [ view_filter ] --END-- [ RunTime:0.003470s ]
INFO: [ app_end ] --START--
INFO: Run Behavior\ShowPageTraceBehavior [ RunTime:0.004143s ]
INFO: [ app_end ] --END-- [ RunTime:0.004267s ]

[ 2017-05-15T08:55:35+08:00 ] 127.0.0.1 /harmoniouscity/index.php/Home/Admin/indexadminzb.html
INFO: [ app_init ] --START--
INFO: Run Behavior\BuildLiteBehavior [ RunTime:0.000015s ]
INFO: [ app_init ] --END-- [ RunTime:0.000367s ]
INFO: [ app_begin ] --START--
INFO: Run Behavior\ReadHtmlCacheBehavior [ RunTime:0.000485s ]
INFO: [ app_begin ] --END-- [ RunTime:0.000539s ]
SQL: SHOW COLUMNS FROM `hl_secondindex` [ RunTime:0.0067s ]
SQL: SELECT * FROM `hl_secondindex` INNER JOIN HL_firstindex on HL_firstindex.fi_id = HL_secondindex.si_fi_id INNER JOIN HL_thirdindex on HL_thirdindex.ti_si_id = HL_secondindex.si_id  ORDER BY HL_firstindex.fi_id asc,HL_secondindex.si_id asc,HL_thirdindex.ti_id  [ RunTime:0.0008s ]
SQL: SHOW COLUMNS FROM `hl_firstindex` [ RunTime:0.0067s ]
SQL: SELECT * FROM `hl_firstindex`  [ RunTime:0.0003s ]
SQL: SELECT * FROM `hl_secondindex`  [ RunTime:0.0002s ]
INFO: [ view_parse ] --START--
INFO: [ template_filter ] --START--
INFO: Run Behavior\ContentReplaceBehavior [ RunTime:0.000108s ]
INFO: [ template_filter ] --END-- [ RunTime:0.000163s ]
INFO: Run Behavior\ParseTemplateBehavior [ RunTime:0.011282s ]
INFO: [ view_parse ] --END-- [ RunTime:0.011379s ]
INFO: [ view_filter ] --START--
INFO: Run Behavior\WriteHtmlCacheBehavior [ RunTime:0.000115s ]
INFO: [ view_filter ] --END-- [ RunTime:0.000138s ]
INFO: [ app_end ] --START--
INFO: Run Behavior\ShowPageTraceBehavior [ RunTime:0.000487s ]
INFO: [ app_end ] --END-- [ RunTime:0.000550s ]

[ 2017-05-15T08:55:46+08:00 ] 127.0.0.1 /harmoniouscity/index.php/Home/Admin/indexadminzb.html
INFO: [ app_init ] --START--
INFO: Run Behavior\BuildLiteBehavior [ RunTime:0.000021s ]
INFO: [ app_init ] --END-- [ RunTime:0.000544s ]
INFO: [ app_begin ] --START--
INFO: Run Behavior\ReadHtmlCacheBehavior [ RunTime:0.000560s ]
INFO: [ app_begin ] --END-- [ RunTime:0.000630s ]
SQL: SHOW COLUMNS FROM `hl_secondindex` [ RunTime:0.0036s ]
SQL: SELECT * FROM `hl_secondindex` INNER JOIN HL_firstindex on HL_firstindex.fi_id = HL_secondindex.si_fi_id INNER JOIN HL_thirdindex on HL_thirdindex.ti_si_id = HL_secondindex.si_id  ORDER BY HL_firstindex.fi_id asc,HL_secondindex.si_id asc,HL_thirdindex.ti_id  [ RunTime:0.0005s ]
SQL: SHOW COLUMNS FROM `hl_firstindex` [ RunTime:0.0035s ]
SQL: SELECT * FROM `hl_firstindex`  [ RunTime:0.0002s ]
SQL: SELECT * FROM `hl_secondindex`  [ RunTime:0.0001s ]
INFO: [ view_parse ] --START--
INFO: [ template_filter ] --START--
INFO: Run Behavior\ContentReplaceBehavior [ RunTime:0.000105s ]
INFO: [ template_filter ] --END-- [ RunTime:0.000146s ]
INFO: Run Behavior\ParseTemplateBehavior [ RunTime:0.012967s ]
INFO: [ view_parse ] --END-- [ RunTime:0.013058s ]
INFO: [ view_filter ] --START--
INFO: Run Behavior\WriteHtmlCacheBehavior [ RunTime:0.000152s ]
INFO: [ view_filter ] --END-- [ RunTime:0.000181s ]
INFO: [ app_end ] --START--
INFO: Run Behavior\ShowPageTraceBehavior [ RunTime:0.002640s ]
INFO: [ app_end ] --END-- [ RunTime:0.002734s ]

[ 2017-05-15T08:58:02+08:00 ] 127.0.0.1 /harmoniouscity/index.php/Home/Admin/indexadminzb.html
INFO: [ app_init ] --START--
INFO: Run Behavior\BuildLiteBehavior [ RunTime:0.000015s ]
INFO: [ app_init ] --END-- [ RunTime:0.000407s ]
INFO: [ app_begin ] --START--
INFO: Run Behavior\ReadHtmlCacheBehavior [ RunTime:0.000407s ]
INFO: [ app_begin ] --END-- [ RunTime:0.000459s ]
SQL: SHOW COLUMNS FROM `hl_secondindex` [ RunTime:0.0045s ]
SQL: SELECT * FROM `hl_secondindex` INNER JOIN HL_firstindex on HL_firstindex.fi_id = HL_secondindex.si_fi_id INNER JOIN HL_thirdindex on HL_thirdindex.ti_si_id = HL_secondindex.si_id  ORDER BY HL_firstindex.fi_id asc,HL_secondindex.si_id asc,HL_thirdindex.ti_id  [ RunTime:0.0006s ]
SQL: SHOW COLUMNS FROM `hl_firstindex` [ RunTime:0.0034s ]
SQL: SELECT * FROM `hl_firstindex`  [ RunTime:0.0002s ]
SQL: SELECT * FROM `hl_secondindex`  [ RunTime:0.0001s ]
INFO: [ view_parse ] --START--
INFO: [ template_filter ] --START--
INFO: Run Behavior\ContentReplaceBehavior [ RunTime:0.000095s ]
INFO: [ template_filter ] --END-- [ RunTime:0.000146s ]
INFO: Run Behavior\ParseTemplateBehavior [ RunTime:0.011391s ]
INFO: [ view_parse ] --END-- [ RunTime:0.011460s ]
INFO: [ view_filter ] --START--
INFO: Run Behavior\WriteHtmlCacheBehavior [ RunTime:0.000119s ]
INFO: [ view_filter ] --END-- [ RunTime:0.000150s ]
INFO: [ app_end ] --START--
INFO: Run Behavior\ShowPageTraceBehavior [ RunTime:0.000635s ]
INFO: [ app_end ] --END-- [ RunTime:0.000692s ]

[ 2017-05-15T09:01:07+08:00 ] 127.0.0.1 /harmoniouscity/index.php/Home/Admin/indexadminzb.html
INFO: [ app_init ] --START--
INFO: Run Behavior\BuildLiteBehavior [ RunTime:0.000016s ]
INFO: [ app_init ] --END-- [ RunTime:0.000413s ]
INFO: [ app_begin ] --START--
INFO: Run Behavior\ReadHtmlCacheBehavior [ RunTime:0.000406s ]
INFO: [ app_begin ] --END-- [ RunTime:0.000465s ]
SQL: SHOW COLUMNS FROM `hl_secondindex` [ RunTime:0.0097s ]
SQL: SELECT * FROM `hl_secondindex` INNER JOIN HL_firstindex on HL_firstindex.fi_id = HL_secondindex.si_fi_id INNER JOIN HL_thirdindex on HL_thirdindex.ti_si_id = HL_secondindex.si_id  ORDER BY HL_firstindex.fi_id asc,HL_secondindex.si_id asc,HL_thirdindex.ti_id  [ RunTime:0.0072s ]
SQL: SHOW COLUMNS FROM `hl_firstindex` [ RunTime:0.0068s ]
SQL: SELECT * FROM `hl_firstindex`  [ RunTime:0.0005s ]
SQL: SELECT * FROM `hl_secondindex`  [ RunTime:0.0003s ]
INFO: [ view_parse ] --START--
INFO: [ template_filter ] --START--
INFO: Run Behavior\ContentReplaceBehavior [ RunTime:0.000169s ]
INFO: [ template_filter ] --END-- [ RunTime:0.000225s ]
INFO: Run Behavior\ParseTemplateBehavior [ RunTime:0.018701s ]
INFO: [ view_parse ] --END-- [ RunTime:0.018879s ]
INFO: [ view_filter ] --START--
INFO: Run Behavior\WriteHtmlCacheBehavior [ RunTime:0.000195s ]
INFO: [ view_filter ] --END-- [ RunTime:0.000229s ]
INFO: [ app_end ] --START--
INFO: Run Behavior\ShowPageTraceBehavior [ RunTime:0.000729s ]
INFO: [ app_end ] --END-- [ RunTime:0.000818s ]

[ 2017-05-15T09:01:21+08:00 ] 127.0.0.1 /harmoniouscity/index.php/Home/Admin/indexadminzb.html
INFO: [ app_init ] --START--
INFO: Run Behavior\BuildLiteBehavior [ RunTime:0.000032s ]
INFO: [ app_init ] --END-- [ RunTime:0.000744s ]
INFO: [ app_begin ] --START--
INFO: Run Behavior\ReadHtmlCacheBehavior [ RunTime:0.000718s ]
INFO: [ app_begin ] --END-- [ RunTime:0.000803s ]
SQL: SHOW COLUMNS FROM `hl_secondindex` [ RunTime:0.0068s ]
SQL: SELECT * FROM `hl_secondindex` INNER JOIN HL_firstindex on HL_firstindex.fi_id = HL_secondindex.si_fi_id INNER JOIN HL_thirdindex on HL_thirdindex.ti_si_id = HL_secondindex.si_id  ORDER BY HL_firstindex.fi_id asc,HL_secondindex.si_id asc,HL_thirdindex.ti_id  [ RunTime:0.0005s ]
SQL: SHOW COLUMNS FROM `hl_firstindex` [ RunTime:0.0034s ]
SQL: SELECT * FROM `hl_firstindex`  [ RunTime:0.0003s ]
SQL: SELECT * FROM `hl_secondindex`  [ RunTime:0.0003s ]
INFO: [ view_parse ] --START--
INFO: [ template_filter ] --START--
INFO: Run Behavior\ContentReplaceBehavior [ RunTime:0.000080s ]
INFO: [ template_filter ] --END-- [ RunTime:0.000135s ]
INFO: Run Behavior\ParseTemplateBehavior [ RunTime:0.012078s ]
INFO: [ view_parse ] --END-- [ RunTime:0.012238s ]
INFO: [ view_filter ] --START--
INFO: Run Behavior\WriteHtmlCacheBehavior [ RunTime:0.000302s ]
INFO: [ view_filter ] --END-- [ RunTime:0.000407s ]
INFO: [ app_end ] --START--
INFO: Run Behavior\ShowPageTraceBehavior [ RunTime:0.000934s ]
INFO: [ app_end ] --END-- [ RunTime:0.000986s ]

[ 2017-05-15T09:01:33+08:00 ] 127.0.0.1 /harmoniouscity/index.php/Home/Admin/indexadminzb.html
INFO: [ app_init ] --START--
INFO: Run Behavior\BuildLiteBehavior [ RunTime:0.000016s ]
INFO: [ app_init ] --END-- [ RunTime:0.000472s ]
INFO: [ app_begin ] --START--
INFO: Run Behavior\ReadHtmlCacheBehavior [ RunTime:0.000444s ]
INFO: [ app_begin ] --END-- [ RunTime:0.000496s ]
SQL: SHOW COLUMNS FROM `hl_secondindex` [ RunTime:0.0043s ]
SQL: SELECT * FROM `hl_secondindex` INNER JOIN HL_firstindex on HL_firstindex.fi_id = HL_secondindex.si_fi_id INNER JOIN HL_thirdindex on HL_thirdindex.ti_si_id = HL_secondindex.si_id  ORDER BY HL_firstindex.fi_id asc,HL_secondindex.si_id asc,HL_thirdindex.ti_id  [ RunTime:0.0035s ]
SQL: SHOW COLUMNS FROM `hl_firstindex` [ RunTime:0.0071s ]
SQL: SELECT * FROM `hl_firstindex`  [ RunTime:0.0003s ]
SQL: SELECT * FROM `hl_secondindex`  [ RunTime:0.0002s ]
INFO: [ view_parse ] --START--
INFO: [ template_filter ] --START--
INFO: Run Behavior\ContentReplaceBehavior [ RunTime:0.000104s ]
INFO: [ template_filter ] --END-- [ RunTime:0.000147s ]
INFO: Run Behavior\ParseTemplateBehavior [ RunTime:0.011526s ]
INFO: [ view_parse ] --END-- [ RunTime:0.011615s ]
INFO: [ view_filter ] --START--
INFO: Run Behavior\WriteHtmlCacheBehavior [ RunTime:0.000121s ]
INFO: [ view_filter ] --END-- [ RunTime:0.000145s ]
INFO: [ app_end ] --START--
INFO: Run Behavior\ShowPageTraceBehavior [ RunTime:0.001047s ]
INFO: [ app_end ] --END-- [ RunTime:0.001148s ]

[ 2017-05-15T11:17:03+08:00 ] 127.0.0.1 /harmoniouscity/index.php/Home/Admin/indexadminzb.html
INFO: [ app_init ] --START--
INFO: Run Behavior\BuildLiteBehavior [ RunTime:0.000009s ]
INFO: [ app_init ] --END-- [ RunTime:0.000228s ]
INFO: [ app_begin ] --START--
INFO: Run Behavior\ReadHtmlCacheBehavior [ RunTime:0.000275s ]
INFO: [ app_begin ] --END-- [ RunTime:0.000304s ]
SQL: SHOW COLUMNS FROM `hl_secondindex` [ RunTime:0.0035s ]
SQL: SELECT * FROM `hl_secondindex` INNER JOIN HL_firstindex on HL_firstindex.fi_id = HL_secondindex.si_fi_id INNER JOIN HL_thirdindex on HL_thirdindex.ti_si_id = HL_secondindex.si_id  ORDER BY HL_firstindex.fi_id asc,HL_secondindex.si_id asc,HL_thirdindex.ti_id  [ RunTime:0.0005s ]
SQL: SHOW COLUMNS FROM `hl_firstindex` [ RunTime:0.0067s ]
SQL: SELECT * FROM `hl_firstindex`  [ RunTime:0.0004s ]
SQL: SELECT * FROM `hl_secondindex`  [ RunTime:0.0003s ]
INFO: [ view_parse ] --START--
INFO: [ template_filter ] --START--
INFO: Run Behavior\ContentReplaceBehavior [ RunTime:0.000050s ]
INFO: [ template_filter ] --END-- [ RunTime:0.000086s ]
INFO: Run Behavior\ParseTemplateBehavior [ RunTime:0.008419s ]
INFO: [ view_parse ] --END-- [ RunTime:0.008470s ]
INFO: [ view_filter ] --START--
INFO: Run Behavior\WriteHtmlCacheBehavior [ RunTime:0.000113s ]
INFO: [ view_filter ] --END-- [ RunTime:0.000135s ]
INFO: [ app_end ] --START--
INFO: Run Behavior\ShowPageTraceBehavior [ RunTime:0.000395s ]
INFO: [ app_end ] --END-- [ RunTime:0.000436s ]

[ 2017-05-15T11:17:23+08:00 ] 127.0.0.1 /harmoniouscity/index.php/Home/Admin/indexadminzb.html
INFO: [ app_init ] --START--
INFO: Run Behavior\BuildLiteBehavior [ RunTime:0.000009s ]
INFO: [ app_init ] --END-- [ RunTime:0.000218s ]
INFO: [ app_begin ] --START--
INFO: Run Behavior\ReadHtmlCacheBehavior [ RunTime:0.000270s ]
INFO: [ app_begin ] --END-- [ RunTime:0.000300s ]
SQL: SHOW COLUMNS FROM `hl_secondindex` [ RunTime:0.0067s ]
SQL: SELECT * FROM `hl_secondindex` INNER JOIN HL_firstindex on HL_firstindex.fi_id = HL_secondindex.si_fi_id INNER JOIN HL_thirdindex on HL_thirdindex.ti_si_id = HL_secondindex.si_id  ORDER BY HL_firstindex.fi_id asc,HL_secondindex.si_id asc,HL_thirdindex.ti_id  [ RunTime:0.0006s ]
SQL: SHOW COLUMNS FROM `hl_firstindex` [ RunTime:0.0066s ]
SQL: SELECT * FROM `hl_firstindex`  [ RunTime:0.0003s ]
SQL: SELECT * FROM `hl_secondindex`  [ RunTime:0.0002s ]
INFO: [ view_parse ] --START--
INFO: [ template_filter ] --START--
INFO: Run Behavior\ContentReplaceBehavior [ RunTime:0.000143s ]
INFO: [ template_filter ] --END-- [ RunTime:0.000193s ]
INFO: Run Behavior\ParseTemplateBehavior [ RunTime:0.009263s ]
INFO: [ view_parse ] --END-- [ RunTime:0.009313s ]
INFO: [ view_filter ] --START--
INFO: Run Behavior\WriteHtmlCacheBehavior [ RunTime:0.000133s ]
INFO: [ view_filter ] --END-- [ RunTime:0.000156s ]
INFO: [ app_end ] --START--
INFO: Run Behavior\ShowPageTraceBehavior [ RunTime:0.000389s ]
INFO: [ app_end ] --END-- [ RunTime:0.000449s ]

[ 2017-05-15T11:17:25+08:00 ] 127.0.0.1 /harmoniouscity/index.php/Home/Admin/indexadminzb.html
INFO: [ app_init ] --START--
INFO: Run Behavior\BuildLiteBehavior [ RunTime:0.000019s ]
INFO: [ app_init ] --END-- [ RunTime:0.000435s ]
INFO: [ app_begin ] --START--
INFO: Run Behavior\ReadHtmlCacheBehavior [ RunTime:0.000521s ]
INFO: [ app_begin ] --END-- [ RunTime:0.000587s ]
SQL: SHOW COLUMNS FROM `hl_secondindex` [ RunTime:0.0032s ]
SQL: SELECT * FROM `hl_secondindex` INNER JOIN HL_firstindex on HL_firstindex.fi_id = HL_secondindex.si_fi_id INNER JOIN HL_thirdindex on HL_thirdindex.ti_si_id = HL_secondindex.si_id  ORDER BY HL_firstindex.fi_id asc,HL_secondindex.si_id asc,HL_thirdindex.ti_id  [ RunTime:0.0004s ]
SQL: SHOW COLUMNS FROM `hl_firstindex` [ RunTime:0.0067s ]
SQL: SELECT * FROM `hl_firstindex`  [ RunTime:0.0008s ]
SQL: SELECT * FROM `hl_secondindex`  [ RunTime:0.0005s ]
INFO: [ view_parse ] --START--
INFO: [ template_filter ] --START--
INFO: Run Behavior\ContentReplaceBehavior [ RunTime:0.000051s ]
INFO: [ template_filter ] --END-- [ RunTime:0.000092s ]
INFO: Run Behavior\ParseTemplateBehavior [ RunTime:0.010235s ]
INFO: [ view_parse ] --END-- [ RunTime:0.010364s ]
INFO: [ view_filter ] --START--
INFO: Run Behavior\WriteHtmlCacheBehavior [ RunTime:0.000139s ]
INFO: [ view_filter ] --END-- [ RunTime:0.000163s ]
INFO: [ app_end ] --START--
INFO: Run Behavior\ShowPageTraceBehavior [ RunTime:0.000492s ]
INFO: [ app_end ] --END-- [ RunTime:0.000534s ]

[ 2017-05-15T11:17:28+08:00 ] 127.0.0.1 /harmoniouscity/index.php/Home/Admin/indexadminzb.html
INFO: [ app_init ] --START--
INFO: Run Behavior\BuildLiteBehavior [ RunTime:0.000023s ]
INFO: [ app_init ] --END-- [ RunTime:0.000882s ]
INFO: [ app_begin ] --START--
INFO: Run Behavior\ReadHtmlCacheBehavior [ RunTime:0.001423s ]
INFO: [ app_begin ] --END-- [ RunTime:0.001540s ]
SQL: SHOW COLUMNS FROM `hl_secondindex` [ RunTime:0.0067s ]
SQL: SELECT * FROM `hl_secondindex` INNER JOIN HL_firstindex on HL_firstindex.fi_id = HL_secondindex.si_fi_id INNER JOIN HL_thirdindex on HL_thirdindex.ti_si_id = HL_secondindex.si_id  ORDER BY HL_firstindex.fi_id asc,HL_secondindex.si_id asc,HL_thirdindex.ti_id  [ RunTime:0.0010s ]
SQL: SHOW COLUMNS FROM `hl_firstindex` [ RunTime:0.0064s ]
SQL: SELECT * FROM `hl_firstindex`  [ RunTime:0.0002s ]
SQL: SELECT * FROM `hl_secondindex`  [ RunTime:0.0001s ]
INFO: [ view_parse ] --START--
INFO: [ template_filter ] --START--
INFO: Run Behavior\ContentReplaceBehavior [ RunTime:0.000052s ]
INFO: [ template_filter ] --END-- [ RunTime:0.000093s ]
INFO: Run Behavior\ParseTemplateBehavior [ RunTime:0.008000s ]
INFO: [ view_parse ] --END-- [ RunTime:0.008044s ]
INFO: [ view_filter ] --START--
INFO: Run Behavior\WriteHtmlCacheBehavior [ RunTime:0.000115s ]
INFO: [ view_filter ] --END-- [ RunTime:0.000139s ]
INFO: [ app_end ] --START--
INFO: Run Behavior\ShowPageTraceBehavior [ RunTime:0.000375s ]
INFO: [ app_end ] --END-- [ RunTime:0.000435s ]

[ 2017-05-15T11:17:31+08:00 ] 127.0.0.1 /harmoniouscity/index.php/Home/Admin/indexadminzb.html
INFO: [ app_init ] --START--
INFO: Run Behavior\BuildLiteBehavior [ RunTime:0.000019s ]
INFO: [ app_init ] --END-- [ RunTime:0.000415s ]
INFO: [ app_begin ] --START--
INFO: Run Behavior\ReadHtmlCacheBehavior [ RunTime:0.000505s ]
INFO: [ app_begin ] --END-- [ RunTime:0.000560s ]
SQL: SHOW COLUMNS FROM `hl_secondindex` [ RunTime:0.0048s ]
SQL: SELECT * FROM `hl_secondindex` INNER JOIN HL_firstindex on HL_firstindex.fi_id = HL_secondindex.si_fi_id INNER JOIN HL_thirdindex on HL_thirdindex.ti_si_id = HL_secondindex.si_id  ORDER BY HL_firstindex.fi_id asc,HL_secondindex.si_id asc,HL_thirdindex.ti_id  [ RunTime:0.0005s ]
SQL: SHOW COLUMNS FROM `hl_firstindex` [ RunTime:0.0051s ]
SQL: SELECT * FROM `hl_firstindex`  [ RunTime:0.0004s ]
SQL: SELECT * FROM `hl_secondindex`  [ RunTime:0.0002s ]
INFO: [ view_parse ] --START--
INFO: [ template_filter ] --START--
INFO: Run Behavior\ContentReplaceBehavior [ RunTime:0.000072s ]
INFO: [ template_filter ] --END-- [ RunTime:0.000172s ]
INFO: Run Behavior\ParseTemplateBehavior [ RunTime:0.009277s ]
INFO: [ view_parse ] --END-- [ RunTime:0.009325s ]
INFO: [ view_filter ] --START--
INFO: Run Behavior\WriteHtmlCacheBehavior [ RunTime:0.000141s ]
INFO: [ view_filter ] --END-- [ RunTime:0.000165s ]
INFO: [ app_end ] --START--
INFO: Run Behavior\ShowPageTraceBehavior [ RunTime:0.000481s ]
INFO: [ app_end ] --END-- [ RunTime:0.000587s ]

[ 2017-05-15T11:18:45+08:00 ] 127.0.0.1 /harmoniouscity/index.php/Home/Admin/indexadminzb.html
INFO: [ app_init ] --START--
INFO: Run Behavior\BuildLiteBehavior [ RunTime:0.000020s ]
INFO: [ app_init ] --END-- [ RunTime:0.000494s ]
INFO: [ app_begin ] --START--
INFO: Run Behavior\ReadHtmlCacheBehavior [ RunTime:0.000551s ]
INFO: [ app_begin ] --END-- [ RunTime:0.000610s ]
SQL: SHOW COLUMNS FROM `hl_secondindex` [ RunTime:0.0062s ]
SQL: SELECT * FROM `hl_secondindex` INNER JOIN HL_firstindex on HL_firstindex.fi_id = HL_secondindex.si_fi_id INNER JOIN HL_thirdindex on HL_thirdindex.ti_si_id = HL_secondindex.si_id  ORDER BY HL_firstindex.fi_id asc,HL_secondindex.si_id asc,HL_thirdindex.ti_id  [ RunTime:0.0005s ]
SQL: SHOW COLUMNS FROM `hl_firstindex` [ RunTime:0.0028s ]
SQL: SELECT * FROM `hl_firstindex`  [ RunTime:0.0002s ]
SQL: SELECT * FROM `hl_secondindex`  [ RunTime:0.0002s ]
INFO: [ view_parse ] --START--
INFO: [ template_filter ] --START--
INFO: Run Behavior\ContentReplaceBehavior [ RunTime:0.000097s ]
INFO: [ template_filter ] --END-- [ RunTime:0.000147s ]
INFO: Run Behavior\ParseTemplateBehavior [ RunTime:0.010873s ]
INFO: [ view_parse ] --END-- [ RunTime:0.010952s ]
INFO: [ view_filter ] --START--
INFO: Run Behavior\WriteHtmlCacheBehavior [ RunTime:0.000130s ]
INFO: [ view_filter ] --END-- [ RunTime:0.000153s ]
INFO: [ app_end ] --START--
INFO: Run Behavior\ShowPageTraceBehavior [ RunTime:0.000460s ]
INFO: [ app_end ] --END-- [ RunTime:0.000504s ]

[ 2017-05-15T11:18:55+08:00 ] 127.0.0.1 /harmoniouscity/index.php/Home/Admin/indexadminzb.html
INFO: [ app_init ] --START--
INFO: Run Behavior\BuildLiteBehavior [ RunTime:0.000010s ]
INFO: [ app_init ] --END-- [ RunTime:0.000279s ]
INFO: [ app_begin ] --START--
INFO: Run Behavior\ReadHtmlCacheBehavior [ RunTime:0.000293s ]
INFO: [ app_begin ] --END-- [ RunTime:0.000334s ]
SQL: SHOW COLUMNS FROM `hl_secondindex` [ RunTime:0.0035s ]
SQL: SELECT * FROM `hl_secondindex` INNER JOIN HL_firstindex on HL_firstindex.fi_id = HL_secondindex.si_fi_id INNER JOIN HL_thirdindex on HL_thirdindex.ti_si_id = HL_secondindex.si_id  ORDER BY HL_firstindex.fi_id asc,HL_secondindex.si_id asc,HL_thirdindex.ti_id  [ RunTime:0.0007s ]
SQL: SHOW COLUMNS FROM `hl_firstindex` [ RunTime:0.0067s ]
SQL: SELECT * FROM `hl_firstindex`  [ RunTime:0.0003s ]
SQL: SELECT * FROM `hl_secondindex`  [ RunTime:0.0002s ]
INFO: [ view_parse ] --START--
INFO: [ template_filter ] --START--
INFO: Run Behavior\ContentReplaceBehavior [ RunTime:0.000056s ]
INFO: [ template_filter ] --END-- [ RunTime:0.000099s ]
INFO: Run Behavior\ParseTemplateBehavior [ RunTime:0.007341s ]
INFO: [ view_parse ] --END-- [ RunTime:0.007386s ]
INFO: [ view_filter ] --START--
INFO: Run Behavior\WriteHtmlCacheBehavior [ RunTime:0.000114s ]
INFO: [ view_filter ] --END-- [ RunTime:0.000137s ]
INFO: [ app_end ] --START--
INFO: Run Behavior\ShowPageTraceBehavior [ RunTime:0.000393s ]
INFO: [ app_end ] --END-- [ RunTime:0.000435s ]

[ 2017-05-15T11:19:12+08:00 ] 127.0.0.1 /harmoniouscity/index.php/Home/Admin/indexadminzb.html
INFO: [ app_init ] --START--
INFO: Run Behavior\BuildLiteBehavior [ RunTime:0.000022s ]
INFO: [ app_init ] --END-- [ RunTime:0.000371s ]
INFO: [ app_begin ] --START--
INFO: Run Behavior\ReadHtmlCacheBehavior [ RunTime:0.000866s ]
INFO: [ app_begin ] --END-- [ RunTime:0.001126s ]
SQL: SHOW COLUMNS FROM `hl_secondindex` [ RunTime:0.0067s ]
SQL: SELECT * FROM `hl_secondindex` INNER JOIN HL_firstindex on HL_firstindex.fi_id = HL_secondindex.si_fi_id INNER JOIN HL_thirdindex on HL_thirdindex.ti_si_id = HL_secondindex.si_id  ORDER BY HL_firstindex.fi_id asc,HL_secondindex.si_id asc,HL_thirdindex.ti_id  [ RunTime:0.0006s ]
SQL: SHOW COLUMNS FROM `hl_firstindex` [ RunTime:0.0068s ]
SQL: SELECT * FROM `hl_firstindex`  [ RunTime:0.0003s ]
SQL: SELECT * FROM `hl_secondindex`  [ RunTime:0.0002s ]
INFO: [ view_parse ] --START--
INFO: [ template_filter ] --START--
INFO: Run Behavior\ContentReplaceBehavior [ RunTime:0.000129s ]
INFO: [ template_filter ] --END-- [ RunTime:0.000329s ]
INFO: Run Behavior\ParseTemplateBehavior [ RunTime:0.014084s ]
INFO: [ view_parse ] --END-- [ RunTime:0.014243s ]
INFO: [ view_filter ] --START--
INFO: Run Behavior\WriteHtmlCacheBehavior [ RunTime:0.000429s ]
INFO: [ view_filter ] --END-- [ RunTime:0.000503s ]
INFO: [ app_end ] --START--
INFO: Run Behavior\ShowPageTraceBehavior [ RunTime:0.000670s ]
INFO: [ app_end ] --END-- [ RunTime:0.000729s ]

[ 2017-05-15T11:19:29+08:00 ] 127.0.0.1 /harmoniouscity/index.php/Home/Admin/indexadminzb.html
INFO: [ app_init ] --START--
INFO: Run Behavior\BuildLiteBehavior [ RunTime:0.000009s ]
INFO: [ app_init ] --END-- [ RunTime:0.000209s ]
INFO: [ app_begin ] --START--
INFO: Run Behavior\ReadHtmlCacheBehavior [ RunTime:0.000264s ]
INFO: [ app_begin ] --END-- [ RunTime:0.000294s ]
SQL: SHOW COLUMNS FROM `hl_secondindex` [ RunTime:0.0093s ]
SQL: SELECT * FROM `hl_secondindex` INNER JOIN HL_firstindex on HL_firstindex.fi_id = HL_secondindex.si_fi_id INNER JOIN HL_thirdindex on HL_thirdindex.ti_si_id = HL_secondindex.si_id  ORDER BY HL_firstindex.fi_id asc,HL_secondindex.si_id asc,HL_thirdindex.ti_id  [ RunTime:0.0006s ]
SQL: SHOW COLUMNS FROM `hl_firstindex` [ RunTime:0.0033s ]
SQL: SELECT * FROM `hl_firstindex`  [ RunTime:0.0003s ]
SQL: SELECT * FROM `hl_secondindex`  [ RunTime:0.0003s ]
INFO: [ view_parse ] --START--
INFO: [ template_filter ] --START--
INFO: Run Behavior\ContentReplaceBehavior [ RunTime:0.000139s ]
INFO: [ template_filter ] --END-- [ RunTime:0.000210s ]
INFO: Run Behavior\ParseTemplateBehavior [ RunTime:0.009458s ]
INFO: [ view_parse ] --END-- [ RunTime:0.009506s ]
INFO: [ view_filter ] --START--
INFO: Run Behavior\WriteHtmlCacheBehavior [ RunTime:0.000118s ]
INFO: [ view_filter ] --END-- [ RunTime:0.000141s ]
INFO: [ app_end ] --START--
INFO: Run Behavior\ShowPageTraceBehavior [ RunTime:0.000410s ]
INFO: [ app_end ] --END-- [ RunTime:0.000444s ]

[ 2017-05-15T11:19:39+08:00 ] 127.0.0.1 /harmoniouscity/index.php/Home/Admin/indexadminzb.html
INFO: [ app_init ] --START--
INFO: Run Behavior\BuildLiteBehavior [ RunTime:0.000009s ]
INFO: [ app_init ] --END-- [ RunTime:0.000209s ]
INFO: [ app_begin ] --START--
INFO: Run Behavior\ReadHtmlCacheBehavior [ RunTime:0.000274s ]
INFO: [ app_begin ] --END-- [ RunTime:0.000304s ]
SQL: SHOW COLUMNS FROM `hl_secondindex` [ RunTime:0.0043s ]
SQL: SELECT * FROM `hl_secondindex` INNER JOIN HL_firstindex on HL_firstindex.fi_id = HL_secondindex.si_fi_id INNER JOIN HL_thirdindex on HL_thirdindex.ti_si_id = HL_secondindex.si_id  ORDER BY HL_firstindex.fi_id asc,HL_secondindex.si_id asc,HL_thirdindex.ti_id  [ RunTime:0.0006s ]
SQL: SHOW COLUMNS FROM `hl_firstindex` [ RunTime:0.0045s ]
SQL: SELECT * FROM `hl_firstindex`  [ RunTime:0.0002s ]
SQL: SELECT * FROM `hl_secondindex`  [ RunTime:0.0001s ]
INFO: [ view_parse ] --START--
INFO: [ template_filter ] --START--
INFO: Run Behavior\ContentReplaceBehavior [ RunTime:0.000050s ]
INFO: [ template_filter ] --END-- [ RunTime:0.000088s ]
INFO: Run Behavior\ParseTemplateBehavior [ RunTime:0.007611s ]
INFO: [ view_parse ] --END-- [ RunTime:0.007654s ]
INFO: [ view_filter ] --START--
INFO: Run Behavior\WriteHtmlCacheBehavior [ RunTime:0.000116s ]
INFO: [ view_filter ] --END-- [ RunTime:0.000138s ]
INFO: [ app_end ] --START--
INFO: Run Behavior\ShowPageTraceBehavior [ RunTime:0.000401s ]
INFO: [ app_end ] --END-- [ RunTime:0.000445s ]

[ 2017-05-15T11:19:55+08:00 ] 127.0.0.1 /harmoniouscity/index.php/Home/Admin/indexadminzb.html
INFO: [ app_init ] --START--
INFO: Run Behavior\BuildLiteBehavior [ RunTime:0.000016s ]
INFO: [ app_init ] --END-- [ RunTime:0.000381s ]
INFO: [ app_begin ] --START--
INFO: Run Behavior\ReadHtmlCacheBehavior [ RunTime:0.000563s ]
INFO: [ app_begin ] --END-- [ RunTime:0.000623s ]
SQL: SHOW COLUMNS FROM `hl_secondindex` [ RunTime:0.0029s ]
SQL: SELECT * FROM `hl_secondindex` INNER JOIN HL_firstindex on HL_firstindex.fi_id = HL_secondindex.si_fi_id INNER JOIN HL_thirdindex on HL_thirdindex.ti_si_id = HL_secondindex.si_id  ORDER BY HL_firstindex.fi_id asc,HL_secondindex.si_id asc,HL_thirdindex.ti_id  [ RunTime:0.0004s ]
SQL: SHOW COLUMNS FROM `hl_firstindex` [ RunTime:0.0032s ]
SQL: SELECT * FROM `hl_firstindex`  [ RunTime:0.0002s ]
SQL: SELECT * FROM `hl_secondindex`  [ RunTime:0.0002s ]
INFO: [ view_parse ] --START--
INFO: [ template_filter ] --START--
INFO: Run Behavior\ContentReplaceBehavior [ RunTime:0.000058s ]
INFO: [ template_filter ] --END-- [ RunTime:0.000106s ]
INFO: Run Behavior\ParseTemplateBehavior [ RunTime:0.010343s ]
INFO: [ view_parse ] --END-- [ RunTime:0.010386s ]
INFO: [ view_filter ] --START--
INFO: Run Behavior\WriteHtmlCacheBehavior [ RunTime:0.000138s ]
INFO: [ view_filter ] --END-- [ RunTime:0.000165s ]
INFO: [ app_end ] --START--
INFO: Run Behavior\ShowPageTraceBehavior [ RunTime:0.000545s ]
INFO: [ app_end ] --END-- [ RunTime:0.000604s ]

[ 2017-05-15T11:20:03+08:00 ] 127.0.0.1 /harmoniouscity/index.php/Home/Admin/indexadminzb.html
INFO: [ app_init ] --START--
INFO: Run Behavior\BuildLiteBehavior [ RunTime:0.000013s ]
INFO: [ app_init ] --END-- [ RunTime:0.000304s ]
INFO: [ app_begin ] --START--
INFO: Run Behavior\ReadHtmlCacheBehavior [ RunTime:0.000425s ]
INFO: [ app_begin ] --END-- [ RunTime:0.000466s ]
SQL: SHOW COLUMNS FROM `hl_secondindex` [ RunTime:0.0065s ]
SQL: SELECT * FROM `hl_secondindex` INNER JOIN HL_firstindex on HL_firstindex.fi_id = HL_secondindex.si_fi_id INNER JOIN HL_thirdindex on HL_thirdindex.ti_si_id = HL_secondindex.si_id  ORDER BY HL_firstindex.fi_id asc,HL_secondindex.si_id asc,HL_thirdindex.ti_id  [ RunTime:0.0005s ]
SQL: SHOW COLUMNS FROM `hl_firstindex` [ RunTime:0.0067s ]
SQL: SELECT * FROM `hl_firstindex`  [ RunTime:0.0002s ]
SQL: SELECT * FROM `hl_secondindex`  [ RunTime:0.0001s ]
INFO: [ view_parse ] --START--
INFO: [ template_filter ] --START--
INFO: Run Behavior\ContentReplaceBehavior [ RunTime:0.000053s ]
INFO: [ template_filter ] --END-- [ RunTime:0.000095s ]
INFO: Run Behavior\ParseTemplateBehavior [ RunTime:0.007570s ]
INFO: [ view_parse ] --END-- [ RunTime:0.007622s ]
INFO: [ view_filter ] --START--
INFO: Run Behavior\WriteHtmlCacheBehavior [ RunTime:0.000175s ]
INFO: [ view_filter ] --END-- [ RunTime:0.000211s ]
INFO: [ app_end ] --START--
INFO: Run Behavior\ShowPageTraceBehavior [ RunTime:0.000498s ]
INFO: [ app_end ] --END-- [ RunTime:0.000569s ]

[ 2017-05-15T11:24:26+08:00 ] 127.0.0.1 /harmoniouscity/index.php/Home/Admin/indexadminzb.html
INFO: [ app_init ] --START--
INFO: Run Behavior\BuildLiteBehavior [ RunTime:0.000009s ]
INFO: [ app_init ] --END-- [ RunTime:0.000206s ]
INFO: [ app_begin ] --START--
INFO: Run Behavior\ReadHtmlCacheBehavior [ RunTime:0.000342s ]
INFO: [ app_begin ] --END-- [ RunTime:0.000375s ]
SQL: SHOW COLUMNS FROM `hl_secondindex` [ RunTime:0.0070s ]
SQL: SELECT * FROM `hl_secondindex` INNER JOIN HL_firstindex on HL_firstindex.fi_id = HL_secondindex.si_fi_id INNER JOIN HL_thirdindex on HL_thirdindex.ti_si_id = HL_secondindex.si_id  ORDER BY HL_firstindex.fi_id asc,HL_secondindex.si_id asc,HL_thirdindex.ti_id  [ RunTime:0.0006s ]
SQL: SHOW COLUMNS FROM `hl_firstindex` [ RunTime:0.0035s ]
SQL: SELECT * FROM `hl_firstindex`  [ RunTime:0.0005s ]
SQL: SELECT * FROM `hl_secondindex`  [ RunTime:0.0002s ]
INFO: [ view_parse ] --START--
INFO: [ template_filter ] --START--
INFO: Run Behavior\ContentReplaceBehavior [ RunTime:0.000069s ]
INFO: [ template_filter ] --END-- [ RunTime:0.000117s ]
INFO: Run Behavior\ParseTemplateBehavior [ RunTime:0.012455s ]
INFO: [ view_parse ] --END-- [ RunTime:0.012499s ]
INFO: [ view_filter ] --START--
INFO: Run Behavior\WriteHtmlCacheBehavior [ RunTime:0.000117s ]
INFO: [ view_filter ] --END-- [ RunTime:0.000140s ]
INFO: [ app_end ] --START--
INFO: Run Behavior\ShowPageTraceBehavior [ RunTime:0.000401s ]
INFO: [ app_end ] --END-- [ RunTime:0.000444s ]

[ 2017-05-15T11:30:14+08:00 ] 127.0.0.1 /harmoniouscity/index.php/Home/Admin/indexadminzb.html
INFO: [ app_init ] --START--
INFO: Run Behavior\BuildLiteBehavior [ RunTime:0.000010s ]
INFO: [ app_init ] --END-- [ RunTime:0.000310s ]
INFO: [ app_begin ] --START--
INFO: Run Behavior\ReadHtmlCacheBehavior [ RunTime:0.000269s ]
INFO: [ app_begin ] --END-- [ RunTime:0.000298s ]
SQL: SHOW COLUMNS FROM `hl_secondindex` [ RunTime:0.0036s ]
SQL: SELECT * FROM `hl_secondindex` INNER JOIN HL_firstindex on HL_firstindex.fi_id = HL_secondindex.si_fi_id INNER JOIN HL_thirdindex on HL_thirdindex.ti_si_id = HL_secondindex.si_id  ORDER BY HL_firstindex.fi_id asc,HL_secondindex.si_id asc,HL_thirdindex.ti_id  [ RunTime:0.0005s ]
SQL: SHOW COLUMNS FROM `hl_firstindex` [ RunTime:0.0033s ]
SQL: SELECT * FROM `hl_firstindex`  [ RunTime:0.0002s ]
SQL: SELECT * FROM `hl_secondindex`  [ RunTime:0.0001s ]
INFO: [ view_parse ] --START--
INFO: [ template_filter ] --START--
INFO: Run Behavior\ContentReplaceBehavior [ RunTime:0.000054s ]
INFO: [ template_filter ] --END-- [ RunTime:0.000090s ]
INFO: Run Behavior\ParseTemplateBehavior [ RunTime:0.008694s ]
INFO: [ view_parse ] --END-- [ RunTime:0.008742s ]
INFO: [ view_filter ] --START--
INFO: Run Behavior\WriteHtmlCacheBehavior [ RunTime:0.000190s ]
INFO: [ view_filter ] --END-- [ RunTime:0.000237s ]
INFO: [ app_end ] --START--
INFO: Run Behavior\ShowPageTraceBehavior [ RunTime:0.000597s ]
INFO: [ app_end ] --END-- [ RunTime:0.000655s ]

[ 2017-05-15T11:42:24+08:00 ] 127.0.0.1 /harmoniouscity/index.php/Home/Admin/indexadminzb.html
INFO: [ app_init ] --START--
INFO: Run Behavior\BuildLiteBehavior [ RunTime:0.000010s ]
INFO: [ app_init ] --END-- [ RunTime:0.000213s ]
INFO: [ app_begin ] --START--
INFO: Run Behavior\ReadHtmlCacheBehavior [ RunTime:0.000265s ]
INFO: [ app_begin ] --END-- [ RunTime:0.000294s ]
SQL: SHOW COLUMNS FROM `hl_secondindex` [ RunTime:0.0044s ]
SQL: SELECT * FROM `hl_secondindex` INNER JOIN HL_firstindex on HL_firstindex.fi_id = HL_secondindex.si_fi_id INNER JOIN HL_thirdindex on HL_thirdindex.ti_si_id = HL_secondindex.si_id  ORDER BY HL_firstindex.fi_id asc,HL_secondindex.si_id asc,HL_thirdindex.ti_id  [ RunTime:0.0008s ]
SQL: SHOW COLUMNS FROM `hl_firstindex` [ RunTime:0.0032s ]
SQL: SELECT * FROM `hl_firstindex`  [ RunTime:0.0002s ]
SQL: SELECT * FROM `hl_secondindex`  [ RunTime:0.0002s ]
INFO: [ view_parse ] --START--
INFO: [ template_filter ] --START--
INFO: Run Behavior\ContentReplaceBehavior [ RunTime:0.000052s ]
INFO: [ template_filter ] --END-- [ RunTime:0.000088s ]
INFO: Run Behavior\ParseTemplateBehavior [ RunTime:0.007870s ]
INFO: [ view_parse ] --END-- [ RunTime:0.007915s ]
INFO: [ view_filter ] --START--
INFO: Run Behavior\WriteHtmlCacheBehavior [ RunTime:0.000113s ]
INFO: [ view_filter ] --END-- [ RunTime:0.000136s ]
INFO: [ app_end ] --START--
INFO: Run Behavior\ShowPageTraceBehavior [ RunTime:0.000396s ]
INFO: [ app_end ] --END-- [ RunTime:0.000437s ]

[ 2017-05-15T11:51:24+08:00 ] 127.0.0.1 /harmoniouscity/index.php/Home/Admin/indexadminzb.html
INFO: [ app_init ] --START--
INFO: Run Behavior\BuildLiteBehavior [ RunTime:0.000040s ]
INFO: [ app_init ] --END-- [ RunTime:0.000976s ]
INFO: [ app_begin ] --START--
INFO: Run Behavior\ReadHtmlCacheBehavior [ RunTime:0.000664s ]
INFO: [ app_begin ] --END-- [ RunTime:0.000799s ]
SQL: SHOW COLUMNS FROM `hl_secondindex` [ RunTime:0.0073s ]
SQL: SELECT * FROM `hl_secondindex` INNER JOIN HL_firstindex on HL_firstindex.fi_id = HL_secondindex.si_fi_id INNER JOIN HL_thirdindex on HL_thirdindex.ti_si_id = HL_secondindex.si_id  ORDER BY HL_firstindex.fi_id asc,HL_secondindex.si_id asc,HL_thirdindex.ti_id  [ RunTime:0.0007s ]
SQL: SHOW COLUMNS FROM `hl_firstindex` [ RunTime:0.0070s ]
SQL: SELECT * FROM `hl_firstindex`  [ RunTime:0.0006s ]
SQL: SELECT * FROM `hl_secondindex`  [ RunTime:0.0027s ]
INFO: [ view_parse ] --START--
INFO: [ template_filter ] --START--
INFO: Run Behavior\ContentReplaceBehavior [ RunTime:0.000130s ]
INFO: [ template_filter ] --END-- [ RunTime:0.000188s ]
INFO: Run Behavior\ParseTemplateBehavior [ RunTime:0.015044s ]
INFO: [ view_parse ] --END-- [ RunTime:0.015233s ]
INFO: [ view_filter ] --START--
INFO: Run Behavior\WriteHtmlCacheBehavior [ RunTime:0.000379s ]
INFO: [ view_filter ] --END-- [ RunTime:0.000421s ]
INFO: [ app_end ] --START--
INFO: Run Behavior\ShowPageTraceBehavior [ RunTime:0.000543s ]
INFO: [ app_end ] --END-- [ RunTime:0.000641s ]

[ 2017-05-15T11:55:54+08:00 ] 127.0.0.1 /harmoniouscity/index.php/Home/Admin/indexadminzb.html
INFO: [ app_init ] --START--
INFO: Run Behavior\BuildLiteBehavior [ RunTime:0.000012s ]
INFO: [ app_init ] --END-- [ RunTime:0.000293s ]
INFO: [ app_begin ] --START--
INFO: Run Behavior\ReadHtmlCacheBehavior [ RunTime:0.000354s ]
INFO: [ app_begin ] --END-- [ RunTime:0.000392s ]
SQL: SHOW COLUMNS FROM `hl_secondindex` [ RunTime:0.0066s ]
SQL: SELECT * FROM `hl_secondindex` INNER JOIN HL_firstindex on HL_firstindex.fi_id = HL_secondindex.si_fi_id INNER JOIN HL_thirdindex on HL_thirdindex.ti_si_id = HL_secondindex.si_id  ORDER BY HL_firstindex.fi_id asc,HL_secondindex.si_id asc,HL_thirdindex.ti_id  [ RunTime:0.0005s ]
SQL: SHOW COLUMNS FROM `hl_firstindex` [ RunTime:0.0030s ]
SQL: SELECT * FROM `hl_firstindex`  [ RunTime:0.0002s ]
SQL: SELECT * FROM `hl_secondindex`  [ RunTime:0.0002s ]
INFO: [ view_parse ] --START--
INFO: [ template_filter ] --START--
INFO: Run Behavior\ContentReplaceBehavior [ RunTime:0.000052s ]
INFO: [ template_filter ] --END-- [ RunTime:0.000089s ]
INFO: Run Behavior\ParseTemplateBehavior [ RunTime:0.010883s ]
INFO: [ view_parse ] --END-- [ RunTime:0.010923s ]
INFO: [ view_filter ] --START--
INFO: Run Behavior\WriteHtmlCacheBehavior [ RunTime:0.000128s ]
INFO: [ view_filter ] --END-- [ RunTime:0.000151s ]
INFO: [ app_end ] --START--
INFO: Run Behavior\ShowPageTraceBehavior [ RunTime:0.000586s ]
INFO: [ app_end ] --END-- [ RunTime:0.000702s ]

[ 2017-05-15T11:56:25+08:00 ] 127.0.0.1 /harmoniouscity/index.php/Home/Admin/indexadminzb.html
INFO: [ app_init ] --START--
INFO: Run Behavior\BuildLiteBehavior [ RunTime:0.000009s ]
INFO: [ app_init ] --END-- [ RunTime:0.000220s ]
INFO: [ app_begin ] --START--
INFO: Run Behavior\ReadHtmlCacheBehavior [ RunTime:0.000325s ]
INFO: [ app_begin ] --END-- [ RunTime:0.000356s ]
SQL: SHOW COLUMNS FROM `hl_secondindex` [ RunTime:0.0069s ]
SQL: SELECT * FROM `hl_secondindex` INNER JOIN HL_firstindex on HL_firstindex.fi_id = HL_secondindex.si_fi_id INNER JOIN HL_thirdindex on HL_thirdindex.ti_si_id = HL_secondindex.si_id  ORDER BY HL_firstindex.fi_id asc,HL_secondindex.si_id asc,HL_thirdindex.ti_id  [ RunTime:0.0005s ]
SQL: SHOW COLUMNS FROM `hl_firstindex` [ RunTime:0.0062s ]
SQL: SELECT * FROM `hl_firstindex`  [ RunTime:0.0002s ]
SQL: SELECT * FROM `hl_secondindex`  [ RunTime:0.0001s ]
INFO: [ view_parse ] --START--
INFO: [ template_filter ] --START--
INFO: Run Behavior\ContentReplaceBehavior [ RunTime:0.000054s ]
INFO: [ template_filter ] --END-- [ RunTime:0.000095s ]
INFO: Run Behavior\ParseTemplateBehavior [ RunTime:0.007981s ]
INFO: [ view_parse ] --END-- [ RunTime:0.008027s ]
INFO: [ view_filter ] --START--
INFO: Run Behavior\WriteHtmlCacheBehavior [ RunTime:0.000127s ]
INFO: [ view_filter ] --END-- [ RunTime:0.000152s ]
INFO: [ app_end ] --START--
INFO: Run Behavior\ShowPageTraceBehavior [ RunTime:0.000536s ]
INFO: [ app_end ] --END-- [ RunTime:0.000584s ]

[ 2017-05-15T11:57:12+08:00 ] 127.0.0.1 /harmoniouscity/index.php/Home/Admin/indexadminzb.html
INFO: [ app_init ] --START--
INFO: Run Behavior\BuildLiteBehavior [ RunTime:0.000018s ]
INFO: [ app_init ] --END-- [ RunTime:0.000431s ]
INFO: [ app_begin ] --START--
INFO: Run Behavior\ReadHtmlCacheBehavior [ RunTime:0.000500s ]
INFO: [ app_begin ] --END-- [ RunTime:0.000561s ]
SQL: SHOW COLUMNS FROM `hl_secondindex` [ RunTime:0.0032s ]
SQL: SELECT * FROM `hl_secondindex` INNER JOIN HL_firstindex on HL_firstindex.fi_id = HL_secondindex.si_fi_id INNER JOIN HL_thirdindex on HL_thirdindex.ti_si_id = HL_secondindex.si_id  ORDER BY HL_firstindex.fi_id asc,HL_secondindex.si_id asc,HL_thirdindex.ti_id  [ RunTime:0.0005s ]
SQL: SHOW COLUMNS FROM `hl_firstindex` [ RunTime:0.0035s ]
SQL: SELECT * FROM `hl_firstindex`  [ RunTime:0.0007s ]
SQL: SELECT * FROM `hl_secondindex`  [ RunTime:0.0004s ]
INFO: [ view_parse ] --START--
INFO: [ template_filter ] --START--
INFO: Run Behavior\ContentReplaceBehavior [ RunTime:0.000103s ]
INFO: [ template_filter ] --END-- [ RunTime:0.000179s ]
INFO: Run Behavior\ParseTemplateBehavior [ RunTime:0.008989s ]
INFO: [ view_parse ] --END-- [ RunTime:0.009047s ]
INFO: [ view_filter ] --START--
INFO: Run Behavior\WriteHtmlCacheBehavior [ RunTime:0.000152s ]
INFO: [ view_filter ] --END-- [ RunTime:0.000180s ]
INFO: [ app_end ] --START--
INFO: Run Behavior\ShowPageTraceBehavior [ RunTime:0.000744s ]
INFO: [ app_end ] --END-- [ RunTime:0.000928s ]

[ 2017-05-15T11:57:30+08:00 ] 127.0.0.1 /harmoniouscity/index.php/Home/Admin/indexadminzb.html
INFO: [ app_init ] --START--
INFO: Run Behavior\BuildLiteBehavior [ RunTime:0.000009s ]
INFO: [ app_init ] --END-- [ RunTime:0.000205s ]
INFO: [ app_begin ] --START--
INFO: Run Behavior\ReadHtmlCacheBehavior [ RunTime:0.000260s ]
INFO: [ app_begin ] --END-- [ RunTime:0.000289s ]
SQL: SHOW COLUMNS FROM `hl_secondindex` [ RunTime:0.0065s ]
SQL: SELECT * FROM `hl_secondindex` INNER JOIN HL_firstindex on HL_firstindex.fi_id = HL_secondindex.si_fi_id INNER JOIN HL_thirdindex on HL_thirdindex.ti_si_id = HL_secondindex.si_id  ORDER BY HL_firstindex.fi_id asc,HL_secondindex.si_id asc,HL_thirdindex.ti_id  [ RunTime:0.0006s ]
SQL: SHOW COLUMNS FROM `hl_firstindex` [ RunTime:0.0065s ]
SQL: SELECT * FROM `hl_firstindex`  [ RunTime:0.0003s ]
SQL: SELECT * FROM `hl_secondindex`  [ RunTime:0.0002s ]
INFO: [ view_parse ] --START--
INFO: [ template_filter ] --START--
INFO: Run Behavior\ContentReplaceBehavior [ RunTime:0.000055s ]
INFO: [ template_filter ] --END-- [ RunTime:0.000091s ]
INFO: Run Behavior\ParseTemplateBehavior [ RunTime:0.007433s ]
INFO: [ view_parse ] --END-- [ RunTime:0.007481s ]
INFO: [ view_filter ] --START--
INFO: Run Behavior\WriteHtmlCacheBehavior [ RunTime:0.000111s ]
INFO: [ view_filter ] --END-- [ RunTime:0.000134s ]
INFO: [ app_end ] --START--
INFO: Run Behavior\ShowPageTraceBehavior [ RunTime:0.000395s ]
INFO: [ app_end ] --END-- [ RunTime:0.000454s ]

[ 2017-05-15T11:57:39+08:00 ] 127.0.0.1 /harmoniouscity/index.php/Home/Admin/indexadminzb.html
INFO: [ app_init ] --START--
INFO: Run Behavior\BuildLiteBehavior [ RunTime:0.000009s ]
INFO: [ app_init ] --END-- [ RunTime:0.000207s ]
INFO: [ app_begin ] --START--
INFO: Run Behavior\ReadHtmlCacheBehavior [ RunTime:0.000260s ]
INFO: [ app_begin ] --END-- [ RunTime:0.000291s ]
SQL: SHOW COLUMNS FROM `hl_secondindex` [ RunTime:0.0064s ]
SQL: SELECT * FROM `hl_secondindex` INNER JOIN HL_firstindex on HL_firstindex.fi_id = HL_secondindex.si_fi_id INNER JOIN HL_thirdindex on HL_thirdindex.ti_si_id = HL_secondindex.si_id  ORDER BY HL_firstindex.fi_id asc,HL_secondindex.si_id asc,HL_thirdindex.ti_id  [ RunTime:0.0005s ]
SQL: SHOW COLUMNS FROM `hl_firstindex` [ RunTime:0.0064s ]
SQL: SELECT * FROM `hl_firstindex`  [ RunTime:0.0003s ]
SQL: SELECT * FROM `hl_secondindex`  [ RunTime:0.0002s ]
INFO: [ view_parse ] --START--
INFO: [ template_filter ] --START--
INFO: Run Behavior\ContentReplaceBehavior [ RunTime:0.000055s ]
INFO: [ template_filter ] --END-- [ RunTime:0.000097s ]
INFO: Run Behavior\ParseTemplateBehavior [ RunTime:0.008214s ]
INFO: [ view_parse ] --END-- [ RunTime:0.008265s ]
INFO: [ view_filter ] --START--
INFO: Run Behavior\WriteHtmlCacheBehavior [ RunTime:0.000113s ]
INFO: [ view_filter ] --END-- [ RunTime:0.000135s ]
INFO: [ app_end ] --START--
INFO: Run Behavior\ShowPageTraceBehavior [ RunTime:0.000390s ]
INFO: [ app_end ] --END-- [ RunTime:0.000431s ]

[ 2017-05-15T11:59:27+08:00 ] 127.0.0.1 /harmoniouscity/index.php/Home/Admin/indexadminzb.html
INFO: [ app_init ] --START--
INFO: Run Behavior\BuildLiteBehavior [ RunTime:0.000010s ]
INFO: [ app_init ] --END-- [ RunTime:0.000232s ]
INFO: [ app_begin ] --START--
INFO: Run Behavior\ReadHtmlCacheBehavior [ RunTime:0.000291s ]
INFO: [ app_begin ] --END-- [ RunTime:0.000331s ]
SQL: SHOW COLUMNS FROM `hl_secondindex` [ RunTime:0.0034s ]
SQL: SELECT * FROM `hl_secondindex` INNER JOIN HL_firstindex on HL_firstindex.fi_id = HL_secondindex.si_fi_id INNER JOIN HL_thirdindex on HL_thirdindex.ti_si_id = HL_secondindex.si_id  ORDER BY HL_firstindex.fi_id asc,HL_secondindex.si_id asc,HL_thirdindex.ti_id  [ RunTime:0.0004s ]
SQL: SHOW COLUMNS FROM `hl_firstindex` [ RunTime:0.0070s ]
SQL: SELECT * FROM `hl_firstindex`  [ RunTime:0.0003s ]
SQL: SELECT * FROM `hl_secondindex`  [ RunTime:0.0003s ]
INFO: [ view_parse ] --START--
INFO: [ template_filter ] --START--
INFO: Run Behavior\ContentReplaceBehavior [ RunTime:0.000057s ]
INFO: [ template_filter ] --END-- [ RunTime:0.000100s ]
INFO: Run Behavior\ParseTemplateBehavior [ RunTime:0.008790s ]
INFO: [ view_parse ] --END-- [ RunTime:0.008844s ]
INFO: [ view_filter ] --START--
INFO: Run Behavior\WriteHtmlCacheBehavior [ RunTime:0.000137s ]
INFO: [ view_filter ] --END-- [ RunTime:0.000161s ]
INFO: [ app_end ] --START--
INFO: Run Behavior\ShowPageTraceBehavior [ RunTime:0.000408s ]
INFO: [ app_end ] --END-- [ RunTime:0.000451s ]

[ 2017-05-15T11:59:36+08:00 ] 127.0.0.1 /harmoniouscity/index.php/Home/Admin/indexadminzb.html
INFO: [ app_init ] --START--
INFO: Run Behavior\BuildLiteBehavior [ RunTime:0.000010s ]
INFO: [ app_init ] --END-- [ RunTime:0.000255s ]
INFO: [ app_begin ] --START--
INFO: Run Behavior\ReadHtmlCacheBehavior [ RunTime:0.000410s ]
INFO: [ app_begin ] --END-- [ RunTime:0.000454s ]
SQL: SHOW COLUMNS FROM `hl_secondindex` [ RunTime:0.0047s ]
SQL: SELECT * FROM `hl_secondindex` INNER JOIN HL_firstindex on HL_firstindex.fi_id = HL_secondindex.si_fi_id INNER JOIN HL_thirdindex on HL_thirdindex.ti_si_id = HL_secondindex.si_id  ORDER BY HL_firstindex.fi_id asc,HL_secondindex.si_id asc,HL_thirdindex.ti_id  [ RunTime:0.0005s ]
SQL: SHOW COLUMNS FROM `hl_firstindex` [ RunTime:0.0047s ]
SQL: SELECT * FROM `hl_firstindex`  [ RunTime:0.0003s ]
SQL: SELECT * FROM `hl_secondindex`  [ RunTime:0.0002s ]
INFO: [ view_parse ] --START--
INFO: [ template_filter ] --START--
INFO: Run Behavior\ContentReplaceBehavior [ RunTime:0.000055s ]
INFO: [ template_filter ] --END-- [ RunTime:0.000095s ]
INFO: Run Behavior\ParseTemplateBehavior [ RunTime:0.009570s ]
INFO: [ view_parse ] --END-- [ RunTime:0.009629s ]
INFO: [ view_filter ] --START--
INFO: Run Behavior\WriteHtmlCacheBehavior [ RunTime:0.000162s ]
INFO: [ view_filter ] --END-- [ RunTime:0.000192s ]
INFO: [ app_end ] --START--
INFO: Run Behavior\ShowPageTraceBehavior [ RunTime:0.000549s ]
INFO: [ app_end ] --END-- [ RunTime:0.000608s ]

[ 2017-05-15T11:59:52+08:00 ] 127.0.0.1 /harmoniouscity/index.php/Home/Admin/indexadminzb.html
INFO: [ app_init ] --START--
INFO: Run Behavior\BuildLiteBehavior [ RunTime:0.000010s ]
INFO: [ app_init ] --END-- [ RunTime:0.000214s ]
INFO: [ app_begin ] --START--
INFO: Run Behavior\ReadHtmlCacheBehavior [ RunTime:0.000267s ]
INFO: [ app_begin ] --END-- [ RunTime:0.000298s ]
SQL: SHOW COLUMNS FROM `hl_secondindex` [ RunTime:0.0040s ]
SQL: SELECT * FROM `hl_secondindex` INNER JOIN HL_firstindex on HL_firstindex.fi_id = HL_secondindex.si_fi_id INNER JOIN HL_thirdindex on HL_thirdindex.ti_si_id = HL_secondindex.si_id  ORDER BY HL_firstindex.fi_id asc,HL_secondindex.si_id asc,HL_thirdindex.ti_id  [ RunTime:0.0005s ]
SQL: SHOW COLUMNS FROM `hl_firstindex` [ RunTime:0.0041s ]
SQL: SELECT * FROM `hl_firstindex`  [ RunTime:0.0002s ]
SQL: SELECT * FROM `hl_secondindex`  [ RunTime:0.0001s ]
INFO: [ view_parse ] --START--
INFO: [ template_filter ] --START--
INFO: Run Behavior\ContentReplaceBehavior [ RunTime:0.000067s ]
INFO: [ template_filter ] --END-- [ RunTime:0.000120s ]
INFO: Run Behavior\ParseTemplateBehavior [ RunTime:0.008981s ]
INFO: [ view_parse ] --END-- [ RunTime:0.009049s ]
INFO: [ view_filter ] --START--
INFO: Run Behavior\WriteHtmlCacheBehavior [ RunTime:0.000263s ]
INFO: [ view_filter ] --END-- [ RunTime:0.000313s ]
INFO: [ app_end ] --START--
INFO: Run Behavior\ShowPageTraceBehavior [ RunTime:0.001028s ]
INFO: [ app_end ] --END-- [ RunTime:0.001101s ]

[ 2017-05-15T12:30:27+08:00 ] 127.0.0.1 /harmoniouscity/index.php/Home/Admin/indexadminzb.html
INFO: [ app_init ] --START--
INFO: Run Behavior\BuildLiteBehavior [ RunTime:0.000010s ]
INFO: [ app_init ] --END-- [ RunTime:0.000210s ]
INFO: [ app_begin ] --START--
INFO: Run Behavior\ReadHtmlCacheBehavior [ RunTime:0.000266s ]
INFO: [ app_begin ] --END-- [ RunTime:0.000296s ]
SQL: SHOW COLUMNS FROM `hl_secondindex` [ RunTime:0.0036s ]
SQL: SELECT * FROM `hl_secondindex` INNER JOIN HL_firstindex on HL_firstindex.fi_id = HL_secondindex.si_fi_id INNER JOIN HL_thirdindex on HL_thirdindex.ti_si_id = HL_secondindex.si_id  ORDER BY HL_firstindex.fi_id asc,HL_secondindex.si_id asc,HL_thirdindex.ti_id  [ RunTime:0.0006s ]
SQL: SHOW COLUMNS FROM `hl_firstindex` [ RunTime:0.0033s ]
SQL: SELECT * FROM `hl_firstindex`  [ RunTime:0.0002s ]
SQL: SELECT * FROM `hl_secondindex`  [ RunTime:0.0002s ]
INFO: [ view_parse ] --START--
INFO: [ template_filter ] --START--
INFO: Run Behavior\ContentReplaceBehavior [ RunTime:0.000062s ]
INFO: [ template_filter ] --END-- [ RunTime:0.000101s ]
INFO: Run Behavior\ParseTemplateBehavior [ RunTime:0.008637s ]
INFO: [ view_parse ] --END-- [ RunTime:0.008679s ]
INFO: [ view_filter ] --START--
INFO: Run Behavior\WriteHtmlCacheBehavior [ RunTime:0.000117s ]
INFO: [ view_filter ] --END-- [ RunTime:0.000141s ]
INFO: [ app_end ] --START--
INFO: Run Behavior\ShowPageTraceBehavior [ RunTime:0.000696s ]
INFO: [ app_end ] --END-- [ RunTime:0.000839s ]

[ 2017-05-15T23:01:51+08:00 ] 127.0.0.1 /harmoniouscity/index.php/Home/Admin/indexadminzb.html
INFO: [ app_init ] --START--
INFO: Run Behavior\BuildLiteBehavior [ RunTime:0.000024s ]
INFO: [ app_init ] --END-- [ RunTime:0.003896s ]
INFO: [ app_begin ] --START--
INFO: Run Behavior\ReadHtmlCacheBehavior [ RunTime:0.003494s ]
INFO: [ app_begin ] --END-- [ RunTime:0.003581s ]
SQL: SHOW COLUMNS FROM `hl_secondindex` [ RunTime:0.0146s ]
SQL: SELECT * FROM `hl_secondindex` INNER JOIN HL_firstindex on HL_firstindex.fi_id = HL_secondindex.si_fi_id INNER JOIN HL_thirdindex on HL_thirdindex.ti_si_id = HL_secondindex.si_id  ORDER BY HL_firstindex.fi_id asc,HL_secondindex.si_id asc,HL_thirdindex.ti_id  [ RunTime:0.0011s ]
SQL: SHOW COLUMNS FROM `hl_firstindex` [ RunTime:0.0071s ]
SQL: SELECT * FROM `hl_firstindex`  [ RunTime:0.0004s ]
SQL: SELECT * FROM `hl_secondindex`  [ RunTime:0.0003s ]
INFO: [ view_parse ] --START--
INFO: [ template_filter ] --START--
INFO: Run Behavior\ContentReplaceBehavior [ RunTime:0.000107s ]
INFO: [ template_filter ] --END-- [ RunTime:0.000195s ]
INFO: Run Behavior\ParseTemplateBehavior [ RunTime:0.033737s ]
INFO: [ view_parse ] --END-- [ RunTime:0.033864s ]
INFO: [ view_filter ] --START--
INFO: Run Behavior\WriteHtmlCacheBehavior [ RunTime:0.003638s ]
INFO: [ view_filter ] --END-- [ RunTime:0.003716s ]
INFO: [ app_end ] --START--
INFO: Run Behavior\ShowPageTraceBehavior [ RunTime:0.001714s ]
INFO: [ app_end ] --END-- [ RunTime:0.001795s ]

[ 2017-05-15T23:01:53+08:00 ] 127.0.0.1 /harmoniouscity/index.php/Home/Admin/modifyindex.html
INFO: [ app_init ] --START--
INFO: Run Behavior\BuildLiteBehavior [ RunTime:0.000061s ]
INFO: [ app_init ] --END-- [ RunTime:0.000367s ]
INFO: [ app_begin ] --START--
INFO: Run Behavior\ReadHtmlCacheBehavior [ RunTime:0.000321s ]
INFO: [ app_begin ] --END-- [ RunTime:0.000361s ]
INFO: [ app_end ] --START--
INFO: Run Behavior\ShowPageTraceBehavior [ RunTime:0.000519s ]
INFO: [ app_end ] --END-- [ RunTime:0.000601s ]

[ 2017-05-15T23:02:33+08:00 ] 127.0.0.1 /harmoniouscity/index.php/Home/Admin/indexadminzb.html
INFO: [ app_init ] --START--
INFO: Run Behavior\BuildLiteBehavior [ RunTime:0.000010s ]
INFO: [ app_init ] --END-- [ RunTime:0.000215s ]
INFO: [ app_begin ] --START--
INFO: Run Behavior\ReadHtmlCacheBehavior [ RunTime:0.000401s ]
INFO: [ app_begin ] --END-- [ RunTime:0.000453s ]
SQL: SHOW COLUMNS FROM `hl_secondindex` [ RunTime:0.0043s ]
SQL: SELECT * FROM `hl_secondindex` INNER JOIN HL_firstindex on HL_firstindex.fi_id = HL_secondindex.si_fi_id INNER JOIN HL_thirdindex on HL_thirdindex.ti_si_id = HL_secondindex.si_id  ORDER BY HL_firstindex.fi_id asc,HL_secondindex.si_id asc,HL_thirdindex.ti_id  [ RunTime:0.0005s ]
SQL: SHOW COLUMNS FROM `hl_firstindex` [ RunTime:0.0045s ]
SQL: SELECT * FROM `hl_firstindex`  [ RunTime:0.0002s ]
SQL: SELECT * FROM `hl_secondindex`  [ RunTime:0.0002s ]
INFO: [ view_parse ] --START--
INFO: [ template_filter ] --START--
INFO: Run Behavior\ContentReplaceBehavior [ RunTime:0.000059s ]
INFO: [ template_filter ] --END-- [ RunTime:0.000100s ]
INFO: Run Behavior\ParseTemplateBehavior [ RunTime:0.008457s ]
INFO: [ view_parse ] --END-- [ RunTime:0.008513s ]
INFO: [ view_filter ] --START--
INFO: Run Behavior\WriteHtmlCacheBehavior [ RunTime:0.000123s ]
INFO: [ view_filter ] --END-- [ RunTime:0.000147s ]
INFO: [ app_end ] --START--
INFO: Run Behavior\ShowPageTraceBehavior [ RunTime:0.000470s ]
INFO: [ app_end ] --END-- [ RunTime:0.000532s ]

[ 2017-05-15T23:02:37+08:00 ] 127.0.0.1 /harmoniouscity/index.php/Home/Admin/modifyindex.html
INFO: [ app_init ] --START--
INFO: Run Behavior\BuildLiteBehavior [ RunTime:0.000010s ]
INFO: [ app_init ] --END-- [ RunTime:0.000227s ]
INFO: [ app_begin ] --START--
INFO: Run Behavior\ReadHtmlCacheBehavior [ RunTime:0.000272s ]
INFO: [ app_begin ] --END-- [ RunTime:0.000300s ]
INFO: [ app_end ] --START--
INFO: Run Behavior\ShowPageTraceBehavior [ RunTime:0.000287s ]
INFO: [ app_end ] --END-- [ RunTime:0.000317s ]

[ 2017-05-15T23:02:43+08:00 ] 127.0.0.1 /harmoniouscity/index.php/Home/Admin/modifyindex.html
INFO: [ app_init ] --START--
INFO: Run Behavior\BuildLiteBehavior [ RunTime:0.000010s ]
INFO: [ app_init ] --END-- [ RunTime:0.000214s ]
INFO: [ app_begin ] --START--
INFO: Run Behavior\ReadHtmlCacheBehavior [ RunTime:0.000444s ]
INFO: [ app_begin ] --END-- [ RunTime:0.000484s ]
INFO: [ app_end ] --START--
INFO: Run Behavior\ShowPageTraceBehavior [ RunTime:0.000368s ]
INFO: [ app_end ] --END-- [ RunTime:0.000408s ]

[ 2017-05-15T23:02:46+08:00 ] 127.0.0.1 /harmoniouscity/index.php/Home/Admin/indexadminzb.html
INFO: [ app_init ] --START--
INFO: Run Behavior\BuildLiteBehavior [ RunTime:0.000009s ]
INFO: [ app_init ] --END-- [ RunTime:0.000218s ]
INFO: [ app_begin ] --START--
INFO: Run Behavior\ReadHtmlCacheBehavior [ RunTime:0.000264s ]
INFO: [ app_begin ] --END-- [ RunTime:0.000293s ]
SQL: SHOW COLUMNS FROM `hl_secondindex` [ RunTime:0.0065s ]
SQL: SELECT * FROM `hl_secondindex` INNER JOIN HL_firstindex on HL_firstindex.fi_id = HL_secondindex.si_fi_id INNER JOIN HL_thirdindex on HL_thirdindex.ti_si_id = HL_secondindex.si_id  ORDER BY HL_firstindex.fi_id asc,HL_secondindex.si_id asc,HL_thirdindex.ti_id  [ RunTime:0.0007s ]
SQL: SHOW COLUMNS FROM `hl_firstindex` [ RunTime:0.0064s ]
SQL: SELECT * FROM `hl_firstindex`  [ RunTime:0.0003s ]
SQL: SELECT * FROM `hl_secondindex`  [ RunTime:0.0002s ]
INFO: [ view_parse ] --START--
INFO: [ template_filter ] --START--
INFO: Run Behavior\ContentReplaceBehavior [ RunTime:0.000057s ]
INFO: [ template_filter ] --END-- [ RunTime:0.000097s ]
INFO: Run Behavior\ParseTemplateBehavior [ RunTime:0.008622s ]
INFO: [ view_parse ] --END-- [ RunTime:0.008670s ]
INFO: [ view_filter ] --START--
INFO: Run Behavior\WriteHtmlCacheBehavior [ RunTime:0.000115s ]
INFO: [ view_filter ] --END-- [ RunTime:0.000138s ]
INFO: [ app_end ] --START--
INFO: Run Behavior\ShowPageTraceBehavior [ RunTime:0.000661s ]
INFO: [ app_end ] --END-- [ RunTime:0.000959s ]

[ 2017-05-15T23:03:00+08:00 ] 127.0.0.1 /harmoniouscity/index.php/Home/Admin/modifyindex.html
INFO: [ app_init ] --START--
INFO: Run Behavior\BuildLiteBehavior [ RunTime:0.000012s ]
INFO: [ app_init ] --END-- [ RunTime:0.000358s ]
INFO: [ app_begin ] --START--
INFO: Run Behavior\ReadHtmlCacheBehavior [ RunTime:0.000300s ]
INFO: [ app_begin ] --END-- [ RunTime:0.000330s ]
INFO: [ app_end ] --START--
INFO: Run Behavior\ShowPageTraceBehavior [ RunTime:0.000285s ]
INFO: [ app_end ] --END-- [ RunTime:0.000315s ]

[ 2017-05-15T23:03:04+08:00 ] 127.0.0.1 /harmoniouscity/index.php/Home/Admin/modifyindex.html
INFO: [ app_init ] --START--
INFO: Run Behavior\BuildLiteBehavior [ RunTime:0.000009s ]
INFO: [ app_init ] --END-- [ RunTime:0.000205s ]
INFO: [ app_begin ] --START--
INFO: Run Behavior\ReadHtmlCacheBehavior [ RunTime:0.000257s ]
INFO: [ app_begin ] --END-- [ RunTime:0.000297s ]
INFO: [ app_end ] --START--
INFO: Run Behavior\ShowPageTraceBehavior [ RunTime:0.000270s ]
INFO: [ app_end ] --END-- [ RunTime:0.000300s ]

[ 2017-05-15T23:03:59+08:00 ] 127.0.0.1 /harmoniouscity/index.php/Home/Admin/indexadminzb.html
INFO: [ app_init ] --START--
INFO: Run Behavior\BuildLiteBehavior [ RunTime:0.000018s ]
INFO: [ app_init ] --END-- [ RunTime:0.000453s ]
INFO: [ app_begin ] --START--
INFO: Run Behavior\ReadHtmlCacheBehavior [ RunTime:0.000601s ]
INFO: [ app_begin ] --END-- [ RunTime:0.000666s ]

[ 2017-05-15T23:04:06+08:00 ] 127.0.0.1 /harmoniouscity/index.php/Home/Admin/indexadminzb.html
INFO: [ app_init ] --START--
INFO: Run Behavior\BuildLiteBehavior [ RunTime:0.000010s ]
INFO: [ app_init ] --END-- [ RunTime:0.000232s ]
INFO: [ app_begin ] --START--
INFO: Run Behavior\ReadHtmlCacheBehavior [ RunTime:0.000271s ]
INFO: [ app_begin ] --END-- [ RunTime:0.000301s ]
SQL: SHOW COLUMNS FROM `hl_secondindex` [ RunTime:0.0068s ]
SQL: SELECT * FROM `hl_secondindex` INNER JOIN HL_firstindex on HL_firstindex.fi_id = HL_secondindex.si_fi_id INNER JOIN HL_thirdindex on HL_thirdindex.ti_si_id = HL_secondindex.si_id  ORDER BY HL_firstindex.fi_id asc,HL_secondindex.si_id asc,HL_thirdindex.ti_id  [ RunTime:0.0007s ]
SQL: SHOW COLUMNS FROM `hl_firstindex` [ RunTime:0.0070s ]
SQL: SELECT * FROM `hl_firstindex`  [ RunTime:0.0003s ]
SQL: SELECT * FROM `hl_secondindex`  [ RunTime:0.0002s ]
INFO: [ view_parse ] --START--
INFO: [ template_filter ] --START--
INFO: Run Behavior\ContentReplaceBehavior [ RunTime:0.000121s ]
INFO: [ template_filter ] --END-- [ RunTime:0.000204s ]
INFO: Run Behavior\ParseTemplateBehavior [ RunTime:0.016688s ]
INFO: [ view_parse ] --END-- [ RunTime:0.016771s ]
INFO: [ view_filter ] --START--
INFO: Run Behavior\WriteHtmlCacheBehavior [ RunTime:0.000244s ]
INFO: [ view_filter ] --END-- [ RunTime:0.000292s ]
INFO: [ app_end ] --START--
INFO: Run Behavior\ShowPageTraceBehavior [ RunTime:0.001162s ]
INFO: [ app_end ] --END-- [ RunTime:0.001281s ]

[ 2017-05-15T23:04:07+08:00 ] 127.0.0.1 /harmoniouscity/index.php/Home/Admin/modifyindex.html
INFO: [ app_init ] --START--
INFO: Run Behavior\BuildLiteBehavior [ RunTime:0.000017s ]
INFO: [ app_init ] --END-- [ RunTime:0.000376s ]
INFO: [ app_begin ] --START--
INFO: Run Behavior\ReadHtmlCacheBehavior [ RunTime:0.000295s ]
INFO: [ app_begin ] --END-- [ RunTime:0.000331s ]
INFO: [ app_end ] --START--
INFO: Run Behavior\ShowPageTraceBehavior [ RunTime:0.000538s ]
INFO: [ app_end ] --END-- [ RunTime:0.000606s ]

[ 2017-05-15T23:21:09+08:00 ] 127.0.0.1 /harmoniouscity/index.php/Home/Admin/indexadminzb.html
INFO: [ app_init ] --START--
INFO: Run Behavior\BuildLiteBehavior [ RunTime:0.000043s ]
INFO: [ app_init ] --END-- [ RunTime:0.003255s ]
INFO: [ app_begin ] --START--
INFO: Run Behavior\ReadHtmlCacheBehavior [ RunTime:0.000429s ]
INFO: [ app_begin ] --END-- [ RunTime:0.000481s ]
SQL: SHOW COLUMNS FROM `hl_secondindex` [ RunTime:0.0101s ]
SQL: SELECT * FROM `hl_secondindex` INNER JOIN HL_firstindex on HL_firstindex.fi_id = HL_secondindex.si_fi_id INNER JOIN HL_thirdindex on HL_thirdindex.ti_si_id = HL_secondindex.si_id  ORDER BY HL_firstindex.fi_id asc,HL_secondindex.si_id asc,HL_thirdindex.ti_id  [ RunTime:0.0005s ]
SQL: SHOW COLUMNS FROM `hl_firstindex` [ RunTime:0.0065s ]
SQL: SELECT * FROM `hl_firstindex`  [ RunTime:0.0003s ]
SQL: SELECT * FROM `hl_secondindex`  [ RunTime:0.0002s ]
INFO: [ view_parse ] --START--
INFO: [ template_filter ] --START--
INFO: Run Behavior\ContentReplaceBehavior [ RunTime:0.000067s ]
INFO: [ template_filter ] --END-- [ RunTime:0.000112s ]
INFO: Run Behavior\ParseTemplateBehavior [ RunTime:0.011497s ]
INFO: [ view_parse ] --END-- [ RunTime:0.011549s ]
INFO: [ view_filter ] --START--
INFO: Run Behavior\WriteHtmlCacheBehavior [ RunTime:0.000130s ]
INFO: [ view_filter ] --END-- [ RunTime:0.000154s ]
INFO: [ app_end ] --START--
INFO: Run Behavior\ShowPageTraceBehavior [ RunTime:0.000526s ]
INFO: [ app_end ] --END-- [ RunTime:0.000580s ]

[ 2017-05-15T23:21:13+08:00 ] 127.0.0.1 /harmoniouscity/index.php/Home/Admin/modifyindex.html
INFO: [ app_init ] --START--
INFO: Run Behavior\BuildLiteBehavior [ RunTime:0.000019s ]
INFO: [ app_init ] --END-- [ RunTime:0.000508s ]
INFO: [ app_begin ] --START--
INFO: Run Behavior\ReadHtmlCacheBehavior [ RunTime:0.000412s ]
INFO: [ app_begin ] --END-- [ RunTime:0.000467s ]
INFO: [ app_end ] --START--
INFO: Run Behavior\ShowPageTraceBehavior [ RunTime:0.000556s ]
INFO: [ app_end ] --END-- [ RunTime:0.000629s ]

[ 2017-05-15T23:21:18+08:00 ] 127.0.0.1 /harmoniouscity/index.php/Home/Admin/modifyindex.html
INFO: [ app_init ] --START--
INFO: Run Behavior\BuildLiteBehavior [ RunTime:0.000011s ]
INFO: [ app_init ] --END-- [ RunTime:0.000225s ]
INFO: [ app_begin ] --START--
INFO: Run Behavior\ReadHtmlCacheBehavior [ RunTime:0.000376s ]
INFO: [ app_begin ] --END-- [ RunTime:0.000419s ]
INFO: [ app_end ] --START--
INFO: Run Behavior\ShowPageTraceBehavior [ RunTime:0.000373s ]
INFO: [ app_end ] --END-- [ RunTime:0.000412s ]

[ 2017-05-15T23:21:26+08:00 ] 127.0.0.1 /harmoniouscity/index.php/Home/Admin/modifyindex.html
INFO: [ app_init ] --START--
INFO: Run Behavior\BuildLiteBehavior [ RunTime:0.000011s ]
INFO: [ app_init ] --END-- [ RunTime:0.000431s ]
INFO: [ app_begin ] --START--
INFO: Run Behavior\ReadHtmlCacheBehavior [ RunTime:0.000275s ]
INFO: [ app_begin ] --END-- [ RunTime:0.000305s ]
INFO: [ app_end ] --START--
INFO: Run Behavior\ShowPageTraceBehavior [ RunTime:0.000481s ]
INFO: [ app_end ] --END-- [ RunTime:0.000532s ]

[ 2017-05-15T23:21:28+08:00 ] 127.0.0.1 /harmoniouscity/index.php/Home/Admin/indexadminzb.html
INFO: [ app_init ] --START--
INFO: Run Behavior\BuildLiteBehavior [ RunTime:0.000011s ]
INFO: [ app_init ] --END-- [ RunTime:0.000230s ]
INFO: [ app_begin ] --START--
INFO: Run Behavior\ReadHtmlCacheBehavior [ RunTime:0.000269s ]
INFO: [ app_begin ] --END-- [ RunTime:0.000301s ]
SQL: SHOW COLUMNS FROM `hl_secondindex` [ RunTime:0.0041s ]
SQL: SELECT * FROM `hl_secondindex` INNER JOIN HL_firstindex on HL_firstindex.fi_id = HL_secondindex.si_fi_id INNER JOIN HL_thirdindex on HL_thirdindex.ti_si_id = HL_secondindex.si_id  ORDER BY HL_firstindex.fi_id asc,HL_secondindex.si_id asc,HL_thirdindex.ti_id  [ RunTime:0.0007s ]
SQL: SHOW COLUMNS FROM `hl_firstindex` [ RunTime:0.0036s ]
SQL: SELECT * FROM `hl_firstindex`  [ RunTime:0.0002s ]
SQL: SELECT * FROM `hl_secondindex`  [ RunTime:0.0002s ]
INFO: [ view_parse ] --START--
INFO: [ template_filter ] --START--
INFO: Run Behavior\ContentReplaceBehavior [ RunTime:0.000055s ]
INFO: [ template_filter ] --END-- [ RunTime:0.000092s ]
INFO: Run Behavior\ParseTemplateBehavior [ RunTime:0.007507s ]
INFO: [ view_parse ] --END-- [ RunTime:0.007562s ]
INFO: [ view_filter ] --START--
INFO: Run Behavior\WriteHtmlCacheBehavior [ RunTime:0.000204s ]
INFO: [ view_filter ] --END-- [ RunTime:0.000236s ]
INFO: [ app_end ] --START--
INFO: Run Behavior\ShowPageTraceBehavior [ RunTime:0.000440s ]
INFO: [ app_end ] --END-- [ RunTime:0.000490s ]

[ 2017-05-15T23:21:30+08:00 ] 127.0.0.1 /harmoniouscity/index.php/Home/Admin/indexadminzb.html
INFO: [ app_init ] --START--
INFO: Run Behavior\BuildLiteBehavior [ RunTime:0.000011s ]
INFO: [ app_init ] --END-- [ RunTime:0.000299s ]
INFO: [ app_begin ] --START--
INFO: Run Behavior\ReadHtmlCacheBehavior [ RunTime:0.000268s ]
INFO: [ app_begin ] --END-- [ RunTime:0.000298s ]
SQL: SHOW COLUMNS FROM `hl_secondindex` [ RunTime:0.0040s ]
SQL: SELECT * FROM `hl_secondindex` INNER JOIN HL_firstindex on HL_firstindex.fi_id = HL_secondindex.si_fi_id INNER JOIN HL_thirdindex on HL_thirdindex.ti_si_id = HL_secondindex.si_id  ORDER BY HL_firstindex.fi_id asc,HL_secondindex.si_id asc,HL_thirdindex.ti_id  [ RunTime:0.0005s ]
SQL: SHOW COLUMNS FROM `hl_firstindex` [ RunTime:0.0066s ]
SQL: SELECT * FROM `hl_firstindex`  [ RunTime:0.0004s ]
SQL: SELECT * FROM `hl_secondindex`  [ RunTime:0.0003s ]
INFO: [ view_parse ] --START--
INFO: [ template_filter ] --START--
INFO: Run Behavior\ContentReplaceBehavior [ RunTime:0.000076s ]
INFO: [ template_filter ] --END-- [ RunTime:0.000143s ]
INFO: Run Behavior\ParseTemplateBehavior [ RunTime:0.011039s ]
INFO: [ view_parse ] --END-- [ RunTime:0.011127s ]
INFO: [ view_filter ] --START--
INFO: Run Behavior\WriteHtmlCacheBehavior [ RunTime:0.000242s ]
INFO: [ view_filter ] --END-- [ RunTime:0.000284s ]
INFO: [ app_end ] --START--
INFO: Run Behavior\ShowPageTraceBehavior [ RunTime:0.000736s ]
INFO: [ app_end ] --END-- [ RunTime:0.000805s ]

[ 2017-05-15T23:21:35+08:00 ] 127.0.0.1 /harmoniouscity/index.php/Home/Admin/modifyindex.html
INFO: [ app_init ] --START--
INFO: Run Behavior\BuildLiteBehavior [ RunTime:0.000016s ]
INFO: [ app_init ] --END-- [ RunTime:0.000429s ]
INFO: [ app_begin ] --START--
INFO: Run Behavior\ReadHtmlCacheBehavior [ RunTime:0.000296s ]
INFO: [ app_begin ] --END-- [ RunTime:0.000331s ]
INFO: [ app_end ] --START--
INFO: Run Behavior\ShowPageTraceBehavior [ RunTime:0.000277s ]
INFO: [ app_end ] --END-- [ RunTime:0.000307s ]

[ 2017-05-15T23:22:12+08:00 ] 127.0.0.1 /harmoniouscity/index.php/Home/Admin/indexadminzb.html
INFO: [ app_init ] --START--
INFO: Run Behavior\BuildLiteBehavior [ RunTime:0.000021s ]
INFO: [ app_init ] --END-- [ RunTime:0.000489s ]
INFO: [ app_begin ] --START--
INFO: Run Behavior\ReadHtmlCacheBehavior [ RunTime:0.000354s ]
INFO: [ app_begin ] --END-- [ RunTime:0.000390s ]
SQL: SHOW COLUMNS FROM `hl_secondindex` [ RunTime:0.0032s ]
SQL: SELECT * FROM `hl_secondindex` INNER JOIN HL_firstindex on HL_firstindex.fi_id = HL_secondindex.si_fi_id INNER JOIN HL_thirdindex on HL_thirdindex.ti_si_id = HL_secondindex.si_id  ORDER BY HL_firstindex.fi_id asc,HL_secondindex.si_id asc,HL_thirdindex.ti_id  [ RunTime:0.0005s ]
SQL: SHOW COLUMNS FROM `hl_firstindex` [ RunTime:0.0067s ]
SQL: SELECT * FROM `hl_firstindex`  [ RunTime:0.0005s ]
SQL: SELECT * FROM `hl_secondindex`  [ RunTime:0.0003s ]
INFO: [ view_parse ] --START--
INFO: [ template_filter ] --START--
INFO: Run Behavior\ContentReplaceBehavior [ RunTime:0.000056s ]
INFO: [ template_filter ] --END-- [ RunTime:0.000091s ]
INFO: Run Behavior\ParseTemplateBehavior [ RunTime:0.007545s ]
INFO: [ view_parse ] --END-- [ RunTime:0.007604s ]
INFO: [ view_filter ] --START--
INFO: Run Behavior\WriteHtmlCacheBehavior [ RunTime:0.000125s ]
INFO: [ view_filter ] --END-- [ RunTime:0.000148s ]
INFO: [ app_end ] --START--
INFO: Run Behavior\ShowPageTraceBehavior [ RunTime:0.000390s ]
INFO: [ app_end ] --END-- [ RunTime:0.000439s ]

[ 2017-05-15T23:22:13+08:00 ] 127.0.0.1 /harmoniouscity/index.php/Home/Admin/modifyindex.html
INFO: [ app_init ] --START--
INFO: Run Behavior\BuildLiteBehavior [ RunTime:0.000010s ]
INFO: [ app_init ] --END-- [ RunTime:0.000221s ]
INFO: [ app_begin ] --START--
INFO: Run Behavior\ReadHtmlCacheBehavior [ RunTime:0.000342s ]
INFO: [ app_begin ] --END-- [ RunTime:0.000382s ]
INFO: [ app_end ] --START--
INFO: Run Behavior\ShowPageTraceBehavior [ RunTime:0.000697s ]
INFO: [ app_end ] --END-- [ RunTime:0.000797s ]

[ 2017-05-15T23:22:16+08:00 ] 127.0.0.1 /harmoniouscity/index.php/Home/Admin/modifyindex.html
INFO: [ app_init ] --START--
INFO: Run Behavior\BuildLiteBehavior [ RunTime:0.000012s ]
INFO: [ app_init ] --END-- [ RunTime:0.000306s ]
INFO: [ app_begin ] --START--
INFO: Run Behavior\ReadHtmlCacheBehavior [ RunTime:0.000399s ]
INFO: [ app_begin ] --END-- [ RunTime:0.000443s ]
INFO: [ app_end ] --START--
INFO: Run Behavior\ShowPageTraceBehavior [ RunTime:0.000574s ]
INFO: [ app_end ] --END-- [ RunTime:0.000633s ]

[ 2017-05-15T23:22:18+08:00 ] 127.0.0.1 /harmoniouscity/index.php/Home/Admin/indexadminzb.html
INFO: [ app_init ] --START--
INFO: Run Behavior\BuildLiteBehavior [ RunTime:0.000019s ]
INFO: [ app_init ] --END-- [ RunTime:0.001032s ]
INFO: [ app_begin ] --START--
INFO: Run Behavior\ReadHtmlCacheBehavior [ RunTime:0.000638s ]
INFO: [ app_begin ] --END-- [ RunTime:0.000708s ]
SQL: SHOW COLUMNS FROM `hl_secondindex` [ RunTime:0.0064s ]
SQL: SELECT * FROM `hl_secondindex` INNER JOIN HL_firstindex on HL_firstindex.fi_id = HL_secondindex.si_fi_id INNER JOIN HL_thirdindex on HL_thirdindex.ti_si_id = HL_secondindex.si_id  ORDER BY HL_firstindex.fi_id asc,HL_secondindex.si_id asc,HL_thirdindex.ti_id  [ RunTime:0.0004s ]
SQL: SHOW COLUMNS FROM `hl_firstindex` [ RunTime:0.0033s ]
SQL: SELECT * FROM `hl_firstindex`  [ RunTime:0.0002s ]
SQL: SELECT * FROM `hl_secondindex`  [ RunTime:0.0002s ]
INFO: [ view_parse ] --START--
INFO: [ template_filter ] --START--
INFO: Run Behavior\ContentReplaceBehavior [ RunTime:0.000113s ]
INFO: [ template_filter ] --END-- [ RunTime:0.000187s ]
INFO: Run Behavior\ParseTemplateBehavior [ RunTime:0.008483s ]
INFO: [ view_parse ] --END-- [ RunTime:0.008544s ]
INFO: [ view_filter ] --START--
INFO: Run Behavior\WriteHtmlCacheBehavior [ RunTime:0.000178s ]
INFO: [ view_filter ] --END-- [ RunTime:0.000216s ]
INFO: [ app_end ] --START--
INFO: Run Behavior\ShowPageTraceBehavior [ RunTime:0.000679s ]
INFO: [ app_end ] --END-- [ RunTime:0.000750s ]

[ 2017-05-15T23:22:19+08:00 ] 127.0.0.1 /harmoniouscity/index.php/Home/Admin/modifyindex.html
INFO: [ app_init ] --START--
INFO: Run Behavior\BuildLiteBehavior [ RunTime:0.000011s ]
INFO: [ app_init ] --END-- [ RunTime:0.000251s ]
INFO: [ app_begin ] --START--
INFO: Run Behavior\ReadHtmlCacheBehavior [ RunTime:0.000308s ]
INFO: [ app_begin ] --END-- [ RunTime:0.000342s ]
INFO: [ app_end ] --START--
INFO: Run Behavior\ShowPageTraceBehavior [ RunTime:0.000560s ]
INFO: [ app_end ] --END-- [ RunTime:0.000628s ]

[ 2017-05-15T23:22:25+08:00 ] 127.0.0.1 /harmoniouscity/index.php/Home/Admin/modifyindex.html
INFO: [ app_init ] --START--
INFO: Run Behavior\BuildLiteBehavior [ RunTime:0.000011s ]
INFO: [ app_init ] --END-- [ RunTime:0.000334s ]
INFO: [ app_begin ] --START--
INFO: Run Behavior\ReadHtmlCacheBehavior [ RunTime:0.000461s ]
INFO: [ app_begin ] --END-- [ RunTime:0.000549s ]
INFO: [ app_end ] --START--
INFO: Run Behavior\ShowPageTraceBehavior [ RunTime:0.000273s ]
INFO: [ app_end ] --END-- [ RunTime:0.000303s ]

