[ 2017-05-05T21:17:06+08:00 ] 127.0.0.1 /harmoniouscity/index.php/Home/index/index.html
INFO: [ app_init ] --START--
INFO: Run Behavior\BuildLiteBehavior [ RunTime:0.000032s ]
INFO: [ app_init ] --END-- [ RunTime:0.007916s ]
INFO: [ app_begin ] --START--
INFO: Run Behavior\ReadHtmlCacheBehavior [ RunTime:0.004673s ]
INFO: [ app_begin ] --END-- [ RunTime:0.004777s ]
INFO: [ view_parse ] --START--
NOTIC: [2] file_get_contents(./Application/Home/View/footer.html): failed to open stream: No such file or directory /Users/hejiaxing/work/harmoniouscity/ThinkPHP/Library/Think/Template.class.php 第 696 行.
INFO: [ template_filter ] --START--
INFO: Run Behavior\ContentReplaceBehavior [ RunTime:0.003582s ]
INFO: [ template_filter ] --END-- [ RunTime:0.003695s ]
INFO: Run Behavior\ParseTemplateBehavior [ RunTime:0.045359s ]
INFO: [ view_parse ] --END-- [ RunTime:0.045459s ]
INFO: [ view_filter ] --START--
INFO: Run Behavior\WriteHtmlCacheBehavior [ RunTime:0.002272s ]
INFO: [ view_filter ] --END-- [ RunTime:0.002327s ]
INFO: [ app_end ] --START--
INFO: Run Behavior\ShowPageTraceBehavior [ RunTime:0.003831s ]
INFO: [ app_end ] --END-- [ RunTime:0.003908s ]

[ 2017-05-05T21:17:06+08:00 ] 127.0.0.1 /harmoniouscity/index.php/Home/index/index.html
INFO: [ app_init ] --START--
INFO: Run Behavior\BuildLiteBehavior [ RunTime:0.000011s ]
INFO: [ app_init ] --END-- [ RunTime:0.000416s ]
INFO: [ app_begin ] --START--
INFO: Run Behavior\ReadHtmlCacheBehavior [ RunTime:0.000410s ]
INFO: [ app_begin ] --END-- [ RunTime:0.000455s ]
INFO: [ view_parse ] --START--
NOTIC: [2] file_get_contents(./Application/Home/View/footer.html): failed to open stream: No such file or directory /Users/hejiaxing/work/harmoniouscity/ThinkPHP/Library/Think/Template.class.php 第 696 行.
INFO: [ template_filter ] --START--
INFO: Run Behavior\ContentReplaceBehavior [ RunTime:0.000050s ]
INFO: [ template_filter ] --END-- [ RunTime:0.000114s ]
INFO: Run Behavior\ParseTemplateBehavior [ RunTime:0.010286s ]
INFO: [ view_parse ] --END-- [ RunTime:0.010350s ]
INFO: [ view_filter ] --START--
INFO: Run Behavior\WriteHtmlCacheBehavior [ RunTime:0.000207s ]
INFO: [ view_filter ] --END-- [ RunTime:0.000255s ]
INFO: [ app_end ] --START--
INFO: Run Behavior\ShowPageTraceBehavior [ RunTime:0.000576s ]
INFO: [ app_end ] --END-- [ RunTime:0.000635s ]

[ 2017-05-05T21:17:14+08:00 ] 127.0.0.1 /harmoniouscity/index.php/Home/info/index.html
INFO: [ app_init ] --START--
INFO: Run Behavior\BuildLiteBehavior [ RunTime:0.000015s ]
INFO: [ app_init ] --END-- [ RunTime:0.000389s ]
INFO: [ app_begin ] --START--
INFO: Run Behavior\ReadHtmlCacheBehavior [ RunTime:0.000408s ]
INFO: [ app_begin ] --END-- [ RunTime:0.000461s ]
SQL: SHOW COLUMNS FROM `hl_indexclass` [ RunTime:0.0361s ]
SQL: SELECT * FROM `hl_indexclass` WHERE ( ic_c_id=1 )  [ RunTime:0.0089s ]
SQL: SHOW COLUMNS FROM `hl_indexvalue` [ RunTime:0.0077s ]
SQL: SELECT * FROM `hl_indexvalue` WHERE ( iv_ic_id=1 )  [ RunTime:0.0011s ]
NOTIC: [8] Use of undefined constant ture - assumed 'ture' /Users/hejiaxing/work/harmoniouscity/Application/Home/Controller/InfoController.class.php 第 18 行.
SQL: SELECT DISTINCT  * FROM `hl_indexvalue` INNER JOIN HL_thirdindex ON HL_indexvalue.iv_ti_id=HL_thirdindex.ti_id  WHERE ( HL_indexvalue.iv_ic_id=1 )  [ RunTime:0.0103s ]
SQL: SELECT * FROM `hl_indexvalue` WHERE ( iv_ic_id=2 )  [ RunTime:0.0003s ]
NOTIC: [8] Use of undefined constant ture - assumed 'ture' /Users/hejiaxing/work/harmoniouscity/Application/Home/Controller/InfoController.class.php 第 18 行.
SQL: SELECT DISTINCT  * FROM `hl_indexvalue` INNER JOIN HL_thirdindex ON HL_indexvalue.iv_ti_id=HL_thirdindex.ti_id  WHERE ( HL_indexvalue.iv_ic_id=2 )  [ RunTime:0.0004s ]
SQL: SHOW COLUMNS FROM `hl_firstindex` [ RunTime:0.0065s ]
SQL: SELECT * FROM `hl_firstindex`  [ RunTime:0.0004s ]
SQL: SHOW COLUMNS FROM `hl_city` [ RunTime:0.0073s ]
SQL: SELECT * FROM `hl_city`  [ RunTime:0.0003s ]
INFO: [ view_parse ] --START--
NOTIC: [2] file_get_contents(./Application/Home/View/footer.html): failed to open stream: No such file or directory /Users/hejiaxing/work/harmoniouscity/ThinkPHP/Library/Think/Template.class.php 第 696 行.
INFO: [ template_filter ] --START--
INFO: Run Behavior\ContentReplaceBehavior [ RunTime:0.000056s ]
INFO: [ template_filter ] --END-- [ RunTime:0.000110s ]
INFO: Run Behavior\ParseTemplateBehavior [ RunTime:0.023395s ]
INFO: [ view_parse ] --END-- [ RunTime:0.023457s ]
INFO: [ view_filter ] --START--
INFO: Run Behavior\WriteHtmlCacheBehavior [ RunTime:0.000197s ]
INFO: [ view_filter ] --END-- [ RunTime:0.000230s ]
INFO: [ app_end ] --START--
INFO: Run Behavior\ShowPageTraceBehavior [ RunTime:0.000499s ]
INFO: [ app_end ] --END-- [ RunTime:0.000537s ]

[ 2017-05-05T21:17:15+08:00 ] 127.0.0.1 /harmoniouscity/index.php/Home/share/index.html
INFO: [ app_init ] --START--
INFO: Run Behavior\BuildLiteBehavior [ RunTime:0.000015s ]
INFO: [ app_init ] --END-- [ RunTime:0.000279s ]
INFO: [ app_begin ] --START--
INFO: Run Behavior\ReadHtmlCacheBehavior [ RunTime:0.000705s ]
INFO: [ app_begin ] --END-- [ RunTime:0.000769s ]
INFO: [ view_parse ] --START--
NOTIC: [2] file_get_contents(./Application/Home/View/footer.html): failed to open stream: No such file or directory /Users/hejiaxing/work/harmoniouscity/ThinkPHP/Library/Think/Template.class.php 第 696 行.
INFO: [ template_filter ] --START--
INFO: Run Behavior\ContentReplaceBehavior [ RunTime:0.000027s ]
INFO: [ template_filter ] --END-- [ RunTime:0.000064s ]
NOTIC: [8] Undefined variable: avatar /Users/hejiaxing/work/harmoniouscity/Application/Runtime/Cache/Home/ebf14e25328f70423c0b1406e4559d36.php 第 65 行.
INFO: Run Behavior\ParseTemplateBehavior [ RunTime:0.009208s ]
INFO: [ view_parse ] --END-- [ RunTime:0.009272s ]
INFO: [ view_filter ] --START--
INFO: Run Behavior\WriteHtmlCacheBehavior [ RunTime:0.000156s ]
INFO: [ view_filter ] --END-- [ RunTime:0.000189s ]
INFO: [ app_end ] --START--
INFO: Run Behavior\ShowPageTraceBehavior [ RunTime:0.000291s ]
INFO: [ app_end ] --END-- [ RunTime:0.000316s ]

[ 2017-05-05T21:17:20+08:00 ] 127.0.0.1 /harmoniouscity/index.php/Home/share/index.html
INFO: [ app_init ] --START--
INFO: Run Behavior\BuildLiteBehavior [ RunTime:0.000026s ]
INFO: [ app_init ] --END-- [ RunTime:0.001152s ]
INFO: [ app_begin ] --START--
INFO: Run Behavior\ReadHtmlCacheBehavior [ RunTime:0.000705s ]
INFO: [ app_begin ] --END-- [ RunTime:0.000785s ]
INFO: [ view_parse ] --START--
NOTIC: [2] file_get_contents(./Application/Home/View/footer.html): failed to open stream: No such file or directory /Users/hejiaxing/work/harmoniouscity/ThinkPHP/Library/Think/Template.class.php 第 696 行.
INFO: [ template_filter ] --START--
INFO: Run Behavior\ContentReplaceBehavior [ RunTime:0.000031s ]
INFO: [ template_filter ] --END-- [ RunTime:0.000088s ]
NOTIC: [8] Undefined variable: avatar /Users/hejiaxing/work/harmoniouscity/Application/Runtime/Cache/Home/ebf14e25328f70423c0b1406e4559d36.php 第 65 行.
INFO: Run Behavior\ParseTemplateBehavior [ RunTime:0.004932s ]
INFO: [ view_parse ] --END-- [ RunTime:0.004977s ]
INFO: [ view_filter ] --START--
INFO: Run Behavior\WriteHtmlCacheBehavior [ RunTime:0.000105s ]
INFO: [ view_filter ] --END-- [ RunTime:0.000127s ]
INFO: [ app_end ] --START--
INFO: Run Behavior\ShowPageTraceBehavior [ RunTime:0.000285s ]
INFO: [ app_end ] --END-- [ RunTime:0.000311s ]

[ 2017-05-05T21:17:21+08:00 ] 127.0.0.1 /harmoniouscity/index.php/Home/info/index.html
INFO: [ app_init ] --START--
INFO: Run Behavior\BuildLiteBehavior [ RunTime:0.000014s ]
INFO: [ app_init ] --END-- [ RunTime:0.000462s ]
INFO: [ app_begin ] --START--
INFO: Run Behavior\ReadHtmlCacheBehavior [ RunTime:0.000517s ]
INFO: [ app_begin ] --END-- [ RunTime:0.000555s ]
SQL: SHOW COLUMNS FROM `hl_indexclass` [ RunTime:0.0066s ]
SQL: SELECT * FROM `hl_indexclass` WHERE ( ic_c_id=1 )  [ RunTime:0.0002s ]
SQL: SHOW COLUMNS FROM `hl_indexvalue` [ RunTime:0.0045s ]
SQL: SELECT * FROM `hl_indexvalue` WHERE ( iv_ic_id=1 )  [ RunTime:0.0008s ]
NOTIC: [8] Use of undefined constant ture - assumed 'ture' /Users/hejiaxing/work/harmoniouscity/Application/Home/Controller/InfoController.class.php 第 18 行.
SQL: SELECT DISTINCT  * FROM `hl_indexvalue` INNER JOIN HL_thirdindex ON HL_indexvalue.iv_ti_id=HL_thirdindex.ti_id  WHERE ( HL_indexvalue.iv_ic_id=1 )  [ RunTime:0.0007s ]
SQL: SELECT * FROM `hl_indexvalue` WHERE ( iv_ic_id=2 )  [ RunTime:0.0003s ]
NOTIC: [8] Use of undefined constant ture - assumed 'ture' /Users/hejiaxing/work/harmoniouscity/Application/Home/Controller/InfoController.class.php 第 18 行.
SQL: SELECT DISTINCT  * FROM `hl_indexvalue` INNER JOIN HL_thirdindex ON HL_indexvalue.iv_ti_id=HL_thirdindex.ti_id  WHERE ( HL_indexvalue.iv_ic_id=2 )  [ RunTime:0.0005s ]
SQL: SHOW COLUMNS FROM `hl_firstindex` [ RunTime:0.0035s ]
SQL: SELECT * FROM `hl_firstindex`  [ RunTime:0.0003s ]
SQL: SHOW COLUMNS FROM `hl_city` [ RunTime:0.0032s ]
SQL: SELECT * FROM `hl_city`  [ RunTime:0.0003s ]
INFO: [ view_parse ] --START--
NOTIC: [2] file_get_contents(./Application/Home/View/footer.html): failed to open stream: No such file or directory /Users/hejiaxing/work/harmoniouscity/ThinkPHP/Library/Think/Template.class.php 第 696 行.
INFO: [ template_filter ] --START--
INFO: Run Behavior\ContentReplaceBehavior [ RunTime:0.000038s ]
INFO: [ template_filter ] --END-- [ RunTime:0.000080s ]
INFO: Run Behavior\ParseTemplateBehavior [ RunTime:0.008633s ]
INFO: [ view_parse ] --END-- [ RunTime:0.008674s ]
INFO: [ view_filter ] --START--
INFO: Run Behavior\WriteHtmlCacheBehavior [ RunTime:0.000128s ]
INFO: [ view_filter ] --END-- [ RunTime:0.000175s ]
INFO: [ app_end ] --START--
INFO: Run Behavior\ShowPageTraceBehavior [ RunTime:0.000577s ]
INFO: [ app_end ] --END-- [ RunTime:0.000627s ]

[ 2017-05-05T21:17:21+08:00 ] 127.0.0.1 /harmoniouscity/index.php/Home/index/index.html
INFO: [ app_init ] --START--
INFO: Run Behavior\BuildLiteBehavior [ RunTime:0.000021s ]
INFO: [ app_init ] --END-- [ RunTime:0.000335s ]
INFO: [ app_begin ] --START--
INFO: Run Behavior\ReadHtmlCacheBehavior [ RunTime:0.000279s ]
INFO: [ app_begin ] --END-- [ RunTime:0.000309s ]
INFO: [ view_parse ] --START--
NOTIC: [2] file_get_contents(./Application/Home/View/footer.html): failed to open stream: No such file or directory /Users/hejiaxing/work/harmoniouscity/ThinkPHP/Library/Think/Template.class.php 第 696 行.
INFO: [ template_filter ] --START--
INFO: Run Behavior\ContentReplaceBehavior [ RunTime:0.000043s ]
INFO: [ template_filter ] --END-- [ RunTime:0.000109s ]
INFO: Run Behavior\ParseTemplateBehavior [ RunTime:0.009580s ]
INFO: [ view_parse ] --END-- [ RunTime:0.009629s ]
INFO: [ view_filter ] --START--
INFO: Run Behavior\WriteHtmlCacheBehavior [ RunTime:0.000149s ]
INFO: [ view_filter ] --END-- [ RunTime:0.000181s ]
INFO: [ app_end ] --START--
INFO: Run Behavior\ShowPageTraceBehavior [ RunTime:0.001013s ]
INFO: [ app_end ] --END-- [ RunTime:0.001080s ]

[ 2017-05-05T21:17:22+08:00 ] 127.0.0.1 /harmoniouscity/index.php/Home/info/index.html
INFO: [ app_init ] --START--
INFO: Run Behavior\BuildLiteBehavior [ RunTime:0.000010s ]
INFO: [ app_init ] --END-- [ RunTime:0.000226s ]
INFO: [ app_begin ] --START--
INFO: Run Behavior\ReadHtmlCacheBehavior [ RunTime:0.000324s ]
INFO: [ app_begin ] --END-- [ RunTime:0.000371s ]
SQL: SHOW COLUMNS FROM `hl_indexclass` [ RunTime:0.0069s ]
SQL: SELECT * FROM `hl_indexclass` WHERE ( ic_c_id=1 )  [ RunTime:0.0002s ]
SQL: SHOW COLUMNS FROM `hl_indexvalue` [ RunTime:0.0072s ]
SQL: SELECT * FROM `hl_indexvalue` WHERE ( iv_ic_id=1 )  [ RunTime:0.0004s ]
NOTIC: [8] Use of undefined constant ture - assumed 'ture' /Users/hejiaxing/work/harmoniouscity/Application/Home/Controller/InfoController.class.php 第 18 行.
SQL: SELECT DISTINCT  * FROM `hl_indexvalue` INNER JOIN HL_thirdindex ON HL_indexvalue.iv_ti_id=HL_thirdindex.ti_id  WHERE ( HL_indexvalue.iv_ic_id=1 )  [ RunTime:0.0003s ]
SQL: SELECT * FROM `hl_indexvalue` WHERE ( iv_ic_id=2 )  [ RunTime:0.0002s ]
NOTIC: [8] Use of undefined constant ture - assumed 'ture' /Users/hejiaxing/work/harmoniouscity/Application/Home/Controller/InfoController.class.php 第 18 行.
SQL: SELECT DISTINCT  * FROM `hl_indexvalue` INNER JOIN HL_thirdindex ON HL_indexvalue.iv_ti_id=HL_thirdindex.ti_id  WHERE ( HL_indexvalue.iv_ic_id=2 )  [ RunTime:0.0003s ]
SQL: SHOW COLUMNS FROM `hl_firstindex` [ RunTime:0.0032s ]
SQL: SELECT * FROM `hl_firstindex`  [ RunTime:0.0004s ]
SQL: SHOW COLUMNS FROM `hl_city` [ RunTime:0.0013s ]
SQL: SELECT * FROM `hl_city`  [ RunTime:0.0003s ]
INFO: [ view_parse ] --START--
NOTIC: [2] file_get_contents(./Application/Home/View/footer.html): failed to open stream: No such file or directory /Users/hejiaxing/work/harmoniouscity/ThinkPHP/Library/Think/Template.class.php 第 696 行.
INFO: [ template_filter ] --START--
INFO: Run Behavior\ContentReplaceBehavior [ RunTime:0.000046s ]
INFO: [ template_filter ] --END-- [ RunTime:0.000091s ]
INFO: Run Behavior\ParseTemplateBehavior [ RunTime:0.007007s ]
INFO: [ view_parse ] --END-- [ RunTime:0.007067s ]
INFO: [ view_filter ] --START--
INFO: Run Behavior\WriteHtmlCacheBehavior [ RunTime:0.000178s ]
INFO: [ view_filter ] --END-- [ RunTime:0.000211s ]
INFO: [ app_end ] --START--
INFO: Run Behavior\ShowPageTraceBehavior [ RunTime:0.000379s ]
INFO: [ app_end ] --END-- [ RunTime:0.000412s ]

