[ 2017-05-23T11:12:27+08:00 ] 127.0.0.1 /harmoniouscity/index.php/Home/index/index.html
INFO: [ app_init ] --START--
INFO: Run Behavior\BuildLiteBehavior [ RunTime:0.000032s ]
INFO: [ app_init ] --END-- [ RunTime:0.008090s ]
INFO: [ app_begin ] --START--
INFO: Run Behavior\ReadHtmlCacheBehavior [ RunTime:0.009678s ]
INFO: [ app_begin ] --END-- [ RunTime:0.009846s ]
SQL: SHOW COLUMNS FROM `hl_token` [ RunTime:0.0359s ]
SQL: SELECT * FROM `hl_token` WHERE `t_token` = null  [ RunTime:0.0192s ]
INFO: [ view_parse ] --START--
NOTIC: [2] file_get_contents(./Application/Home/View/footer.html): failed to open stream: No such file or directory /Users/hejiaxing/work/harmoniouscity/ThinkPHP/Library/Think/Template.class.php 第 696 行.
INFO: [ template_filter ] --START--
INFO: Run Behavior\ContentReplaceBehavior [ RunTime:0.002352s ]
INFO: [ template_filter ] --END-- [ RunTime:0.002472s ]
NOTIC: [2] Illegal string offset 'result' /Users/hejiaxing/work/harmoniouscity/Application/Runtime/Cache/Home/2a94b8bda04ff446dcedd42276fc99ee.php 第 41 行.
NOTIC: [2] Illegal string offset 'result' /Users/hejiaxing/work/harmoniouscity/Application/Runtime/Cache/Home/2a94b8bda04ff446dcedd42276fc99ee.php 第 44 行.
NOTIC: [2] Illegal string offset 'result' /Users/hejiaxing/work/harmoniouscity/Application/Runtime/Cache/Home/2a94b8bda04ff446dcedd42276fc99ee.php 第 86 行.
NOTIC: [2] Illegal string offset 'result' /Users/hejiaxing/work/harmoniouscity/Application/Runtime/Cache/Home/2a94b8bda04ff446dcedd42276fc99ee.php 第 87 行.
INFO: Run Behavior\ParseTemplateBehavior [ RunTime:0.083695s ]
INFO: [ view_parse ] --END-- [ RunTime:0.083781s ]
INFO: [ view_filter ] --START--
INFO: Run Behavior\WriteHtmlCacheBehavior [ RunTime:0.003088s ]
INFO: [ view_filter ] --END-- [ RunTime:0.003135s ]
INFO: [ app_end ] --START--
INFO: Run Behavior\ShowPageTraceBehavior [ RunTime:0.004542s ]
INFO: [ app_end ] --END-- [ RunTime:0.004639s ]

