[ 2016-10-16T22:48:27+08:00 ] ::1 /sjswaimai/Public//uni_armorwidget_wrapper.js
INFO: [ app_init ] --START--
INFO: Run Behavior\BuildLiteBehavior [ RunTime:0.000000s ]
INFO: [ app_init ] --END-- [ RunTime:0.001000s ]
ERR: 无法加载模块:Public

[ 2016-10-16T22:48:27+08:00 ] ::1 /sjswaimai/Public//uni_armorwidget_wrapper.js
INFO: [ app_init ] --START--
INFO: Run Behavior\BuildLiteBehavior [ RunTime:0.000000s ]
INFO: [ app_init ] --END-- [ RunTime:0.001000s ]
ERR: 无法加载模块:Public

[ 2016-10-16T22:48:33+08:00 ] ::1 /sjswaimai/Public//uni_armorwidget_wrapper.js
INFO: [ app_init ] --START--
INFO: Run Behavior\BuildLiteBehavior [ RunTime:0.000000s ]
INFO: [ app_init ] --END-- [ RunTime:0.001000s ]
ERR: 无法加载模块:Public

[ 2016-10-16T22:48:33+08:00 ] ::1 /sjswaimai/Public//uni_armorwidget_wrapper.js
INFO: [ app_init ] --START--
INFO: Run Behavior\BuildLiteBehavior [ RunTime:0.000000s ]
INFO: [ app_init ] --END-- [ RunTime:0.002000s ]
ERR: 无法加载模块:Public

[ 2016-10-16T23:48:48+08:00 ] ::1 /sjswaimai/Public/picture/banner_95e5a9d.png
INFO: [ app_init ] --START--
INFO: Run Behavior\BuildLiteBehavior [ RunTime:0.000000s ]
INFO: [ app_init ] --END-- [ RunTime:0.000000s ]
ERR: 无法加载模块:Public

[ 2016-10-16T23:48:48+08:00 ] ::1 /sjswaimai/Public/picture/banner_95e5a9d.png
INFO: [ app_init ] --START--
INFO: Run Behavior\BuildLiteBehavior [ RunTime:0.000000s ]
INFO: [ app_init ] --END-- [ RunTime:0.003000s ]
ERR: 无法加载模块:Public

[ 2016-10-16T23:49:02+08:00 ] ::1 /sjswaimai/Public/picture/banner_95e5a9d.png
INFO: [ app_init ] --START--
INFO: Run Behavior\BuildLiteBehavior [ RunTime:0.000000s ]
INFO: [ app_init ] --END-- [ RunTime:0.001000s ]
ERR: 无法加载模块:Public

[ 2016-10-16T23:49:23+08:00 ] ::1 /sjswaimai/Public/picture/banner_95e5a9d.png
INFO: [ app_init ] --START--
INFO: Run Behavior\BuildLiteBehavior [ RunTime:0.000000s ]
INFO: [ app_init ] --END-- [ RunTime:0.001000s ]
ERR: 无法加载模块:Public

[ 2016-10-16T23:49:24+08:00 ] ::1 /sjswaimai/Public/picture/banner_95e5a9d.png
INFO: [ app_init ] --START--
INFO: Run Behavior\BuildLiteBehavior [ RunTime:0.000000s ]
INFO: [ app_init ] --END-- [ RunTime:0.002000s ]
ERR: 无法加载模块:Public

[ 2016-10-16T23:51:42+08:00 ] ::1 /sjswaimai/Public/picture/banner_95e5a9d.png
INFO: [ app_init ] --START--
INFO: Run Behavior\BuildLiteBehavior [ RunTime:0.000000s ]
INFO: [ app_init ] --END-- [ RunTime:0.001000s ]
ERR: 无法加载模块:Public

[ 2016-10-16T23:51:43+08:00 ] ::1 /sjswaimai/Public/picture/banner_95e5a9d.png
INFO: [ app_init ] --START--
INFO: Run Behavior\BuildLiteBehavior [ RunTime:0.000000s ]
INFO: [ app_init ] --END-- [ RunTime:0.001000s ]
ERR: 无法加载模块:Public

