<<<<<<< HEAD
[ 2016-10-18T09:09:04+08:00 ] ::1 /sjswaimai/Public//uni_armorwidget_wrapper.js
INFO: [ app_init ] --START--
INFO: Run Behavior\BuildLiteBehavior [ RunTime:0.000000s ]
INFO: [ app_init ] --END-- [ RunTime:0.002000s ]
ERR: 无法加载模块:Public

[ 2016-10-18T11:13:28+08:00 ] ::1 /sjswaimai/Public//uni_armorwidget_wrapper.js
INFO: [ app_init ] --START--
INFO: Run Behavior\BuildLiteBehavior [ RunTime:0.000000s ]
INFO: [ app_init ] --END-- [ RunTime:0.001000s ]
ERR: 无法加载模块:Public

[ 2016-10-18T11:13:28+08:00 ] ::1 /sjswaimai/Public//uni_armorwidget_wrapper.js
INFO: [ app_init ] --START--
INFO: Run Behavior\BuildLiteBehavior [ RunTime:0.000000s ]
INFO: [ app_init ] --END-- [ RunTime:0.001000s ]
ERR: 无法加载模块:Public

=======
[ 2016-10-18T10:50:06+08:00 ] ::1 /sjswaimai/index.php?a=Home&c=User&m=address
INFO: [ app_init ] --START--
INFO: Run Behavior\BuildLiteBehavior [ RunTime:0.000024s ]
INFO: [ app_init ] --END-- [ RunTime:0.000486s ]
ERR: 无法加载模块:Address

>>>>>>> 649602554f2fe7e95ab6b7dd7b1ac3e4b489a1b0
